<!DOCTYPE html>
<html><head><meta charset='utf-8'><title>Table Diff</title>
<style>
body {font-family:Arial, sans-serif; margin:0; padding:0;}
.container {display:flex; width:100%;}
.col {flex:1; padding:10px; box-sizing:border-box; overflow:auto;}
table {border-collapse:collapse; margin:10px 0; width:100%;}
th, td {border:1px solid #aaa; padding:4px 8px;}
h2 {margin-top:0;}
.testdetails td.module   {background:none;}
.testdetails th.module   {background:none;}
.testdetails td.testname {background:#d4e9a9;}
.testdetails td.failed   {background:#fa5858;}
.testdetails td.failuredetails {background:#d4e9a9;}
.testdetails th          {background:#a5c639 !important;}
.testdetails th.module   {background:none !important;}
.summary-header {background:#a5c639 !important;}
.summary-data {background:#d4e9a9;}
</style></head><body>
<div class='container'>
<div class='col'><h2>Realtek/flame_amati_34/flame_amati_34:14/UKRC.251128.001/672:user/release-keys</h2>
<table class='testdetails'><tr><th colspan="3" class="module" style="text-align:left;">armeabi-v7a CtsBluetoothTestCases</th></tr><tr><th>Test</th><th>Result</th><th>Details</th></tr><tr><td class="testname">android.bluetooth.cts.BluetoothLeScanTest#testScanFromSourceWithoutFilters</td><td class="failed">fail</td><td class="failuredetails">java.lang.AssertionError: scan results should not be empty</td></tr><tr><td class="testname">android.bluetooth.cts.BluetoothLeScanTest#testBasicBleScan</td><td class="failed">fail</td><td class="failuredetails">java.lang.AssertionError: Scan results shouldn't be empty</td></tr><tr><td class="testname">android.bluetooth.cts.BluetoothLeScanTest#testScanFromSourceWithFilters</td><td class="failed">fail</td><td class="failuredetails">java.lang.AssertionError: scan results should not be empty</td></tr><tr><td class="testname">android.bluetooth.cts.BluetoothLeScanTest#testScanFilter</td><td class="failed">fail</td><td class="failuredetails">java.lang.AssertionError: Scan results shouldn't be empty</td></tr></table>
<table class='testdetails'><tr><th colspan="3" class="module" style="text-align:left;">armeabi-v7a CtsPermissionTestCases[instant]</th></tr><tr><th>Test</th><th>Result</th><th>Details</th></tr><tr><td class="testname">android.permission.cts.NoSystemFunctionPermissionTest#testVibrator</td><td class="failed">fail</td><td class="failuredetails">junit.framework.AssertionFailedError: Vibrator.cancel() did not throw SecurityException as expected.</td></tr></table>
<table class='testdetails'><tr><th colspan="3" class="module" style="text-align:left;">armeabi-v7a CtsWindowManagerDeviceTestCases</th></tr><tr><th>Test</th><th>Result</th><th>Details</th></tr><tr><td class="testname">android.server.wm.ActivityTransitionTests#testActivityTransitionOverride</td><td class="failed">fail</td><td class="failuredetails">java.lang.AssertionError: Actual transition duration should be in the range &lt;1800, 3000&gt; ms, actual=1533</td></tr><tr><td class="module"></td><td></td><td></td></tr></table>
</div>
<div class='col'><h2>Realtek/flame_amati_34/flame_amati_34:14/UKRC.251124.001/667:user/release-keys</h2>
<table class='testdetails'><tr><th colspan="3" class="module" style="text-align:left;">armeabi-v7a CtsBluetoothTestCases</th></tr><tr><th>Test</th><th>Result</th><th>Details</th></tr><tr><td class="testname">android.bluetooth.cts.BluetoothLeScanTest#testScanFromSourceWithoutFilters</td><td class="failed">fail</td><td class="failuredetails">java.lang.AssertionError: scan results should not be empty</td></tr><tr><td class="testname">android.bluetooth.cts.BluetoothLeScanTest#testBasicBleScan</td><td class="failed">fail</td><td class="failuredetails">java.lang.AssertionError: Scan results shouldn't be empty</td></tr><tr><td class="testname">android.bluetooth.cts.BluetoothLeScanTest#testScanFromSourceWithFilters</td><td class="failed">fail</td><td class="failuredetails">java.lang.AssertionError: scan results should not be empty</td></tr><tr><td class="testname">android.bluetooth.cts.BluetoothLeScanTest#testScanFilter</td><td class="failed">fail</td><td class="failuredetails">java.lang.AssertionError: Scan results shouldn't be empty</td></tr></table>
<table class='testdetails'><tr><th colspan="3" class="module" style="text-align:left;">armeabi-v7a CtsKeystorePerformanceTestCases</th></tr><tr><th>Test</th><th>Result</th><th>Details</th></tr><tr><td class="testname">android.keystore.cts.performance.RsaSignaturePerformanceTest#testMD5withRSA</td><td class="failed">fail</td><td class="failuredetails">Detected device offline causing instrumentation error: Test run failed to complete. Expected 2 tests, received 0</td></tr></table>
<table class='testdetails'><tr><th colspan="3" class="module" style="text-align:left;">armeabi-v7a CtsMediaAudioTestCases</th></tr><tr><th>Test</th><th>Result</th><th>Details</th></tr><tr><td class="testname">android.media.audio.cts.AudioTrackSurroundTest#testPlayAC3Bytes</td><td class="failed">fail</td><td class="failuredetails">junit.framework.AssertionFailedError: expect many timestamps, got 0</td></tr><tr><td class="testname">android.media.audio.cts.AudioTrackSurroundTest#testPlayAC3Shorts</td><td class="failed">fail</td><td class="failuredetails">junit.framework.AssertionFailedError: expect many timestamps, got 0</td></tr></table>
<table class='testdetails'><tr><th colspan="3" class="module" style="text-align:left;">armeabi-v7a CtsMediaAudioTestCases[instant]</th></tr><tr><th>Test</th><th>Result</th><th>Details</th></tr><tr><td class="testname">android.media.audio.cts.AudioTrackSurroundTest#testPlayAC3Bytes</td><td class="failed">fail</td><td class="failuredetails">junit.framework.AssertionFailedError: expect many timestamps, got 0</td></tr><tr><td class="testname">android.media.audio.cts.AudioTrackSurroundTest#testPlayAC3Shorts</td><td class="failed">fail</td><td class="failuredetails">junit.framework.AssertionFailedError: expect many timestamps, got 0</td></tr></table>
<table class='testdetails'><tr><th colspan="3" class="module" style="text-align:left;">armeabi-v7a CtsPermissionTestCases</th></tr><tr><th>Test</th><th>Result</th><th>Details</th></tr><tr><td class="testname">android.permission.cts.NoSystemFunctionPermissionTest#testVibrator</td><td class="failed">fail</td><td class="failuredetails">junit.framework.AssertionFailedError: Vibrator.cancel() did not throw SecurityException as expected.</td></tr></table>
<table class='testdetails'><tr><th colspan="3" class="module" style="text-align:left;">armeabi-v7a CtsPermissionTestCases[instant]</th></tr><tr><th>Test</th><th>Result</th><th>Details</th></tr><tr><td class="testname">android.permission.cts.NoSystemFunctionPermissionTest#testVibrator</td><td class="failed">fail</td><td class="failuredetails">junit.framework.AssertionFailedError: Vibrator.cancel() did not throw SecurityException as expected.</td></tr></table>
<table class='testdetails'><tr><th colspan="3" class="module" style="text-align:left;">armeabi-v7a CtsWindowManagerDeviceTestCases</th></tr><tr><th>Test</th><th>Result</th><th>Details</th></tr><tr><td class="testname">android.server.wm.ActivityTransitionTests#testActivityTransitionOverride</td><td class="failed">fail</td><td class="failuredetails">java.lang.AssertionError: Actual transition duration should be in the range &lt;1800, 3000&gt; ms, actual=1516</td></tr></table>
</div>
</div></body></html>