<!DOCTYPE html>
<html><head><meta charset='utf-8'><title>Table Diff</title>
<style>
body {font-family:Arial, sans-serif; margin:0; padding:0;}
.container {display:flex; width:100%;}
.col {flex:1; padding:10px; box-sizing:border-box; overflow:auto;}
/* vertical divider between columns */
.col + .col {border-left:1px dashed #aaa;}

table {border-collapse:collapse; margin:10px 0; width:auto;}

th, td {border:1px solid #aaa; padding:4px 8px;}
h2 {margin-top:0.5em;}
.testdetails td.module   {background:none;}
.testdetails th.module   {background:none;}
.testdetails td.testname {background:#d4e9a9;}
.testdetails td.failed   {background:#fa5858; text-align:center; font-weight:bold;}
.testdetails td.failuredetails {background:#d4e9a9;}
.testdetails th          {background:#a5c639 !important;}
.testdetails th.module   {background:none !important;}
.summary-header {background:#a5c639 !important; border: solid 1px #aaa; text-align:left;}
    .summary-data {background:#d4e9a9; word-break:break-all; white-space:normal;}
    .summary td {max-width:490px; word-break:break-all; white-space:normal; overflow-wrap:anywhere;}

    

    .col + .col .summary {margin-left:0;}
    .summary-wrapper {display:flex; align-items:flex-start; gap:10px;}
    .col + .col .summary-wrapper {justify-content:flex-start;}
    .col + .col .left-summary {margin-left:0;}
    .col + .col .right-summary {visibility:hidden; width:0;}
    .summary-wrapper .right-summary {display:flex; flex-direction:column; gap:5px;}
    .cts-diff {background:orange; padding:4px; font-weight:bold; text-align:center; margin-top:12px;}
</style></head><body>
<div class='container'>
<div class='col'>
<h2>Realtek/flame_amati_34/flame_amati_34:14/UKRC.251128.001/672:user/release-keys</h2>
<div class='summary-wrapper'><div class='left-summary'><table class='summary'><tr><th class="summary-header">Summary</th><th class="summary-header"></th></tr><tr><td class="summary-data">Suite / Plan</td><td class="summary-data">CTS / cts</td></tr><tr><td class="summary-data">Suite / Build</td><td class="summary-data">14_r10 / 14270760</td></tr><tr><td class="summary-data">Host Info</td><td class="summary-data">Result/@start  rtksa2  (Linux - 6.2.0-39-generic)</td></tr><tr><td class="summary-data">Start time / End Time</td><td class="summary-data">Wed Dec 17 11:35:14 CST 2025 /  Wed Dec 17 11:42:42 CST 2025</td></tr><tr><td class="summary-data">Tests Passed</td><td class="summary-data">2220375</td></tr><tr><td class="summary-data">Tests Failed</td><td class="summary-data">6</td></tr><tr><td class="summary-data">Modules Done</td><td class="summary-data">848</td></tr><tr><td class="summary-data">Modules Total</td><td class="summary-data">848</td></tr><tr><td class="summary-data">Fingerprint</td><td class="summary-data">Realtek/flame_amati_34/flame_amati_34:14/UKRC.251128.001/672:user/release-keys</td></tr><tr><td class="summary-data">Security Patch</td><td class="summary-data">2025-12-01</td></tr><tr><td class="summary-data">Release (SDK)</td><td class="summary-data">14 (34)</td></tr><tr><td class="summary-data">ABIs</td><td class="summary-data">armeabi-v7a,armeabi</td></tr></table></div><div class='right-summary'><div class='cts-diff'>CTS Diff</div><div><table class='summary'><tr><th class='summary-header'>Same modules</th><td class='summary-data'>3</td></tr><tr><th class='summary-header'>Degrade modules</th><td class='summary-data' style='background:#fa5858;'>4</td></tr></table></div><div><table class='summary'><tr><th class='summary-header'>Same testnames</th><td class='summary-data'>6</td></tr><tr><th class='summary-header'>Degrade testnames</th><td class='summary-data' style='background:#fa5858;'>3</td></tr></table></div></div></div>
<table class='testdetails'><tr><th colspan="3" class="module" style="text-align:left;">armeabi-v7a CtsBluetoothTestCases</th></tr><tr><th>Test</th><th>Result</th><th>Details</th></tr><tr><td class="testname">android.bluetooth.cts.BluetoothLeScanTest#testScanFromSourceWithoutFilters</td><td class="failed">fail</td><td class="failuredetails">java.lang.AssertionError: scan results should not be empty</td></tr><tr><td class="testname">android.bluetooth.cts.BluetoothLeScanTest#testBasicBleScan</td><td class="failed">fail</td><td class="failuredetails">java.lang.AssertionError: Scan results shouldn't be empty</td></tr><tr><td class="testname">android.bluetooth.cts.BluetoothLeScanTest#testScanFromSourceWithFilters</td><td class="failed">fail</td><td class="failuredetails">java.lang.AssertionError: scan results should not be empty</td></tr><tr><td class="testname">android.bluetooth.cts.BluetoothLeScanTest#testScanFilter</td><td class="failed">fail</td><td class="failuredetails">java.lang.AssertionError: Scan results shouldn't be empty</td></tr></table>
<table class='testdetails'><tr><th colspan="3" class="module" style="text-align:left;">armeabi-v7a CtsPermissionTestCases[instant]</th></tr><tr><th>Test</th><th>Result</th><th>Details</th></tr><tr><td class="testname">android.permission.cts.NoSystemFunctionPermissionTest#testVibrator</td><td class="failed">fail</td><td class="failuredetails">junit.framework.AssertionFailedError: Vibrator.cancel() did not throw SecurityException as expected.</td></tr></table>
<table class='testdetails'><tr><th colspan="3" class="module" style="text-align:left;">armeabi-v7a CtsWindowManagerDeviceTestCases</th></tr><tr><th>Test</th><th>Result</th><th>Details</th></tr><tr><td class="testname">android.server.wm.ActivityTransitionTests#testActivityTransitionOverride</td><td class="failed">fail</td><td class="failuredetails">java.lang.AssertionError: Actual transition duration should be in the range &lt;1800, 3000&gt; ms, actual=1533</td></tr><tr><td class="module"></td><td></td><td></td></tr></table>
</div>
<div class='col'>
<h2>Realtek/flame_amati_34/flame_amati_34:14/UKRC.251124.001/667:user/release-keys</h2>
<div class='summary-wrapper'><div class='left-summary'><table class='summary'><tr><th class="summary-header">Summary</th><th class="summary-header"></th></tr><tr><td class="summary-data">Suite / Plan</td><td class="summary-data">CTS / cts</td></tr><tr><td class="summary-data">Suite / Build</td><td class="summary-data">14_r10 / 14270760</td></tr><tr><td class="summary-data">Host Info</td><td class="summary-data">Result/@start  rtksa2  (Linux - 6.2.0-39-generic)</td></tr><tr><td class="summary-data">Start time / End Time</td><td class="summary-data">Fri Dec 05 11:19:49 CST 2025 /  Fri Dec 05 12:15:44 CST 2025</td></tr><tr><td class="summary-data">Tests Passed</td><td class="summary-data">2220059</td></tr><tr><td class="summary-data">Tests Failed</td><td class="summary-data">12</td></tr><tr><td class="summary-data">Modules Done</td><td class="summary-data">847</td></tr><tr><td class="summary-data">Modules Total</td><td class="summary-data">848</td></tr><tr><td class="summary-data">Fingerprint</td><td class="summary-data">Realtek/flame_amati_34/flame_amati_34:14/UKRC.251124.001/667:user/release-keys</td></tr><tr><td class="summary-data">Security Patch</td><td class="summary-data">2025-12-01</td></tr><tr><td class="summary-data">Release (SDK)</td><td class="summary-data">14 (34)</td></tr><tr><td class="summary-data">ABIs</td><td class="summary-data">armeabi-v7a,armeabi</td></tr></table></div><div class='right-summary' style='visibility:hidden;'><table class='summary'><tr><th class='summary-header'>Same modules</th><td class='summary-data'>3</td></tr><tr><th class='summary-header'>Degrade modules</th><td class='summary-data' style='background:#fa5858;'>4</td></tr></table><table class='summary'><tr><th class='summary-header'>Same testnames</th><td class='summary-data'>6</td></tr><tr><th class='summary-header'>Degrade testnames</th><td class='summary-data' style='background:#fa5858;'>3</td></tr></table></div></div>
<table class='testdetails'><tr><th colspan="3" class="module" style="text-align:left;">armeabi-v7a CtsBluetoothTestCases</th></tr><tr><th>Test</th><th>Result</th><th>Details</th></tr><tr><td class="testname">android.bluetooth.cts.BluetoothLeScanTest#testScanFromSourceWithoutFilters</td><td class="failed">fail</td><td class="failuredetails">java.lang.AssertionError: scan results should not be empty</td></tr><tr><td class="testname">android.bluetooth.cts.BluetoothLeScanTest#testBasicBleScan</td><td class="failed">fail</td><td class="failuredetails">java.lang.AssertionError: Scan results shouldn't be empty</td></tr><tr><td class="testname">android.bluetooth.cts.BluetoothLeScanTest#testScanFromSourceWithFilters</td><td class="failed">fail</td><td class="failuredetails">java.lang.AssertionError: scan results should not be empty</td></tr><tr><td class="testname">android.bluetooth.cts.BluetoothLeScanTest#testScanFilter</td><td class="failed">fail</td><td class="failuredetails">java.lang.AssertionError: Scan results shouldn't be empty</td></tr></table>
<table class='testdetails'><tr><th colspan="3" class="module" style="text-align:left;">armeabi-v7a CtsKeystorePerformanceTestCases</th></tr><tr><th>Test</th><th>Result</th><th>Details</th></tr><tr><td class="testname">android.keystore.cts.performance.RsaSignaturePerformanceTest#testMD5withRSA</td><td class="failed">fail</td><td class="failuredetails">Detected device offline causing instrumentation error: Test run failed to complete. Expected 2 tests, received 0</td></tr></table>
<table class='testdetails'><tr><th colspan="3" class="module" style="text-align:left;">armeabi-v7a CtsMediaAudioTestCases</th></tr><tr><th>Test</th><th>Result</th><th>Details</th></tr><tr><td class="testname">android.media.audio.cts.AudioTrackSurroundTest#testPlayAC3Bytes</td><td class="failed">fail</td><td class="failuredetails">junit.framework.AssertionFailedError: expect many timestamps, got 0</td></tr><tr><td class="testname">android.media.audio.cts.AudioTrackSurroundTest#testPlayAC3Shorts</td><td class="failed">fail</td><td class="failuredetails">junit.framework.AssertionFailedError: expect many timestamps, got 0</td></tr></table>
<table class='testdetails'><tr><th colspan="3" class="module" style="text-align:left;">armeabi-v7a CtsMediaAudioTestCases[instant]</th></tr><tr><th>Test</th><th>Result</th><th>Details</th></tr><tr><td class="testname">android.media.audio.cts.AudioTrackSurroundTest#testPlayAC3Bytes</td><td class="failed">fail</td><td class="failuredetails">junit.framework.AssertionFailedError: expect many timestamps, got 0</td></tr><tr><td class="testname">android.media.audio.cts.AudioTrackSurroundTest#testPlayAC3Shorts</td><td class="failed">fail</td><td class="failuredetails">junit.framework.AssertionFailedError: expect many timestamps, got 0</td></tr></table>
<table class='testdetails'><tr><th colspan="3" class="module" style="text-align:left;">armeabi-v7a CtsPermissionTestCases</th></tr><tr><th>Test</th><th>Result</th><th>Details</th></tr><tr><td class="testname">android.permission.cts.NoSystemFunctionPermissionTest#testVibrator</td><td class="failed">fail</td><td class="failuredetails">junit.framework.AssertionFailedError: Vibrator.cancel() did not throw SecurityException as expected.</td></tr></table>
<table class='testdetails'><tr><th colspan="3" class="module" style="text-align:left;">armeabi-v7a CtsPermissionTestCases[instant]</th></tr><tr><th>Test</th><th>Result</th><th>Details</th></tr><tr><td class="testname">android.permission.cts.NoSystemFunctionPermissionTest#testVibrator</td><td class="failed">fail</td><td class="failuredetails">junit.framework.AssertionFailedError: Vibrator.cancel() did not throw SecurityException as expected.</td></tr></table>
<table class='testdetails'><tr><th colspan="3" class="module" style="text-align:left;">armeabi-v7a CtsWindowManagerDeviceTestCases</th></tr><tr><th>Test</th><th>Result</th><th>Details</th></tr><tr><td class="testname">android.server.wm.ActivityTransitionTests#testActivityTransitionOverride</td><td class="failed">fail</td><td class="failuredetails">java.lang.AssertionError: Actual transition duration should be in the range &lt;1800, 3000&gt; ms, actual=1516</td></tr></table>
</div>
</div></body></html>