<!DOCTYPE html>
<html><head><meta charset='utf-8'><title>Table Diff</title><base target="_blank">
<style>
/*added for single column layout*/
.single-col {flex:0 0 72%; max-width:72%; padding:10px; box-sizing:border-box; overflow-y:auto; overflow-x:hidden; min-width:0; margin:0 auto;}
.single-col h2 {margin-left:auto; margin-right:auto; text-align:center;}
.filepath {margin-top:0.2em; margin-bottom:0.5em; text-align:center; font-size:0.96em; color:#555; word-break:break-all; overflow-wrap:anywhere;}
.single-col .summary, .single-col .testdetails, .single-col .incompletemodules {margin-left:auto; margin-right:auto; text-align:left;}

.single-col .summary th, .single-col .summary td {text-align:left;}
.failuredetails {white-space:normal; word-break:break-all;}

body {font-family:Arial, sans-serif; margin:0; padding:0;}
.container {display:flex; flex-wrap:wrap; width:100%; overflow-x:auto;}
 .col {flex:0 0 50%; max-width:50%; padding:10px; box-sizing:border-box; overflow-y:auto; overflow-x:hidden; min-width:0;}
.col + .col {border-left:1px dashed #aaa;}
/* vertical divider between columns */

table {border-collapse:collapse; margin:10px 0; width:100%;}
/* make cells wrap content */
.testdetails td {white-space:normal; word-break:break-all;}

th, td {border:1px solid #aaa; padding:4px 8px;}
h2 {margin-top:0.5em;}
.testdetails td.module   {background:none;}
.testdetails th.module   {background:none;}
.testdetails td.testname {background:#d4e9a9;}
.testdetails td.failed   {background:#fa5858; text-align:center; font-weight:bold;}
.testdetails td.failuredetails {background:#d4e9a9;}
.testdetails th          {background:#a5c639 !important;}
.testdetails th.module   {background:none !important;}
    .summary-header {background:#a5c639 !important; border: solid 1px #aaa; text-align:left;}
    .summary-data {background:#d4e9a9; word-break:break-all; white-space:normal;}
    .summary td {max-width:490px; word-break:break-all; white-space:normal; overflow-wrap:anywhere;}

    /* Horizontal divider with centered label */
    .horizontal-divider {border-top:1px dashed #aaa; margin:-0.25em 0 12px 0; position:relative; text-align:center; width:calc(200% + 20px); left:-50%; margin-left:-10px; margin-right:-10px;}
    .horizontal-divider span {background:#fff; padding:0 8px; position:relative; top:-0.6em; font-weight:bold; font-size:1.3em;}

        .col + .col .summary {margin-left:0;}
    .summary-wrapper {display:flex; align-items:flex-start; gap:10px; margin-top:-0.5em;}
    .col + .col .summary-wrapper {justify-content:flex-start;}
    .col + .col .left-summary {margin-left:0;}
    .col + .col .right-summary {visibility:visible; width:auto;}
    .summary-wrapper .right-summary {display:flex; flex-direction:column; gap:5px;}
    .col .left-summary {margin-left:0; margin-right:0;}
    .col .right-summary {margin-left:0;}
    .summary-wrapper .left-summary, .summary-wrapper .right-summary {margin:0; padding:0;}
    .col:first-child .summary-wrapper .left-summary {transform: translateX(58px);}
    .col + .col .summary-wrapper .right-summary {transform: translateX(-56px) !important;}
    /*.col:first-child .summary-wrapper .right-summary {margin-left:-10px !important;}*/
    .cts-diff {background:orange; padding:4px; font-weight:bold; text-align:center; margin-top:12px; width:250px;}
    .degrade-modules {color:#b22222;background:none;font-size:0.9em;}
    .chart {margin-top:-0.5em;}
    .col .chart {margin-top:-0.3em;}
    /*.single-col .chart {margin-top:0.2em;}*/
    .suspicious-label {color:black;font-weight:bold;background:none;}
    /*.single-col .degrade-modules {margin-top:0.5em;}*/
    .col .degrade-modules {margin-top:0.5em;}
    /* Align file path with title in double‑column mode */
    .col .filepath {text-align:left; margin-left:0;}

</style></head><body>
<div class='container'>
<div class='col'>
<h2>Smarttech/Smarttech_4K_RTV5/ashfield:14/UKRC.260109.002/875:user/release-keys</h2>
<div class='filepath'><a href='http://10.22.193.246/AATS_XTS_REPORTS/Merlin8_lightning/DB2145/20260118_875/cts/2026.01.20_14.22.00/test_result_failures_suite.html'>http://10.22.193.246/AATS_XTS_REPORTS/Merlin8_lightning/DB2145/20260118_875/cts/2026.01.20_14.22.00/test_result_failures_suite.html</a></div>
<br><div class='horizontal-divider'><span>CTS / cts</span></div><div class='summary-wrapper'><div class='left-summary'><table class='summary'><tr><th class="summary-header">Summary</th><th class="summary-header"></th></tr><tr><td class="summary-data">Suite / Plan</td><td class="summary-data">CTS / cts</td></tr><tr><td class="summary-data">Suite / Build</td><td class="summary-data">14_r10 / 14270760</td></tr><tr><td class="summary-data">Host Info</td><td class="summary-data">Result/@start  rtksa2  (Linux - 6.2.0-39-generic)</td></tr><tr><td class="summary-data">Start time / End Time</td><td class="summary-data">Tue Jan 20 14:22:00 CST 2026 /  Tue Jan 20 14:31:11 CST 2026</td></tr><tr><td class="summary-data">Tests Passed</td><td class="summary-data">2221629</td></tr><tr><td class="summary-data">Tests Failed</td><td class="summary-data">10</td></tr><tr><td class="summary-data">Modules Done</td><td class="summary-data">847</td></tr><tr><td class="summary-data">Modules Total</td><td class="summary-data">848</td></tr><tr><td class="summary-data">Fingerprint</td><td class="summary-data">Smarttech/Smarttech_4K_RTV5/ashfield:14/UKRC.260109.002/875:user/release-keys</td></tr><tr><td class="summary-data">Security Patch</td><td class="summary-data">2026-01-01</td></tr><tr><td class="summary-data">Release (SDK)</td><td class="summary-data">14 (34)</td></tr><tr><td class="summary-data">ABIs</td><td class="summary-data">armeabi-v7a,armeabi</td></tr></table></div><div class='right-summary' style='margin-left:auto;'><div class='cts-diff'>v875 Vs v866 Diff</div><div class='chart'><canvas id='moduleChart_CTS___cts_875_866_1' width='250' height='250' style='width:250px;height:250px;'></canvas></div><script src='https://cdn.jsdelivr.net/npm/chart.js'></script><script>var ctx=document.getElementById('moduleChart_CTS___cts_875_866_1').getContext('2d');new Chart(ctx,{type:'pie',data:{labels:['Same modules (3)','Suspicious modules (3)'],datasets:[{data:[3,3],backgroundColor:['#4caf50','#f44336']}]} ,options:{responsive:false,maintainAspectRatio:false}});</script></div></div>
<table class='testdetails'><tr><th colspan="3" class="module" style="text-align:left;">armeabi-v7a CtsDeqpTestCases</th></tr><tr><th>Test</th><th>Result</th><th>Details</th></tr><tr><td class="testname">dEQP-GLES31.functional.draw_indirect.compute_interop.large#drawarrays_separate_grid_1500x1500_drawcount_8</td><td class="failed">fail</td><td class="failuredetails">=== with config {glformat=rgba8888d24s8ms0,rotation=unspecified,surfacetype=window,required=true} ===</td></tr><tr><td class="testname">dEQP-GLES31.functional.draw_indirect.compute_interop.large#drawarrays_combined_grid_1500x1500_drawcount_1</td><td class="failed">fail</td><td class="failuredetails">=== with config {glformat=rgba8888d24s8ms0,rotation=unspecified,surfacetype=window,required=true} ===</td></tr><tr><td class="testname">dEQP-GLES31.functional.draw_indirect.compute_interop.large#drawarrays_combined_grid_1500x1500_drawcount_8</td><td class="failed">fail</td><td class="failuredetails">=== with config {glformat=rgba8888d24s8ms0,rotation=unspecified,surfacetype=window,required=true} ===</td></tr></table>
<table class='testdetails'><tr><th colspan="3" class="module" style="text-align:left;">armeabi-v7a CtsPermissionTestCases</th></tr><tr><th>Test</th><th>Result</th><th>Details</th></tr><tr><td class="testname">android.permission.cts.NoSystemFunctionPermissionTest#testVibrator</td><td class="failed">fail</td><td class="failuredetails">junit.framework.AssertionFailedError: Vibrator.cancel() did not throw SecurityException as expected.</td></tr></table>
<table class='testdetails'><tr><th colspan="3" class="module" style="text-align:left;">armeabi-v7a CtsPermissionTestCases[instant]</th></tr><tr><th>Test</th><th>Result</th><th>Details</th></tr><tr><td class="testname">android.permission.cts.NoSystemFunctionPermissionTest#testVibrator</td><td class="failed">fail</td><td class="failuredetails">junit.framework.AssertionFailedError: Vibrator.cancel() did not throw SecurityException as expected.</td></tr></table>
<table class='testdetails'><tr><th colspan="3" class="module" style="text-align:left;">armeabi-v7a CtsStagedInstallHostTestCases</th></tr><tr><th>Test</th><th>Result</th><th>Details</th></tr><tr><td class="testname">com.android.tests.stagedinstall.host.StagedInstallTest#testStageApkWithSameNameAsApexShouldFail</td><td class="failed">fail</td><td class="failuredetails">MultipleFailureException, There were 2 errors:</td></tr></table>
<table class='testdetails'><tr><th colspan="3" class="module" style="text-align:left;">armeabi-v7a CtsWifiTestCases</th></tr><tr><th>Test</th><th>Result</th><th>Details</th></tr><tr><td class="testname">android.net.wifi.cts.WifiManagerTest#testIsStaApConcurrencySupported</td><td class="failed">fail</td><td class="failuredetails">junit.framework.AssertionFailedError</td></tr><tr><td class="testname">android.net.wifi.cts.WifiManagerTest#testStartLocalOnlyHotspotSingleRequestByApps</td><td class="failed">fail</td><td class="failuredetails">junit.framework.AssertionFailedError</td></tr><tr><td class="testname">android.net.wifi.cts.WifiManagerTest#testStartLocalOnlyHotspotSuccess</td><td class="failed">fail</td><td class="failuredetails">junit.framework.AssertionFailedError</td></tr></table>
<table class='testdetails'><tr><th colspan="3" class="module" style="text-align:left;">armeabi-v7a CtsWindowManagerDeviceTestCases</th></tr><tr><th>Test</th><th>Result</th><th>Details</th></tr><tr><td class="testname">android.server.wm.ActivityTransitionTests#testActivityTransitionOverride</td><td class="failed">fail</td><td class="failuredetails">java.lang.AssertionError: Actual transition duration should be in the range &lt;1800, 3000&gt; ms, actual=1523</td></tr></table>
<table class='incompletemodules' style='width:auto;'><tr><th colspan='3' class='module' style='text-align:left;background:#a5c639 !important;color:black;font-weight:bold;'>Incomplete Modules</th></tr><tr><td colspan='3' class='module' style='background:#d4e9a9;color:black;'>armeabi-v7a CtsStagedInstallHostTestCases</td></tr></table>
</div>
<div class='col'>
<h2>Smarttech/Smarttech_4K_RTV5/ashfield:14/UKRC.260102.001/866:user/release-keys</h2>
<div class='filepath'><a href='http://10.22.193.246/AATS_XTS_REPORTS/Merlin8_lightning/DB2145/20260112_866/cts/2026.01.15_21.49.22/test_result_failures_suite.html'>http://10.22.193.246/AATS_XTS_REPORTS/Merlin8_lightning/DB2145/20260112_866/cts/2026.01.15_21.49.22/test_result_failures_suite.html</a></div>
<br><div class='horizontal-divider'><span>CTS / cts</span></div><div class='summary-wrapper'><div class='left-summary'><div class='cts-diff'>v875 Vs v866 Diff</div><div class='degrade-modules' style='margin-top:0.5em;'><span class='suspicious-label'>Same modules:</span><br>CtsPermissionTestCases<br>CtsPermissionTestCases[instant]<br>CtsWindowManagerDeviceTestCases</div><div class='degrade-modules'><span class='suspicious-label'>Suspicious modules:</span><br>CtsDeqpTestCases<br>CtsStagedInstallHostTestCases<br>CtsWifiTestCases</div></div><div class='right-summary' style='margin-left:auto;'><table class='summary'><tr><th class="summary-header">Summary</th><th class="summary-header"></th></tr><tr><td class="summary-data">Suite / Plan</td><td class="summary-data">CTS / cts</td></tr><tr><td class="summary-data">Suite / Build</td><td class="summary-data">14_r10 / 14270760</td></tr><tr><td class="summary-data">Host Info</td><td class="summary-data">Result/@start  rtksa2  (Linux - 6.2.0-39-generic)</td></tr><tr><td class="summary-data">Start time / End Time</td><td class="summary-data">Thu Jan 15 21:49:22 CST 2026 /  Thu Jan 15 21:58:05 CST 2026</td></tr><tr><td class="summary-data">Tests Passed</td><td class="summary-data">2221802</td></tr><tr><td class="summary-data">Tests Failed</td><td class="summary-data">8</td></tr><tr><td class="summary-data">Modules Done</td><td class="summary-data">846</td></tr><tr><td class="summary-data">Modules Total</td><td class="summary-data">848</td></tr><tr><td class="summary-data">Fingerprint</td><td class="summary-data">Smarttech/Smarttech_4K_RTV5/ashfield:14/UKRC.260102.001/866:user/release-keys</td></tr><tr><td class="summary-data">Security Patch</td><td class="summary-data">2025-12-01</td></tr><tr><td class="summary-data">Release (SDK)</td><td class="summary-data">14 (34)</td></tr><tr><td class="summary-data">ABIs</td><td class="summary-data">armeabi-v7a,armeabi</td></tr></table></div></div>
<table class='testdetails'><tr><th colspan="3" class="module" style="text-align:left;">armeabi-v7a CtsDevicePolicyManagerTestCases</th></tr><tr><th>Test</th><th>Result</th><th>Details</th></tr><tr><td class="testname">com.android.cts.devicepolicy.DeviceOwnerTest#testAdminActionBookkeeping</td><td class="failed">fail</td><td class="failuredetails">java.lang.AssertionError: Failed to set device owner on user 0</td></tr></table>
<table class='testdetails'><tr><th colspan="3" class="module" style="text-align:left;">armeabi-v7a CtsHdmiCecHostTestCases</th></tr><tr><th>Test</th><th>Result</th><th>Details</th></tr><tr><td class="testname">android.hdmicec.cts.common.HdmiCecSystemAudioControlTest#cect_GiveSystemAudioModeStatus</td><td class="failed">fail</td><td class="failuredetails">android.hdmicec.cts.error.CecClientWrapperException: Could not find CEC message GIVE_SYSTEM_AUDIO_MODE_STATUS</td></tr><tr><td class="testname">android.hdmicec.cts.common.HdmiCecSystemAudioControlTest#cect_MuteUserControlPressedWhenSystemAudioControlOn</td><td class="failed">fail</td><td class="failuredetails">android.hdmicec.cts.error.CecClientWrapperException: Could not find CEC message USER_CONTROL_PRESSED</td></tr><tr><td class="testname">android.hdmicec.cts.tv.HdmiCecAbsoluteVolumeControlFollowerTest#testSystemAudioModeOff_updatesVolume</td><td class="failed">fail</td><td class="failuredetails">android.hdmicec.cts.error.CecClientWrapperException: Could not find CEC message SYSTEM_AUDIO_MODE_STATUS</td></tr></table>
<table class='testdetails'><tr><th colspan="3" class="module" style="text-align:left;">armeabi-v7a CtsNativeMediaAAudioTestCases</th></tr><tr><th>Test</th><th>Result</th><th>Details</th></tr><tr><td class="testname">android.nativemedia.aaudio.AAudioTests#CommonComb_AAudioStreamBuilderCommonCombinationTest_openStream_INPUT_SHARED_DEFAULT_sampleRate_0_format_0x0_channelMask_0x1</td><td class="failed">fail</td><td class="failuredetails">java.lang.AssertionError:</td></tr></table>
<table class='testdetails'><tr><th colspan="3" class="module" style="text-align:left;">armeabi-v7a CtsPermissionTestCases</th></tr><tr><th>Test</th><th>Result</th><th>Details</th></tr><tr><td class="testname">android.permission.cts.NoSystemFunctionPermissionTest#testVibrator</td><td class="failed">fail</td><td class="failuredetails">junit.framework.AssertionFailedError: Vibrator.cancel() did not throw SecurityException as expected.</td></tr></table>
<table class='testdetails'><tr><th colspan="3" class="module" style="text-align:left;">armeabi-v7a CtsPermissionTestCases[instant]</th></tr><tr><th>Test</th><th>Result</th><th>Details</th></tr><tr><td class="testname">android.permission.cts.NoSystemFunctionPermissionTest#testVibrator</td><td class="failed">fail</td><td class="failuredetails">junit.framework.AssertionFailedError: Vibrator.cancel() did not throw SecurityException as expected.</td></tr></table>
<table class='testdetails'><tr><th colspan="3" class="module" style="text-align:left;">armeabi-v7a CtsWindowManagerDeviceTestCases</th></tr><tr><th>Test</th><th>Result</th><th>Details</th></tr><tr><td class="testname">android.server.wm.ActivityTransitionTests#testActivityTransitionOverride</td><td class="failed">fail</td><td class="failuredetails">java.lang.AssertionError: Actual transition duration should be in the range &lt;1800, 3000&gt; ms, actual=1516</td></tr></table>
<table class='incompletemodules' style='width:auto;'><tr><th colspan='3' class='module' style='text-align:left;background:#a5c639 !important;color:black;font-weight:bold;'>Incomplete Modules</th></tr><tr><td colspan='3' class='module' style='background:#d4e9a9;color:black;'>armeabi-v7a CtsMediaProviderTranscodeTests</td></tr><tr><td colspan='3' class='module' style='background:#d4e9a9;color:black;'>armeabi-v7a CtsNNAPITestCases</td></tr></table>
</div>
<div class='container'>
<div class='col'>
<h2>Smarttech/Smarttech_4K_RTV5/ashfield:14/UKRC.260109.002/875:user/release-keys</h2>
<div class='filepath'><a href='http://10.22.193.246/AATS_XTS_REPORTS/Merlin8_lightning/DB2145/20260118_875/ctsongsi/2026.01.20_20.37.16/test_result_failures_suite.html'>http://10.22.193.246/AATS_XTS_REPORTS/Merlin8_lightning/DB2145/20260118_875/ctsongsi/2026.01.20_20.37.16/test_result_failures_suite.html</a></div>
<br><div class='horizontal-divider'><span>CTS / cts-on-gsi</span></div><div class='summary-wrapper'><div class='left-summary'><table class='summary'><tr><th class="summary-header">Summary</th><th class="summary-header"></th></tr><tr><td class="summary-data">Suite / Plan</td><td class="summary-data">CTS / cts-on-gsi</td></tr><tr><td class="summary-data">Suite / Build</td><td class="summary-data">14_r10 / 14270760</td></tr><tr><td class="summary-data">Host Info</td><td class="summary-data">Result/@start  rtksa2  (Linux - 6.2.0-39-generic)</td></tr><tr><td class="summary-data">Start time / End Time</td><td class="summary-data">Tue Jan 20 20:37:16 CST 2026 /  Tue Jan 20 20:42:11 CST 2026</td></tr><tr><td class="summary-data">Tests Passed</td><td class="summary-data">184624</td></tr><tr><td class="summary-data">Tests Failed</td><td class="summary-data">4</td></tr><tr><td class="summary-data">Modules Done</td><td class="summary-data">417</td></tr><tr><td class="summary-data">Modules Total</td><td class="summary-data">417</td></tr><tr><td class="summary-data">Fingerprint</td><td class="summary-data">Smarttech/Smarttech_4K_RTV5/ashfield:14/UKRC.260109.002/875:user/release-keys</td></tr><tr><td class="summary-data">Security Patch</td><td class="summary-data">2025-11-01</td></tr><tr><td class="summary-data">Release (SDK)</td><td class="summary-data">14 (34)</td></tr><tr><td class="summary-data">ABIs</td><td class="summary-data">armeabi-v7a,armeabi</td></tr></table></div><div class='right-summary' style='margin-left:auto;'><div class='cts-diff'>v875 Vs v866 Diff</div><div class='chart'><canvas id='moduleChart_CTS___cts-on-gsi_875_866_2' width='250' height='250' style='width:250px;height:250px;'></canvas></div><script src='https://cdn.jsdelivr.net/npm/chart.js'></script><script>var ctx=document.getElementById('moduleChart_CTS___cts-on-gsi_875_866_2').getContext('2d');new Chart(ctx,{type:'pie',data:{labels:['Same modules (1)','Suspicious modules (1)'],datasets:[{data:[1,1],backgroundColor:['#4caf50','#f44336']}]} ,options:{responsive:false,maintainAspectRatio:false}});</script></div></div>
<table class='testdetails'><tr><th colspan="3" class="module" style="text-align:left;">armeabi-v7a CtsPermissionTestCases</th></tr><tr><th>Test</th><th>Result</th><th>Details</th></tr><tr><td class="testname">android.permission.cts.NoSystemFunctionPermissionTest#testVibrator</td><td class="failed">fail</td><td class="failuredetails">junit.framework.AssertionFailedError: Vibrator.cancel() did not throw SecurityException as expected.</td></tr></table>
<table class='testdetails'><tr><th colspan="3" class="module" style="text-align:left;">armeabi-v7a CtsWifiTestCases</th></tr><tr><th>Test</th><th>Result</th><th>Details</th></tr><tr><td class="testname">android.net.wifi.cts.WifiManagerTest#testIsStaApConcurrencySupported</td><td class="failed">fail</td><td class="failuredetails">junit.framework.AssertionFailedError</td></tr><tr><td class="testname">android.net.wifi.cts.WifiManagerTest#testStartLocalOnlyHotspotSingleRequestByApps</td><td class="failed">fail</td><td class="failuredetails">junit.framework.AssertionFailedError</td></tr><tr><td class="testname">android.net.wifi.cts.WifiManagerTest#testStartLocalOnlyHotspotSuccess</td><td class="failed">fail</td><td class="failuredetails">junit.framework.AssertionFailedError</td></tr></table>
</div>
<div class='col'>
<h2>Smarttech/Smarttech_4K_RTV5/ashfield:14/UKRC.260102.001/866:user/release-keys</h2>
<div class='filepath'><a href='http://10.22.193.246/AATS_XTS_REPORTS/Merlin8_lightning/DB2145/20260112_866/ctsongsi/2026.01.13_10.50.52/test_result_failures_suite.html'>http://10.22.193.246/AATS_XTS_REPORTS/Merlin8_lightning/DB2145/20260112_866/ctsongsi/2026.01.13_10.50.52/test_result_failures_suite.html</a></div>
<br><div class='horizontal-divider'><span>CTS / cts-on-gsi</span></div><div class='summary-wrapper'><div class='left-summary'><div class='cts-diff'>v875 Vs v866 Diff</div><div class='degrade-modules' style='margin-top:0.5em;'><span class='suspicious-label'>Same modules:</span><br>CtsPermissionTestCases</div><div class='degrade-modules'><span class='suspicious-label'>Suspicious modules:</span><br>CtsWifiTestCases</div></div><div class='right-summary' style='margin-left:auto;'><table class='summary'><tr><th class="summary-header">Summary</th><th class="summary-header"></th></tr><tr><td class="summary-data">Suite / Plan</td><td class="summary-data">CTS / cts-on-gsi</td></tr><tr><td class="summary-data">Suite / Build</td><td class="summary-data">14_r10 / 14270760</td></tr><tr><td class="summary-data">Host Info</td><td class="summary-data">Result/@start  rtksa2  (Linux - 6.2.0-39-generic)</td></tr><tr><td class="summary-data">Start time / End Time</td><td class="summary-data">Tue Jan 13 10:50:52 CST 2026 /  Tue Jan 13 10:53:48 CST 2026</td></tr><tr><td class="summary-data">Tests Passed</td><td class="summary-data">185531</td></tr><tr><td class="summary-data">Tests Failed</td><td class="summary-data">2</td></tr><tr><td class="summary-data">Modules Done</td><td class="summary-data">417</td></tr><tr><td class="summary-data">Modules Total</td><td class="summary-data">417</td></tr><tr><td class="summary-data">Fingerprint</td><td class="summary-data">Smarttech/Smarttech_4K_RTV5/ashfield:14/UKRC.260102.001/866:user/release-keys</td></tr><tr><td class="summary-data">Security Patch</td><td class="summary-data">2025-11-01</td></tr><tr><td class="summary-data">Release (SDK)</td><td class="summary-data">14 (34)</td></tr><tr><td class="summary-data">ABIs</td><td class="summary-data">armeabi-v7a,armeabi</td></tr></table></div></div>
<table class='testdetails'><tr><th colspan="3" class="module" style="text-align:left;">armeabi-v7a CtsPermissionTestCases</th></tr><tr><th>Test</th><th>Result</th><th>Details</th></tr><tr><td class="testname">android.permission.cts.NoSystemFunctionPermissionTest#testVibrator</td><td class="failed">fail</td><td class="failuredetails">junit.framework.AssertionFailedError: Vibrator.cancel() did not throw SecurityException as expected.</td></tr></table>
<table class='testdetails'><tr><th colspan="3" class="module" style="text-align:left;">armeabi-v7a CtsSecurityHostTestCases</th></tr><tr><th>Test</th><th>Result</th><th>Details</th></tr><tr><td class="testname">android.security.cts.SELinuxHostTest#testNoBugreportDenials</td><td class="failed">fail</td><td class="failuredetails">java.lang.AssertionError: Found illegal SELinux denial(s): avc:  denied  { read } for  name="u:object_r:default_prop:s0" dev="tmpfs" ino=157 scontext=u:r:hal_dumpstate_default:s0 tcontext=u:object_r:default_prop:s0 tclass=file permissive=0</td></tr></table>
</div>
<div class='container'>
<div class='col'>
<h2>Smarttech/Smarttech_4K_RTV5/ashfield:14/UKRC.260109.002/875:userdebug/test-keys</h2>
<div class='filepath'><a href='http://10.22.193.246/AATS_XTS_REPORTS/Merlin8_lightning/DB2145/20260118_875/gts/2026.01.18_05.38.11/test_result_failures_suite.html'>http://10.22.193.246/AATS_XTS_REPORTS/Merlin8_lightning/DB2145/20260118_875/gts/2026.01.18_05.38.11/test_result_failures_suite.html</a></div>
<br><div class='horizontal-divider'><span>GTS / gts</span></div><div class='summary-wrapper'><div class='left-summary'><table class='summary'><tr><th class="summary-header">Summary</th><th class="summary-header"></th></tr><tr><td class="summary-data">Suite / Plan</td><td class="summary-data">GTS / gts</td></tr><tr><td class="summary-data">Suite / Build</td><td class="summary-data">13.1_r1 / 14373446</td></tr><tr><td class="summary-data">Host Info</td><td class="summary-data">Result/@start  rtksa2  (Linux - 6.2.0-39-generic)</td></tr><tr><td class="summary-data">Start time / End Time</td><td class="summary-data">Sun Jan 18 05:38:14 CST 2026 /  Sun Jan 18 05:45:20 CST 2026</td></tr><tr><td class="summary-data">Tests Passed</td><td class="summary-data">1503</td></tr><tr><td class="summary-data">Tests Failed</td><td class="summary-data">0</td></tr><tr><td class="summary-data">Modules Done</td><td class="summary-data">173</td></tr><tr><td class="summary-data">Modules Total</td><td class="summary-data">173</td></tr><tr><td class="summary-data">Fingerprint</td><td class="summary-data">Smarttech/Smarttech_4K_RTV5/ashfield:14/UKRC.260109.002/875:userdebug/test-keys</td></tr><tr><td class="summary-data">Security Patch</td><td class="summary-data">2026-01-01</td></tr><tr><td class="summary-data">Release (SDK)</td><td class="summary-data">14 (34)</td></tr><tr><td class="summary-data">ABIs</td><td class="summary-data">armeabi-v7a,armeabi</td></tr></table></div><div class='right-summary' style='margin-left:auto;'><div class='cts-diff'>v875 Vs v866 Diff</div><div class='chart'><canvas id='moduleChart_GTS___gts_875_866_3' width='250' height='250' style='width:250px;height:250px;'></canvas></div><script src='https://cdn.jsdelivr.net/npm/chart.js'></script><script>var ctx=document.getElementById('moduleChart_GTS___gts_875_866_3').getContext('2d');new Chart(ctx,{type:'pie',data:{labels:['Same modules (0)','Suspicious modules (0)'],datasets:[{data:[0,0],backgroundColor:['#4caf50','#f44336']}]} ,options:{responsive:false,maintainAspectRatio:false}});</script></div></div>
</div>
<div class='col'>
<h2>Smarttech/Smarttech_4K_RTV5/ashfield:14/UKRC.260102.001/866:user/release-keys</h2>
<div class='filepath'><a href='http://10.22.193.246/AATS_XTS_REPORTS/Merlin8_lightning/DB2145/20260112_866/gts/2026.01.09_20.50.57/test_result_failures_suite.html'>http://10.22.193.246/AATS_XTS_REPORTS/Merlin8_lightning/DB2145/20260112_866/gts/2026.01.09_20.50.57/test_result_failures_suite.html</a></div>
<br><div class='horizontal-divider'><span>GTS / gts</span></div><div class='summary-wrapper'><div class='left-summary'><div class='cts-diff'>v875 Vs v866 Diff</div><div class='degrade-modules' style='margin-top:0.5em;'><span class='suspicious-label'>Same modules:</span><br></div><div class='degrade-modules'><span class='suspicious-label'>Suspicious modules:</span><br></div></div><div class='right-summary' style='margin-left:auto;'><table class='summary'><tr><th class="summary-header">Summary</th><th class="summary-header"></th></tr><tr><td class="summary-data">Suite / Plan</td><td class="summary-data">GTS / gts</td></tr><tr><td class="summary-data">Suite / Build</td><td class="summary-data">13.1_r1 / 14373446</td></tr><tr><td class="summary-data">Host Info</td><td class="summary-data">Result/@start  rtksa2  (Linux - 6.2.0-39-generic)</td></tr><tr><td class="summary-data">Start time / End Time</td><td class="summary-data">Fri Jan 09 20:51:00 CST 2026 /  Fri Jan 09 21:01:02 CST 2026</td></tr><tr><td class="summary-data">Tests Passed</td><td class="summary-data">1528</td></tr><tr><td class="summary-data">Tests Failed</td><td class="summary-data">0</td></tr><tr><td class="summary-data">Modules Done</td><td class="summary-data">173</td></tr><tr><td class="summary-data">Modules Total</td><td class="summary-data">173</td></tr><tr><td class="summary-data">Fingerprint</td><td class="summary-data">Smarttech/Smarttech_4K_RTV5/ashfield:14/UKRC.260102.001/866:user/release-keys</td></tr><tr><td class="summary-data">Security Patch</td><td class="summary-data">2025-12-01</td></tr><tr><td class="summary-data">Release (SDK)</td><td class="summary-data">14 (34)</td></tr><tr><td class="summary-data">ABIs</td><td class="summary-data">armeabi-v7a,armeabi</td></tr></table></div></div>
</div>
<div class='container'>
<div class='col'>
<h2>Smarttech/Smarttech_4K_RTV5/ashfield:14/UKRC.260109.002/875:user/release-keys</h2>
<div class='filepath'><a href='http://10.22.193.246/AATS_XTS_REPORTS/Merlin8_lightning/DB2145/20260118_875/vts/2026.01.17_16.11.04/test_result_failures_suite.html'>http://10.22.193.246/AATS_XTS_REPORTS/Merlin8_lightning/DB2145/20260118_875/vts/2026.01.17_16.11.04/test_result_failures_suite.html</a></div>
<br><div class='horizontal-divider'><span>VTS / vts</span></div><div class='summary-wrapper'><div class='left-summary'><table class='summary'><tr><th class="summary-header">Summary</th><th class="summary-header"></th></tr><tr><td class="summary-data">Suite / Plan</td><td class="summary-data">VTS / vts</td></tr><tr><td class="summary-data">Suite / Build</td><td class="summary-data">14_r10 / 14221073</td></tr><tr><td class="summary-data">Host Info</td><td class="summary-data">Result/@start  rtksa2  (Linux - 6.2.0-39-generic)</td></tr><tr><td class="summary-data">Start time / End Time</td><td class="summary-data">Sat Jan 17 16:11:04 CST 2026 /  Sat Jan 17 16:15:28 CST 2026</td></tr><tr><td class="summary-data">Tests Passed</td><td class="summary-data">93497</td></tr><tr><td class="summary-data">Tests Failed</td><td class="summary-data">0</td></tr><tr><td class="summary-data">Modules Done</td><td class="summary-data">373</td></tr><tr><td class="summary-data">Modules Total</td><td class="summary-data">373</td></tr><tr><td class="summary-data">Fingerprint</td><td class="summary-data">Smarttech/Smarttech_4K_RTV5/ashfield:14/UKRC.260109.002/875:user/release-keys</td></tr><tr><td class="summary-data">Security Patch</td><td class="summary-data">2025-11-01</td></tr><tr><td class="summary-data">Release (SDK)</td><td class="summary-data">14 ()</td></tr><tr><td class="summary-data">ABIs</td><td class="summary-data">armeabi-v7a,armeabi</td></tr></table></div><div class='right-summary' style='margin-left:auto;'><div class='cts-diff'>v875 Vs v866 Diff</div><div class='chart'><canvas id='moduleChart_VTS___vts_875_866_4' width='250' height='250' style='width:250px;height:250px;'></canvas></div><script src='https://cdn.jsdelivr.net/npm/chart.js'></script><script>var ctx=document.getElementById('moduleChart_VTS___vts_875_866_4').getContext('2d');new Chart(ctx,{type:'pie',data:{labels:['Same modules (0)','Suspicious modules (0)'],datasets:[{data:[0,0],backgroundColor:['#4caf50','#f44336']}]} ,options:{responsive:false,maintainAspectRatio:false}});</script></div></div>
</div>
<div class='col'>
<h2>Smarttech/Smarttech_4K_RTV5/ashfield:14/UKRC.260102.001/866:user/release-keys</h2>
<div class='filepath'><a href='http://10.22.193.246/AATS_XTS_REPORTS/Merlin8_lightning/DB2145/20260112_866/vts/2026.01.13_21.07.40/test_result_failures_suite.html'>http://10.22.193.246/AATS_XTS_REPORTS/Merlin8_lightning/DB2145/20260112_866/vts/2026.01.13_21.07.40/test_result_failures_suite.html</a></div>
<br><div class='horizontal-divider'><span>VTS / vts</span></div><div class='summary-wrapper'><div class='left-summary'><div class='cts-diff'>v875 Vs v866 Diff</div><div class='degrade-modules' style='margin-top:0.5em;'><span class='suspicious-label'>Same modules:</span><br></div><div class='degrade-modules'><span class='suspicious-label'>Suspicious modules:</span><br></div></div><div class='right-summary' style='margin-left:auto;'><table class='summary'><tr><th class="summary-header">Summary</th><th class="summary-header"></th></tr><tr><td class="summary-data">Suite / Plan</td><td class="summary-data">VTS / vts</td></tr><tr><td class="summary-data">Suite / Build</td><td class="summary-data">14_r10 / 14221073</td></tr><tr><td class="summary-data">Host Info</td><td class="summary-data">Result/@start  rtksa2  (Linux - 6.2.0-39-generic)</td></tr><tr><td class="summary-data">Start time / End Time</td><td class="summary-data">Tue Jan 13 21:07:40 CST 2026 /  Tue Jan 13 21:41:56 CST 2026</td></tr><tr><td class="summary-data">Tests Passed</td><td class="summary-data">68620</td></tr><tr><td class="summary-data">Tests Failed</td><td class="summary-data">13</td></tr><tr><td class="summary-data">Modules Done</td><td class="summary-data">370</td></tr><tr><td class="summary-data">Modules Total</td><td class="summary-data">373</td></tr><tr><td class="summary-data">Fingerprint</td><td class="summary-data">Smarttech/Smarttech_4K_RTV5/ashfield:14/UKRC.260102.001/866:user/release-keys</td></tr><tr><td class="summary-data">Security Patch</td><td class="summary-data">2025-11-01</td></tr><tr><td class="summary-data">Release (SDK)</td><td class="summary-data">14 ()</td></tr><tr><td class="summary-data">ABIs</td><td class="summary-data">armeabi-v7a,armeabi</td></tr></table></div></div>
<table class='testdetails'><tr><th colspan="3" class="module" style="text-align:left;">armeabi-v7a VtsHalGraphicsComposer3_TargetTest</th></tr><tr><th>Test</th><th>Result</th><th>Details</th></tr><tr><td class="testname">PerInstance/GraphicsComposerAidlTest#SetActiveConfigPowerCycle/0_android_hardware_graphics_composer3_IComposer_default</td><td class="failed">fail</td><td class="failuredetails">No test results.</td></tr></table>
<table class='testdetails'><tr><th colspan="3" class="module" style="text-align:left;">armeabi-v7a vts_linux_kselftest_arm_32</th></tr><tr><th>Test</th><th>Result</th><th>Details</th></tr><tr><td class="testname">timers_inconsistency-check_arm_32#timers_inconsistency-check_arm_32</td><td class="failed">fail</td><td class="failuredetails">binary returned non-zero. Exit code: 255, stderr: , stdout: Consistent CLOCK_REALTIME                 [OK]</td></tr><tr><td class="testname">timers_nanosleep_arm_32#timers_nanosleep_arm_32</td><td class="failed">fail</td><td class="failuredetails">binary returned non-zero. Exit code: 1, stderr: adb: device '94d8f2312e24' not found</td></tr><tr><td class="testname">timers_nsleep-lat_arm_32#timers_nsleep-lat_arm_32</td><td class="failed">fail</td><td class="failuredetails">binary returned non-zero. Exit code: 1, stderr: adb: device '94d8f2312e24' not found</td></tr><tr><td class="testname">timers_posix_timers_arm_32#timers_posix_timers_arm_32</td><td class="failed">fail</td><td class="failuredetails">binary returned non-zero. Exit code: 1, stderr: adb: device '94d8f2312e24' not found</td></tr><tr><td class="testname">timers_raw_skew_arm_32#timers_raw_skew_arm_32</td><td class="failed">fail</td><td class="failuredetails">binary returned non-zero. Exit code: 1, stderr: adb: device '94d8f2312e24' not found</td></tr><tr><td class="testname">timers_set-tai_arm_32#timers_set-tai_arm_32</td><td class="failed">fail</td><td class="failuredetails">binary returned non-zero. Exit code: 1, stderr: adb: device '94d8f2312e24' not found</td></tr><tr><td class="testname">timers_set-timer-lat_arm_32#timers_set-timer-lat_arm_32</td><td class="failed">fail</td><td class="failuredetails">binary returned non-zero. Exit code: 1, stderr: adb: device '94d8f2312e24' not found</td></tr><tr><td class="testname">timers_threadtest_arm_32#timers_threadtest_arm_32</td><td class="failed">fail</td><td class="failuredetails">binary returned non-zero. Exit code: 1, stderr: adb: device '94d8f2312e24' not found</td></tr><tr><td class="testname">timers_valid-adjtimex_arm_32#timers_valid-adjtimex_arm_32</td><td class="failed">fail</td><td class="failuredetails">binary returned non-zero. Exit code: 1, stderr: adb: device '94d8f2312e24' not found</td></tr><tr><td class="testname">vm_mremap_dontunmap_arm_32#vm_mremap_dontunmap_arm_32</td><td class="failed">fail</td><td class="failuredetails">binary returned non-zero. Exit code: 1, stderr: adb: device '94d8f2312e24' not found</td></tr><tr><td class="testname">vm_userfaultfd_anon_arm_32#vm_userfaultfd_anon_arm_32</td><td class="failed">fail</td><td class="failuredetails">binary returned non-zero. Exit code: 1, stderr: adb: device '94d8f2312e24' not found</td></tr><tr><td class="testname">vm_userfaultfd_shmem_arm_32#vm_userfaultfd_shmem_arm_32</td><td class="failed">fail</td><td class="failuredetails">binary returned non-zero. Exit code: 1, stderr: adb: device '94d8f2312e24' not found</td></tr></table>
<table class='incompletemodules' style='width:auto;'><tr><th colspan='3' class='module' style='text-align:left;background:#a5c639 !important;color:black;font-weight:bold;'>Incomplete Modules</th></tr><tr><td colspan='3' class='module' style='background:#d4e9a9;color:black;'>armeabi-v7a VtsHalAudioV7_1TargetTest</td></tr><tr><td colspan='3' class='module' style='background:#d4e9a9;color:black;'>armeabi-v7a VtsHalGraphicsComposer3_TargetTest</td></tr><tr><td colspan='3' class='module' style='background:#d4e9a9;color:black;'>armeabi-v7a vts_ltp_test_arm</td></tr></table>
</div>
<div class='container'>
<div class='col'>
<h2>Smarttech/Smarttech_4K_RTV5/ashfield:14/UKRC.260109.002/875:user/release-keys</h2>
<div class='filepath'><a href='http://10.22.193.246/AATS_XTS_REPORTS/Merlin8_lightning/DB2145/20260118_875/tvts/2026.01.19_09.25.02/test_result_failures_suite.html'>http://10.22.193.246/AATS_XTS_REPORTS/Merlin8_lightning/DB2145/20260118_875/tvts/2026.01.19_09.25.02/test_result_failures_suite.html</a></div>
<br><div class='horizontal-divider'><span>TVTS / tvts-maint-cert</span></div><div class='summary-wrapper'><div class='left-summary'><table class='summary'><tr><th class="summary-header">Summary</th><th class="summary-header"></th></tr><tr><td class="summary-data">Suite / Plan</td><td class="summary-data">TVTS / tvts-maint-cert</td></tr><tr><td class="summary-data">Suite / Build</td><td class="summary-data">2.16_r2 / 14587020</td></tr><tr><td class="summary-data">Host Info</td><td class="summary-data">Result/@start  rtksa2  (Linux - 6.2.0-39-generic)</td></tr><tr><td class="summary-data">Start time / End Time</td><td class="summary-data">Mon Jan 19 09:25:02 CST 2026 /  Mon Jan 19 10:20:03 CST 2026</td></tr><tr><td class="summary-data">Tests Passed</td><td class="summary-data">936</td></tr><tr><td class="summary-data">Tests Failed</td><td class="summary-data">2</td></tr><tr><td class="summary-data">Modules Done</td><td class="summary-data">36</td></tr><tr><td class="summary-data">Modules Total</td><td class="summary-data">36</td></tr><tr><td class="summary-data">Fingerprint</td><td class="summary-data">Smarttech/Smarttech_4K_RTV5/ashfield:14/UKRC.260109.002/875:user/release-keys</td></tr><tr><td class="summary-data">Security Patch</td><td class="summary-data">2026-01-01</td></tr><tr><td class="summary-data">Release (SDK)</td><td class="summary-data">14 (34)</td></tr><tr><td class="summary-data">ABIs</td><td class="summary-data">armeabi-v7a,armeabi</td></tr></table></div><div class='right-summary' style='margin-left:auto;'><div class='cts-diff'>v875 Vs v866 Diff</div><div class='chart'><canvas id='moduleChart_TVTS___tvts-maint-cert_875_866_5' width='250' height='250' style='width:250px;height:250px;'></canvas></div><script src='https://cdn.jsdelivr.net/npm/chart.js'></script><script>var ctx=document.getElementById('moduleChart_TVTS___tvts-maint-cert_875_866_5').getContext('2d');new Chart(ctx,{type:'pie',data:{labels:['Same modules (2)','Suspicious modules (2)'],datasets:[{data:[2,2],backgroundColor:['#4caf50','#f44336']}]} ,options:{responsive:false,maintainAspectRatio:false}});</script></div></div>
<table class='testdetails'><tr><th colspan="3" class="module" style="text-align:left;">armeabi-v7a TvtsReferencePlusPreloadsTestCases</th></tr><tr><th>Test</th><th>Result</th><th>Details</th></tr><tr><td class="testname">com.google.android.refpluspreloads.tvts.TvtsReferencePlusPreloadsTest#testDeviceProcesses</td><td class="failed">fail</td><td class="failuredetails">java.lang.AssertionError: on-device tests failed:</td></tr></table>
<table class='testdetails'><tr><th colspan="3" class="module" style="text-align:left;">armeabi-v7a TvtsSmokeTestCases</th></tr><tr><th>Test</th><th>Result</th><th>Details</th></tr><tr><td class="testname">com.google.android.smoketests.tvts.TvtsSmokeTest#testSmoke[smoke-json-file-exists]</td><td class="failed">fail</td><td class="failuredetails">java.lang.AssertionError: smoke-json-file-exists</td></tr></table>
</div>
<div class='col'>
<h2>Smarttech/Smarttech_4K_RTV5/ashfield:14/UKRC.260102.001/866:user/release-keys</h2>
<div class='filepath'><a href='http://10.22.193.246/AATS_XTS_REPORTS/Merlin8_lightning/DB2145/20260112_866/tvts/2026.01.17_00.16.15/test_result_failures_suite.html'>http://10.22.193.246/AATS_XTS_REPORTS/Merlin8_lightning/DB2145/20260112_866/tvts/2026.01.17_00.16.15/test_result_failures_suite.html</a></div>
<br><div class='horizontal-divider'><span>TVTS / tvts-maint-cert</span></div><div class='summary-wrapper'><div class='left-summary'><div class='cts-diff'>v875 Vs v866 Diff</div><div class='degrade-modules' style='margin-top:0.5em;'><span class='suspicious-label'>Same modules:</span><br>TvtsReferencePlusPreloadsTestCases<br>TvtsSmokeTestCases</div><div class='degrade-modules'><span class='suspicious-label'>Suspicious modules:</span><br>TvtsReferencePlusPreloadsTestCases<br>TvtsSmokeTestCases</div></div><div class='right-summary' style='margin-left:auto;'><table class='summary'><tr><th class="summary-header">Summary</th><th class="summary-header"></th></tr><tr><td class="summary-data">Suite / Plan</td><td class="summary-data">TVTS / tvts-maint-cert</td></tr><tr><td class="summary-data">Suite / Build</td><td class="summary-data">2.16_r2 / 14587020</td></tr><tr><td class="summary-data">Host Info</td><td class="summary-data">Result/@start  rtksa2  (Linux - 6.2.0-39-generic)</td></tr><tr><td class="summary-data">Start time / End Time</td><td class="summary-data">Sat Jan 17 00:16:15 CST 2026 /  Sat Jan 17 01:45:08 CST 2026</td></tr><tr><td class="summary-data">Tests Passed</td><td class="summary-data">936</td></tr><tr><td class="summary-data">Tests Failed</td><td class="summary-data">3</td></tr><tr><td class="summary-data">Modules Done</td><td class="summary-data">36</td></tr><tr><td class="summary-data">Modules Total</td><td class="summary-data">36</td></tr><tr><td class="summary-data">Fingerprint</td><td class="summary-data">Smarttech/Smarttech_4K_RTV5/ashfield:14/UKRC.260102.001/866:user/release-keys</td></tr><tr><td class="summary-data">Security Patch</td><td class="summary-data">2025-12-01</td></tr><tr><td class="summary-data">Release (SDK)</td><td class="summary-data">14 (34)</td></tr><tr><td class="summary-data">ABIs</td><td class="summary-data">armeabi-v7a,armeabi</td></tr></table></div></div>
<table class='testdetails'><tr><th colspan="3" class="module" style="text-align:left;">armeabi-v7a TvtsPerfCujTestCases</th></tr><tr><th>Test</th><th>Result</th><th>Details</th></tr><tr><td class="testname">com.google.android.cuj.tvts.TvtsPerfCujRunner#testPerfCuj</td><td class="failed">fail</td><td class="failuredetails">java.lang.AssertionError: Perf CUJ test failed.</td></tr></table>
<table class='testdetails'><tr><th colspan="3" class="module" style="text-align:left;">armeabi-v7a TvtsReferencePlusPreloadsTestCases</th></tr><tr><th>Test</th><th>Result</th><th>Details</th></tr><tr><td class="testname">com.google.android.refpluspreloads.tvts.TvtsReferencePlusPreloadsTest#testDeviceProcesses</td><td class="failed">fail</td><td class="failuredetails">java.lang.AssertionError: on-device tests failed:</td></tr></table>
<table class='testdetails'><tr><th colspan="3" class="module" style="text-align:left;">armeabi-v7a TvtsSmokeTestCases</th></tr><tr><th>Test</th><th>Result</th><th>Details</th></tr><tr><td class="testname">com.google.android.smoketests.tvts.TvtsSmokeTest#testSmoke[smoke-json-file-exists]</td><td class="failed">fail</td><td class="failuredetails">java.lang.AssertionError: smoke-json-file-exists</td></tr></table>
</div>
<div class='container'>
<div class='col'>
<h2>Smarttech/Smarttech_4K_RTV5/ashfield:14/UKRC.260109.002/875:user/release-keys</h2>
<div class='filepath'><a href='http://10.22.193.246/AATS_XTS_REPORTS/Merlin8_lightning/DB2145/20260118_875/sts/2026.01.18_02.54.38/test_result_failures_suite.html'>http://10.22.193.246/AATS_XTS_REPORTS/Merlin8_lightning/DB2145/20260118_875/sts/2026.01.18_02.54.38/test_result_failures_suite.html</a></div>
<br><div class='horizontal-divider'><span>STS / sts-dynamic-full</span></div><div class='summary-wrapper'><div class='left-summary'><table class='summary'><tr><th class="summary-header">Summary</th><th class="summary-header"></th></tr><tr><td class="summary-data">Suite / Plan</td><td class="summary-data">STS / sts-dynamic-full</td></tr><tr><td class="summary-data">Suite / Build</td><td class="summary-data">14_sts-r47 / 14662542</td></tr><tr><td class="summary-data">Host Info</td><td class="summary-data">Result/@start  rtksa2  (Linux - 6.2.0-39-generic)</td></tr><tr><td class="summary-data">Start time / End Time</td><td class="summary-data">Sun Jan 18 02:54:38 CST 2026 /  Sun Jan 18 05:24:44 CST 2026</td></tr><tr><td class="summary-data">Tests Passed</td><td class="summary-data">948</td></tr><tr><td class="summary-data">Tests Failed</td><td class="summary-data">1</td></tr><tr><td class="summary-data">Modules Done</td><td class="summary-data">24</td></tr><tr><td class="summary-data">Modules Total</td><td class="summary-data">24</td></tr><tr><td class="summary-data">Fingerprint</td><td class="summary-data">Smarttech/Smarttech_4K_RTV5/ashfield:14/UKRC.260109.002/875:user/release-keys</td></tr><tr><td class="summary-data">Security Patch</td><td class="summary-data">2026-01-01</td></tr><tr><td class="summary-data">Release (SDK)</td><td class="summary-data">14 (34)</td></tr><tr><td class="summary-data">ABIs</td><td class="summary-data">armeabi-v7a,armeabi</td></tr></table></div><div class='right-summary' style='margin-left:auto;'><div class='cts-diff'>v875 Vs v866 Diff</div><div class='chart'><canvas id='moduleChart_STS___sts-dynamic-full_875_866_6' width='250' height='250' style='width:250px;height:250px;'></canvas></div><script src='https://cdn.jsdelivr.net/npm/chart.js'></script><script>var ctx=document.getElementById('moduleChart_STS___sts-dynamic-full_875_866_6').getContext('2d');new Chart(ctx,{type:'pie',data:{labels:['Same modules (1)','Suspicious modules (1)'],datasets:[{data:[1,1],backgroundColor:['#4caf50','#f44336']}]} ,options:{responsive:false,maintainAspectRatio:false}});</script></div></div>
<table class='testdetails'><tr><th colspan="3" class="module" style="text-align:left;">armeabi-v7a StsHostTestCases</th></tr><tr><th>Test</th><th>Result</th><th>Details</th></tr><tr><td class="testname">android.security.sts.KernelLtsTest#testRequiredKernelLts_WARN</td><td class="failed">fail</td><td class="failuredetails">java.lang.AssertionError: This device does not meet the current or upcoming LTS update requirements. This test is a warning that is autowaived in APA and no waiver request is necessary. Optionally, to override the warning, add this argument: --test-arg com.android.compatibility.common.tradefed.testtype.JarHostTest:set-option:android.security.sts.Ke</td></tr></table>
</div>
<div class='col'>
<h2>Smarttech/Smarttech_4K_RTV5/ashfield:14/UKRC.260102.001/866:user/release-keys</h2>
<div class='filepath'><a href='http://10.22.193.246/AATS_XTS_REPORTS/Merlin8_lightning/DB2145/20260112_866/sts/2026.01.13_10.48.31/test_result_failures_suite.html'>http://10.22.193.246/AATS_XTS_REPORTS/Merlin8_lightning/DB2145/20260112_866/sts/2026.01.13_10.48.31/test_result_failures_suite.html</a></div>
<br><div class='horizontal-divider'><span>STS / sts-dynamic-full</span></div><div class='summary-wrapper'><div class='left-summary'><div class='cts-diff'>v875 Vs v866 Diff</div><div class='degrade-modules' style='margin-top:0.5em;'><span class='suspicious-label'>Same modules:</span><br>StsHostTestCases</div><div class='degrade-modules'><span class='suspicious-label'>Suspicious modules:</span><br>StsHostTestCases</div></div><div class='right-summary' style='margin-left:auto;'><table class='summary'><tr><th class="summary-header">Summary</th><th class="summary-header"></th></tr><tr><td class="summary-data">Suite / Plan</td><td class="summary-data">STS / sts-dynamic-full</td></tr><tr><td class="summary-data">Suite / Build</td><td class="summary-data">14_sts-r47 / 14662542</td></tr><tr><td class="summary-data">Host Info</td><td class="summary-data">Result/@start  rtksa2  (Linux - 6.2.0-39-generic)</td></tr><tr><td class="summary-data">Start time / End Time</td><td class="summary-data">Tue Jan 13 10:48:31 CST 2026 /  Tue Jan 13 11:02:24 CST 2026</td></tr><tr><td class="summary-data">Tests Passed</td><td class="summary-data">950</td></tr><tr><td class="summary-data">Tests Failed</td><td class="summary-data">1</td></tr><tr><td class="summary-data">Modules Done</td><td class="summary-data">24</td></tr><tr><td class="summary-data">Modules Total</td><td class="summary-data">24</td></tr><tr><td class="summary-data">Fingerprint</td><td class="summary-data">Smarttech/Smarttech_4K_RTV5/ashfield:14/UKRC.260102.001/866:user/release-keys</td></tr><tr><td class="summary-data">Security Patch</td><td class="summary-data">2025-12-01</td></tr><tr><td class="summary-data">Release (SDK)</td><td class="summary-data">14 (34)</td></tr><tr><td class="summary-data">ABIs</td><td class="summary-data">armeabi-v7a,armeabi</td></tr></table></div></div>
<table class='testdetails'><tr><th colspan="3" class="module" style="text-align:left;">armeabi-v7a StsHostTestCases</th></tr><tr><th>Test</th><th>Result</th><th>Details</th></tr><tr><td class="testname">android.security.sts.KernelLtsTest#testRequiredKernelLts_WARN</td><td class="failed">fail</td><td class="failuredetails">java.lang.AssertionError: This device does not meet the current or upcoming LTS update requirements. This test is a warning that is autowaived in APA and no waiver request is necessary. Optionally, to override the warning, add this argument: --test-arg com.android.compatibility.common.tradefed.testtype.JarHostTest:set-option:android.security.sts.Ke</td></tr></table>
</div>
</body></html>