<!DOCTYPE html>
<html><head><meta charset='utf-8'><title>Table Diff</title><base target="_blank">
<style>
/*added for single column layout*/
.single-col {flex:0 0 72%; max-width:72%; padding:10px; box-sizing:border-box; overflow-y:auto; overflow-x:hidden; min-width:0; margin:0 auto;}
.single-col h2 {margin-left:auto; margin-right:auto; text-align:center;}
.filepath {margin-top:0.2em; margin-bottom:0.5em; text-align:center; font-size:0.96em; color:#555; word-break:break-all; overflow-wrap:anywhere;}
.single-col .summary, .single-col .testdetails, .single-col .incompletemodules {margin-left:auto; margin-right:auto; text-align:left;}

.single-col .summary th, .single-col .summary td {text-align:left;}
.failuredetails {white-space:normal; word-break:break-all;}

body {font-family:Arial, sans-serif; margin:0; padding:0;}
.container {display:flex; flex-wrap:wrap; width:100%; overflow-x:auto;}
 .col {flex:0 0 50%; max-width:50%; padding:10px; box-sizing:border-box; overflow-y:auto; overflow-x:hidden; min-width:0;}
.col + .col {border-left:1px dashed #aaa;}
/* vertical divider between columns */

table {border-collapse:collapse; margin:10px 0; width:100%;}
/* make cells wrap content */
.testdetails td {white-space:normal; word-break:break-all;}

th, td {border:1px solid #aaa; padding:4px 8px;}
h2 {margin-top:0.5em;}
.testdetails td.module   {background:none;}
.testdetails th.module   {background:none;}
.testdetails td.testname {background:#d4e9a9;}
.testdetails td.failed   {background:#fa5858; text-align:center; font-weight:bold;}
.testdetails td.failuredetails {background:#d4e9a9;}
.testdetails th          {background:#a5c639 !important;}
.testdetails th.module   {background:none !important;}
    .summary-header {background:#a5c639 !important; border: solid 1px #aaa; text-align:left;}
    .summary-data {background:#d4e9a9; word-break:break-all; white-space:normal;}
    .summary td {max-width:490px; word-break:break-all; white-space:normal; overflow-wrap:anywhere;}

    /* Horizontal divider with centered label */
    .horizontal-divider {border-top:1px dashed #aaa; margin:-0.25em 0 12px 0; position:relative; text-align:center; width:calc(200% + 20px); left:-50%; margin-left:-10px; margin-right:-10px;}
    .horizontal-divider span {background:#fff; padding:0 8px; position:relative; top:-0.6em; font-weight:bold; font-size:1.3em;}

        .col + .col .summary {margin-left:0;}
    .summary-wrapper {display:flex; align-items:flex-start; gap:10px; margin-top:-0.5em;}
    .col + .col .summary-wrapper {justify-content:flex-start;}
    .col + .col .left-summary {margin-left:0;}
    .col + .col .right-summary {visibility:hidden; width:0;}
    .summary-wrapper .right-summary {display:flex; flex-direction:column; gap:5px;}
    .cts-diff {background:orange; padding:4px; font-weight:bold; text-align:center; margin-top:12px;}
    .degrade-modules {color:#b22222;background:none;font-size:0.9em;}
    .chart {margin-top:-0.5em;}
    .suspicious-label {color:black;font-weight:bold;background:none;}
    /* Align file path with title in double‑column mode */
    .col .filepath {text-align:left; margin-left:0;}

</style></head><body>
<div class='container'>
<div class='single-col'>
<h2>Realtek/blackhawk_amati/blackhawk_amati:14/UKRC.260102.001/330:user/release-keys</h2>
<div class='filepath'><a href='http://10.22.193.246/AATS_XTS_REPORTS/MAC9Q_ANR14/DB2708/20260109_330/cts/2026.01.13_19.22.05/test_result_failures_suite.html'>http://10.22.193.246/AATS_XTS_REPORTS/MAC9Q_ANR14/DB2708/20260109_330/cts/2026.01.13_19.22.05/test_result_failures_suite.html</a></div>
<br><div class='horizontal-divider'><span>CTS / cts</span></div><div class='summary-wrapper'><div class='left-summary'><table class='summary'><tr><th class="summary-header">Summary</th><th class="summary-header"></th></tr><tr><td class="summary-data">Suite / Plan</td><td class="summary-data">CTS / cts</td></tr><tr><td class="summary-data">Suite / Build</td><td class="summary-data">14_r10 / 14270760</td></tr><tr><td class="summary-data">Host Info</td><td class="summary-data">Result/@start  rtksa2  (Linux - 6.2.0-39-generic)</td></tr><tr><td class="summary-data">Start time / End Time</td><td class="summary-data">Tue Jan 13 19:22:05 CST 2026 /  Tue Jan 13 19:32:25 CST 2026</td></tr><tr><td class="summary-data">Tests Passed</td><td class="summary-data">2221806</td></tr><tr><td class="summary-data">Tests Failed</td><td class="summary-data">5</td></tr><tr><td class="summary-data">Modules Done</td><td class="summary-data">848</td></tr><tr><td class="summary-data">Modules Total</td><td class="summary-data">848</td></tr><tr><td class="summary-data">Fingerprint</td><td class="summary-data">Realtek/blackhawk_amati/blackhawk_amati:14/UKRC.260102.001/330:user/release-keys</td></tr><tr><td class="summary-data">Security Patch</td><td class="summary-data">2025-12-01</td></tr><tr><td class="summary-data">Release (SDK)</td><td class="summary-data">14 (34)</td></tr><tr><td class="summary-data">ABIs</td><td class="summary-data">armeabi-v7a,armeabi</td></tr></table></div><div class='right-summary' style='display:flex; flex-direction:row; align-items:flex-start; gap:10px; visibility:visible; margin-top:1.5em;'><div class='chart-container'><div class='chart'><canvas id='moduleChart_CTS___cts_1' width='230' height='230' style='width:230px;height:230px;'></canvas></div><script src='https://cdn.jsdelivr.net/npm/chart.js'></script><script>var ctx=document.getElementById('moduleChart_CTS___cts_1').getContext('2d');new Chart(ctx,{type:'pie',data:{labels:['Incomplete modules (0)','Suspicious modules (4)'],datasets:[{data:[0,4],backgroundColor:['#4caf50','#f44336']}]} ,options:{responsive:false,maintainAspectRatio:false}});</script></div><div class='degrade-modules'><span class='suspicious-label'>Suspicious modules:</span><br>CtsHdmiCecHostTestCases<br>CtsPermissionTestCases<br>CtsPermissionTestCases[instant]<br>CtsSecurityHostTestCases</div><div class='degrade-modules'><span class='suspicious-label'>Incomplete modules:</span><br></div></div></div>
<table class='testdetails'><tr><th colspan="3" class="module" style="text-align:left;">armeabi-v7a CtsHdmiCecHostTestCases</th></tr><tr><th>Test</th><th>Result</th><th>Details</th></tr><tr><td class="testname">android.hdmicec.cts.tv.HdmiCecAbsoluteVolumeControlFollowerTest#testSystemAudioModeOff_updatesVolume</td><td class="failed">fail</td><td class="failuredetails">android.hdmicec.cts.error.CecClientWrapperException: Could not find CEC message SYSTEM_AUDIO_MODE_STATUS</td></tr><tr><td class="testname">android.hdmicec.cts.tv.HdmiCecRemoteControlPassThroughTest#cect_11_1_13_4_RemoteControlMessagesToAudioSystem</td><td class="failed">fail</td><td class="failuredetails">android.hdmicec.cts.error.CecClientWrapperException: Could not find CEC message USER_CONTROL_PRESSED</td></tr></table>
<table class='testdetails'><tr><th colspan="3" class="module" style="text-align:left;">armeabi-v7a CtsPermissionTestCases</th></tr><tr><th>Test</th><th>Result</th><th>Details</th></tr><tr><td class="testname">android.permission.cts.NoSystemFunctionPermissionTest#testVibrator</td><td class="failed">fail</td><td class="failuredetails">junit.framework.AssertionFailedError: Vibrator.cancel() did not throw SecurityException as expected.</td></tr></table>
<table class='testdetails'><tr><th colspan="3" class="module" style="text-align:left;">armeabi-v7a CtsPermissionTestCases[instant]</th></tr><tr><th>Test</th><th>Result</th><th>Details</th></tr><tr><td class="testname">android.permission.cts.NoSystemFunctionPermissionTest#testVibrator</td><td class="failed">fail</td><td class="failuredetails">junit.framework.AssertionFailedError: Vibrator.cancel() did not throw SecurityException as expected.</td></tr></table>
<table class='testdetails'><tr><th colspan="3" class="module" style="text-align:left;">armeabi-v7a CtsSecurityHostTestCases</th></tr><tr><th>Test</th><th>Result</th><th>Details</th></tr><tr><td class="testname">android.security.cts.SELinuxHostTest#testNoBugreportDenials</td><td class="failed">fail</td><td class="failuredetails">java.lang.AssertionError: Found illegal SELinux denial(s): avc:  denied  { read } for  name="u:object_r:default_prop:s0" dev="tmpfs" ino=171 scontext=u:r:hal_dumpstate_default:s0 tcontext=u:object_r:default_prop:s0 tclass=file permissive=0</td></tr></table>
</div>
<div class='container'>
<div class='single-col'>
<h2>Realtek/blackhawk_amati/blackhawk_amati:14/UKRC.260102.001/330:user/release-keys</h2>
<div class='filepath'><a href='http://10.22.193.246/AATS_XTS_REPORTS/MAC9Q_ANR14/DB2708/20260109_330/ctsongsi/2026.01.14_00.23.02/test_result_failures_suite.html'>http://10.22.193.246/AATS_XTS_REPORTS/MAC9Q_ANR14/DB2708/20260109_330/ctsongsi/2026.01.14_00.23.02/test_result_failures_suite.html</a></div>
<br><div class='horizontal-divider'><span>CTS / cts-on-gsi</span></div><div class='summary-wrapper'><div class='left-summary'><table class='summary'><tr><th class="summary-header">Summary</th><th class="summary-header"></th></tr><tr><td class="summary-data">Suite / Plan</td><td class="summary-data">CTS / cts-on-gsi</td></tr><tr><td class="summary-data">Suite / Build</td><td class="summary-data">14_r10 / 14270760</td></tr><tr><td class="summary-data">Host Info</td><td class="summary-data">Result/@start  rtksa2  (Linux - 6.2.0-39-generic)</td></tr><tr><td class="summary-data">Start time / End Time</td><td class="summary-data">Wed Jan 14 00:23:02 CST 2026 /  Wed Jan 14 00:24:31 CST 2026</td></tr><tr><td class="summary-data">Tests Passed</td><td class="summary-data">184818</td></tr><tr><td class="summary-data">Tests Failed</td><td class="summary-data">1</td></tr><tr><td class="summary-data">Modules Done</td><td class="summary-data">416</td></tr><tr><td class="summary-data">Modules Total</td><td class="summary-data">417</td></tr><tr><td class="summary-data">Fingerprint</td><td class="summary-data">Realtek/blackhawk_amati/blackhawk_amati:14/UKRC.260102.001/330:user/release-keys</td></tr><tr><td class="summary-data">Security Patch</td><td class="summary-data">2025-11-01</td></tr><tr><td class="summary-data">Release (SDK)</td><td class="summary-data">14 (34)</td></tr><tr><td class="summary-data">ABIs</td><td class="summary-data">armeabi-v7a,armeabi</td></tr></table></div><div class='right-summary' style='display:flex; flex-direction:row; align-items:flex-start; gap:10px; visibility:visible; margin-top:1.5em;'><div class='chart-container'><div class='chart'><canvas id='moduleChart_CTS___cts-on-gsi_2' width='230' height='230' style='width:230px;height:230px;'></canvas></div><script src='https://cdn.jsdelivr.net/npm/chart.js'></script><script>var ctx=document.getElementById('moduleChart_CTS___cts-on-gsi_2').getContext('2d');new Chart(ctx,{type:'pie',data:{labels:['Incomplete modules (1)','Suspicious modules (2)'],datasets:[{data:[1,2],backgroundColor:['#4caf50','#f44336']}]} ,options:{responsive:false,maintainAspectRatio:false}});</script></div><div class='degrade-modules'><span class='suspicious-label'>Suspicious modules:</span><br>CtsMediaProviderTranscodeTests<br>CtsPermissionTestCases</div><div class='degrade-modules'><span class='suspicious-label'>Incomplete modules:</span><br>CtsMediaProviderTranscodeTests</div></div></div>
<table class='testdetails'><tr><th colspan="3" class="module" style="text-align:left;">armeabi-v7a CtsPermissionTestCases</th></tr><tr><th>Test</th><th>Result</th><th>Details</th></tr><tr><td class="testname">android.permission.cts.NoSystemFunctionPermissionTest#testVibrator</td><td class="failed">fail</td><td class="failuredetails">junit.framework.AssertionFailedError: Vibrator.cancel() did not throw SecurityException as expected.</td></tr></table>
<table class='incompletemodules' style='width:auto;'><tr><th colspan='3' class='module' style='text-align:left;background:#a5c639 !important;color:black;font-weight:bold;'>Incomplete Modules</th></tr><tr><td colspan='3' class='module' style='background:#d4e9a9;color:black;'>armeabi-v7a CtsMediaProviderTranscodeTests</td></tr></table>
</div>
<div class='container'>
<div class='single-col'>
<h2>Realtek/blackhawk_amati/blackhawk_amati:14/UKRC.260102.001/330:user/release-keys</h2>
<div class='filepath'><a href='http://10.22.193.246/AATS_XTS_REPORTS/MAC9Q_ANR14/DB2708/20260109_330/ctsongsi/CtsMediaProviderTranscodeTests/2026.01.14_00.25.53/test_result_failures_suite.html'>http://10.22.193.246/AATS_XTS_REPORTS/MAC9Q_ANR14/DB2708/20260109_330/ctsongsi/CtsMediaProviderTranscodeTests/2026.01.14_00.25.53/test_result_failures_suite.html</a></div>
<br><div class='horizontal-divider'><span>CTS / cts-on-gsi</span></div><div class='summary-wrapper'><div class='left-summary'><table class='summary'><tr><th class="summary-header">Summary</th><th class="summary-header"></th></tr><tr><td class="summary-data">Suite / Plan</td><td class="summary-data">CTS / cts-on-gsi</td></tr><tr><td class="summary-data">Suite / Build</td><td class="summary-data">14_r10 / 14270760</td></tr><tr><td class="summary-data">Host Info</td><td class="summary-data">Result/@start  rtksa2  (Linux - 6.2.0-39-generic)</td></tr><tr><td class="summary-data">Start time / End Time</td><td class="summary-data">Wed Jan 14 00:25:53 CST 2026 /  Wed Jan 14 00:27:09 CST 2026</td></tr><tr><td class="summary-data">Tests Passed</td><td class="summary-data">0</td></tr><tr><td class="summary-data">Tests Failed</td><td class="summary-data">0</td></tr><tr><td class="summary-data">Modules Done</td><td class="summary-data">1</td></tr><tr><td class="summary-data">Modules Total</td><td class="summary-data">1</td></tr><tr><td class="summary-data">Fingerprint</td><td class="summary-data">Realtek/blackhawk_amati/blackhawk_amati:14/UKRC.260102.001/330:user/release-keys</td></tr><tr><td class="summary-data">Security Patch</td><td class="summary-data">2025-11-01</td></tr><tr><td class="summary-data">Release (SDK)</td><td class="summary-data">14 (34)</td></tr><tr><td class="summary-data">ABIs</td><td class="summary-data">armeabi-v7a,armeabi</td></tr></table><table class="testsummary summary">
<tr>
<th style="background:#a5c639">Module</th><th style="background:#a5c639">Passed</th><th style="background:#a5c639">Failed</th><th style="background:#a5c639">Assumption Failure</th><th style="background:#a5c639">Ignored</th><th style="background:#a5c639">Total Tests</th><th style="background:#a5c639">Done</th>
</tr>
<tr>
<td style="background:#d4e9a9">armeabi-v7a CtsMediaProviderTranscodeTests</td><td style="background:#d4e9a9">0</td><td style="background:#d4e9a9">0</td><td style="background:#d4e9a9">35</td><td style="background:#d4e9a9">3</td><td style="background:#d4e9a9">38</td><td style="background:#d4e9a9">true</td>
</tr>
</table></div><div class='right-summary' style='display:flex; flex-direction:row; align-items:flex-start; gap:10px; visibility:visible; margin-top:1.5em;'><div class='chart-container'><div class='chart'><canvas id='moduleChart_CTS___cts-on-gsi_3' width='230' height='230' style='width:230px;height:230px;'></canvas></div><script src='https://cdn.jsdelivr.net/npm/chart.js'></script><script>var ctx=document.getElementById('moduleChart_CTS___cts-on-gsi_3').getContext('2d');new Chart(ctx,{type:'pie',data:{labels:['Incomplete modules (0)','Suspicious modules (0)'],datasets:[{data:[0,0],backgroundColor:['#4caf50','#f44336']}]} ,options:{responsive:false,maintainAspectRatio:false}});</script></div><div class='degrade-modules'><span class='suspicious-label'>Suspicious modules:</span><br></div><div class='degrade-modules'><span class='suspicious-label'>Incomplete modules:</span><br></div></div></div>
</div>
<div class='container'>
<div class='single-col'>
<h2>Realtek/blackhawk_amati/blackhawk_amati:14/UKRC.260102.001/330:user/release-keys</h2>
<div class='filepath'><a href='http://10.22.193.246/AATS_XTS_REPORTS/MAC9Q_ANR14/DB2708/20260109_330/gts/2026.01.15_20.04.40/test_result_failures_suite.html'>http://10.22.193.246/AATS_XTS_REPORTS/MAC9Q_ANR14/DB2708/20260109_330/gts/2026.01.15_20.04.40/test_result_failures_suite.html</a></div>
<br><div class='horizontal-divider'><span>GTS / gts</span></div><div class='summary-wrapper'><div class='left-summary'><table class='summary'><tr><th class="summary-header">Summary</th><th class="summary-header"></th></tr><tr><td class="summary-data">Suite / Plan</td><td class="summary-data">GTS / gts</td></tr><tr><td class="summary-data">Suite / Build</td><td class="summary-data">13.1_r1 / 14373446</td></tr><tr><td class="summary-data">Host Info</td><td class="summary-data">Result/@start  rtksa2  (Linux - 6.2.0-39-generic)</td></tr><tr><td class="summary-data">Start time / End Time</td><td class="summary-data">Thu Jan 15 20:04:40 CST 2026 /  Thu Jan 15 20:19:12 CST 2026</td></tr><tr><td class="summary-data">Tests Passed</td><td class="summary-data">1367</td></tr><tr><td class="summary-data">Tests Failed</td><td class="summary-data">50</td></tr><tr><td class="summary-data">Modules Done</td><td class="summary-data">172</td></tr><tr><td class="summary-data">Modules Total</td><td class="summary-data">173</td></tr><tr><td class="summary-data">Fingerprint</td><td class="summary-data">Realtek/blackhawk_amati/blackhawk_amati:14/UKRC.260102.001/330:user/release-keys</td></tr><tr><td class="summary-data">Security Patch</td><td class="summary-data">2025-12-01</td></tr><tr><td class="summary-data">Release (SDK)</td><td class="summary-data">14 (34)</td></tr><tr><td class="summary-data">ABIs</td><td class="summary-data">armeabi-v7a,armeabi</td></tr></table></div><div class='right-summary' style='display:flex; flex-direction:row; align-items:flex-start; gap:10px; visibility:visible; margin-top:1.5em;'><div class='chart-container'><div class='chart'><canvas id='moduleChart_GTS___gts_4' width='230' height='230' style='width:230px;height:230px;'></canvas></div><script src='https://cdn.jsdelivr.net/npm/chart.js'></script><script>var ctx=document.getElementById('moduleChart_GTS___gts_4').getContext('2d');new Chart(ctx,{type:'pie',data:{labels:['Incomplete modules (1)','Suspicious modules (4)'],datasets:[{data:[1,4],backgroundColor:['#4caf50','#f44336']}]} ,options:{responsive:false,maintainAspectRatio:false}});</script></div><div class='degrade-modules'><span class='suspicious-label'>Suspicious modules:</span><br>GtsCastHostTestCases<br>GtsExoPlayerTestCases<br>GtsYouTubeTestCases<br>WvtsDeviceTestCases</div><div class='degrade-modules'><span class='suspicious-label'>Incomplete modules:</span><br>WvtsDeviceTestCases</div></div></div>
<table class='testdetails'><tr><th colspan="3" class="module" style="text-align:left;">armeabi-v7a GtsCastHostTestCases</th></tr><tr><th>Test</th><th>Result</th><th>Details</th></tr><tr><td class="testname">com.google.android.cast.gts.CastHostTest#testCastV2Signer</td><td class="failed">fail</td><td class="failuredetails">java.lang.AssertionError: on-device tests failed:</td></tr></table>
<table class='testdetails'><tr><th colspan="3" class="module" style="text-align:left;">armeabi-v7a GtsExoPlayerTestCases</th></tr><tr><th>Test</th><th>Result</th><th>Details</th></tr><tr><td class="testname">com.google.android.exoplayer.gts.DashStreamingTest#widevine24FpsH264FixedV23</td><td class="failed">fail</td><td class="failuredetails">java.lang.RuntimeException: androidx.media3.exoplayer.ExoPlaybackException: Source error</td></tr><tr><td class="testname">com.google.android.exoplayer.gts.DashStreamingTest#widevineVp9AdaptiveWithSeekingV24</td><td class="failed">fail</td><td class="failuredetails">java.lang.RuntimeException: androidx.media3.exoplayer.ExoPlaybackException: Source error</td></tr><tr><td class="testname">com.google.android.exoplayer.gts.DashStreamingTest#widevine23FpsH264FixedV23</td><td class="failed">fail</td><td class="failuredetails">java.lang.RuntimeException: androidx.media3.exoplayer.ExoPlaybackException: Source error</td></tr><tr><td class="testname">com.google.android.exoplayer.gts.DashStreamingTest#widevineH264AdaptiveWithRendererDisablingV18</td><td class="failed">fail</td><td class="failuredetails">java.lang.RuntimeException: androidx.media3.exoplayer.ExoPlaybackException: Source error</td></tr><tr><td class="testname">com.google.android.exoplayer.gts.DashStreamingTest#widevineVp9Fixed360pV23</td><td class="failed">fail</td><td class="failuredetails">java.lang.RuntimeException: androidx.media3.exoplayer.ExoPlaybackException: Source error</td></tr><tr><td class="testname">com.google.android.exoplayer.gts.DashStreamingTest#widevineH264AdaptiveV18</td><td class="failed">fail</td><td class="failuredetails">java.lang.RuntimeException: androidx.media3.exoplayer.ExoPlaybackException: Source error</td></tr><tr><td class="testname">com.google.android.exoplayer.gts.DashStreamingTest#widevineH264AdaptiveWithSeekingV18</td><td class="failed">fail</td><td class="failuredetails">java.lang.RuntimeException: androidx.media3.exoplayer.ExoPlaybackException: Source error</td></tr><tr><td class="testname">com.google.android.exoplayer.gts.DashStreamingTest#widevineVp9AdaptiveV24</td><td class="failed">fail</td><td class="failuredetails">java.lang.RuntimeException: androidx.media3.exoplayer.ExoPlaybackException: Source error</td></tr><tr><td class="testname">com.google.android.exoplayer.gts.DashStreamingTest#widevineH265AdaptiveV24</td><td class="failed">fail</td><td class="failuredetails">java.lang.RuntimeException: androidx.media3.exoplayer.ExoPlaybackException: Source error</td></tr><tr><td class="testname">com.google.android.exoplayer.gts.DashStreamingTest#widevine29FpsH264FixedV23</td><td class="failed">fail</td><td class="failuredetails">java.lang.RuntimeException: androidx.media3.exoplayer.ExoPlaybackException: Source error</td></tr><tr><td class="testname">com.google.android.exoplayer.gts.DashStreamingTest#widevineH265FixedV23</td><td class="failed">fail</td><td class="failuredetails">java.lang.RuntimeException: androidx.media3.exoplayer.ExoPlaybackException: Source error</td></tr><tr><td class="testname">com.google.android.exoplayer.gts.DashStreamingTest#widevineH265AdaptiveWithSeekingV24</td><td class="failed">fail</td><td class="failuredetails">java.lang.RuntimeException: androidx.media3.exoplayer.ExoPlaybackException: Source error</td></tr><tr><td class="testname">com.google.android.exoplayer.gts.DashStreamingTest#widevineH265AdaptiveWithRendererDisablingV24</td><td class="failed">fail</td><td class="failuredetails">java.lang.RuntimeException: androidx.media3.exoplayer.ExoPlaybackException: Source error</td></tr><tr><td class="testname">com.google.android.exoplayer.gts.DashStreamingTest#widevineVp9AdaptiveWithRendererDisablingV24</td><td class="failed">fail</td><td class="failuredetails">java.lang.RuntimeException: androidx.media3.exoplayer.ExoPlaybackException: Source error</td></tr><tr><td class="testname">com.google.android.exoplayer.gts.DashStreamingTest#widevineH264FixedV18</td><td class="failed">fail</td><td class="failuredetails">java.lang.RuntimeException: androidx.media3.exoplayer.ExoPlaybackException: Source error</td></tr><tr><td class="testname">com.google.android.exoplayer.gts.CommonEncryptionDrmTest#cencSchemeTypeV18</td><td class="failed">fail</td><td class="failuredetails">java.lang.RuntimeException: androidx.media3.exoplayer.ExoPlaybackException: Source error</td></tr><tr><td class="testname">com.google.android.exoplayer.gts.CommonEncryptionDrmTest#cbcsSchemeTypeV25</td><td class="failed">fail</td><td class="failuredetails">java.lang.RuntimeException: androidx.media3.exoplayer.ExoPlaybackException: Source error</td></tr></table>
<table class='testdetails'><tr><th colspan="3" class="module" style="text-align:left;">armeabi-v7a GtsYouTubeTestCases</th></tr><tr><th>Test</th><th>Result</th><th>Details</th></tr><tr><td class="testname">com.google.android.youtube.gts.SimultaneousClearAndProtectedDecodeTest#testSimultaneousClearAndProtectedDecode</td><td class="failed">fail</td><td class="failuredetails">java.lang.AssertionError: Unable to provision!</td></tr></table>
<table class='testdetails'><tr><th colspan="3" class="module" style="text-align:left;">armeabi-v7a WvtsDeviceTestCases</th></tr><tr><th>Test</th><th>Result</th><th>Details</th></tr><tr><td class="testname">com.google.android.wvts.MediaPlayerTest#testLLAMA_AAC_AUDIO_DOWNLOADED_V5_ASYNC_WITH_HANDLER</td><td class="failed">fail</td><td class="failuredetails">java.lang.AssertionError: preparePlayerAndDrm_V5: onDrmPrepared did not succeed</td></tr><tr><td class="testname">com.google.android.wvts.MediaDrmParameterizedTests#testCertificateMissingErrorCode[L1]</td><td class="failed">fail</td><td class="failuredetails">java.lang.AssertionError</td></tr><tr><td class="testname">com.google.android.wvts.MediaDrmParameterizedTests#testInvalidDrmDeviceCertResponse[L1]</td><td class="failed">fail</td><td class="failuredetails">java.lang.AssertionError: Likely provisioning failed because of network issue</td></tr><tr><td class="testname">com.google.android.wvts.MediaDrmParameterizedTests#testKcbOemCryptoVersion[L1]</td><td class="failed">fail</td><td class="failuredetails">java.lang.Exception: The policy: https://proxy.uat.widevine.com/proxy?content_id=GTS_OEMCRYPTO_OVERRIDE_KC09&amp;provider=widevine_test was expected to pass but failed.</td></tr><tr><td class="testname">com.google.android.wvts.MediaDrmParameterizedTests#testLicenseClientInfo[L1]</td><td class="failed">fail</td><td class="failuredetails">java.lang.IllegalArgumentException: sessionId is null</td></tr><tr><td class="testname">com.google.android.wvts.MediaDrmParameterizedTests#testLicenseClientInfoValues[L1]</td><td class="failed">fail</td><td class="failuredetails">java.lang.IllegalArgumentException: sessionId is null</td></tr><tr><td class="testname">com.google.android.wvts.MediaDrmParameterizedTests#testLicenseErrorCodeLicensePolicy[L1]</td><td class="failed">fail</td><td class="failuredetails">java.lang.IllegalArgumentException: sessionId is null</td></tr><tr><td class="testname">com.google.android.wvts.MediaDrmParameterizedTests#testLicenseErrorCodes[L1]</td><td class="failed">fail</td><td class="failuredetails">java.lang.IllegalArgumentException: sessionId is null</td></tr><tr><td class="testname">com.google.android.wvts.MediaDrmParameterizedTests#testLicenseOptionalParameters[L1]</td><td class="failed">fail</td><td class="failuredetails">java.lang.IllegalArgumentException: sessionId is null</td></tr><tr><td class="testname">com.google.android.wvts.MediaDrmParameterizedTests#testMultipleLoadKeys[L1]</td><td class="failed">fail</td><td class="failuredetails">java.lang.IllegalArgumentException: sessionId is null</td></tr><tr><td class="testname">com.google.android.wvts.MediaDrmParameterizedTests#testOEMCryptoInfoMetrics[L1]</td><td class="failed">fail</td><td class="failuredetails">java.lang.IllegalArgumentException: sessionId is null</td></tr><tr><td class="testname">com.google.android.wvts.MediaDrmParameterizedTests#testOpenSessionWithAndroidSecurityLevels[L1]</td><td class="failed">fail</td><td class="failuredetails">java.lang.AssertionError</td></tr><tr><td class="testname">com.google.android.wvts.MediaDrmParameterizedTests#testProvideLicenseResponseToMultipleSessions[L1]</td><td class="failed">fail</td><td class="failuredetails">java.lang.IllegalArgumentException: sessionId is null</td></tr><tr><td class="testname">com.google.android.wvts.MediaDrmParameterizedTests#testResourceRatingTierConcurrentSessions[L1]</td><td class="failed">fail</td><td class="failuredetails">java.lang.IllegalArgumentException: sessionId is null</td></tr><tr><td class="testname">com.google.android.wvts.MediaDrmParameterizedTests#testResourceRatingTierNumKeys[L1]</td><td class="failed">fail</td><td class="failuredetails">java.lang.AssertionError</td></tr><tr><td class="testname">com.google.android.wvts.MediaDrmParameterizedTests#testServiceCertificate[L1]</td><td class="failed">fail</td><td class="failuredetails">java.lang.AssertionError</td></tr><tr><td class="testname">com.google.android.wvts.MediaDrmParameterizedTests#testUsageTableCapacity[L1]</td><td class="failed">fail</td><td class="failuredetails">java.lang.IllegalArgumentException: sessionId is null</td></tr><tr><td class="testname">com.google.android.wvts.MediaDrmParameterizedTests#testUsageTablesSupportedInClientCapabilities[L1]</td><td class="failed">fail</td><td class="failuredetails">java.lang.IllegalArgumentException: sessionId is null</td></tr><tr><td class="testname">com.google.android.wvts.MediaDrmParameterizedTests#testValidateMetrics[L1]</td><td class="failed">fail</td><td class="failuredetails">java.lang.IllegalArgumentException: sessionId is null</td></tr><tr><td class="testname">com.google.android.wvts.MediaDrmParameterizedTests#testWidevineApi28[L1]</td><td class="failed">fail</td><td class="failuredetails">java.lang.IllegalArgumentException: sessionId is null</td></tr><tr><td class="testname">com.google.android.wvts.MediaDrmParameterizedTests#testWidevineApi29[L1]</td><td class="failed">fail</td><td class="failuredetails">java.lang.IllegalArgumentException: sessionId is null</td></tr><tr><td class="testname">com.google.android.wvts.MediaDrmParameterizedTests#testWidevineLicenseService16_4_2[L1]</td><td class="failed">fail</td><td class="failuredetails">java.lang.AssertionError: Playback error due to com.google.android.exoplayer2.ExoPlaybackException: com.google.android.exoplayer2.drm.DrmSession$DrmSessionException: com.google.android.exoplayer2.upstream.HttpDataSource$InvalidResponseCodeException: Response code: 403</td></tr><tr><td class="testname">com.google.android.wvts.MediaDrmParameterizedTests#testWidevineMediaDrmSessionCount[L1]</td><td class="failed">fail</td><td class="failuredetails">java.lang.Exception: [android.media.NotProvisionedException: {"cdmError":7}: ERROR_DRM_NOT_PROVISIONED</td></tr><tr><td class="testname">com.google.android.wvts.MediaDrmParameterizedTests#testValidateMetrics[L3]</td><td class="failed">fail</td><td class="failuredetails">java.lang.AssertionError</td></tr><tr><td class="testname">com.google.android.wvts.MediaDrmTests#testExceptionMessage</td><td class="failed">fail</td><td class="failuredetails">java.lang.IllegalArgumentException: sessionId is null</td></tr><tr><td class="testname">com.google.android.wvts.MediaDrmTests#testSetLogSessionId</td><td class="failed">fail</td><td class="failuredetails">java.lang.AssertionError: null session id</td></tr><tr><td class="testname">com.google.android.wvts.DrmSessionManagerTest#testReclaimSession</td><td class="failed">fail</td><td class="failuredetails">junit.framework.AssertionFailedError: Result is a fail.</td></tr><tr><td class="testname">com.google.android.wvts.MediaDrmStressTest#testL1H264PlaybackRecovery</td><td class="failed">fail</td><td class="failuredetails">java.lang.AssertionError</td></tr><tr><td class="testname">com.google.android.wvts.MediaDrmStressTest#testMultiKeyRequestInMultiSessions</td><td class="failed">fail</td><td class="failuredetails">java.lang.IllegalArgumentException: sessionId is null</td></tr><tr><td class="testname">com.google.android.wvts.MediaDrmStressTest#testMultiKeyRequestInSingleSession</td><td class="failed">fail</td><td class="failuredetails">java.lang.AssertionError</td></tr><tr><td class="testname">com.google.android.wvts.MediaDrmStressTest#testMultiSessionsInMultiDrmInstances</td><td class="failed">fail</td><td class="failuredetails">java.lang.AssertionError</td></tr></table>
<table class='incompletemodules' style='width:auto;'><tr><th colspan='3' class='module' style='text-align:left;background:#a5c639 !important;color:black;font-weight:bold;'>Incomplete Modules</th></tr><tr><td colspan='3' class='module' style='background:#d4e9a9;color:black;'>armeabi-v7a WvtsDeviceTestCases</td></tr></table>
</div>
<div class='container'>
<div class='single-col'>
<h2>Realtek/blackhawk_amati/blackhawk_amati:14/UKRC.260102.001/330:user/release-keys</h2>
<div class='filepath'><a href='http://10.22.193.246/AATS_XTS_REPORTS/MAC9Q_ANR14/DB2708/20260109_330/vts/2026.01.14_11.13.57/test_result_failures_suite.html'>http://10.22.193.246/AATS_XTS_REPORTS/MAC9Q_ANR14/DB2708/20260109_330/vts/2026.01.14_11.13.57/test_result_failures_suite.html</a></div>
<br><div class='horizontal-divider'><span>VTS / vts</span></div><div class='summary-wrapper'><div class='left-summary'><table class='summary'><tr><th class="summary-header">Summary</th><th class="summary-header"></th></tr><tr><td class="summary-data">Suite / Plan</td><td class="summary-data">VTS / vts</td></tr><tr><td class="summary-data">Suite / Build</td><td class="summary-data">14_r10 / 14221073</td></tr><tr><td class="summary-data">Host Info</td><td class="summary-data">Result/@start  rtksa2  (Linux - 6.2.0-39-generic)</td></tr><tr><td class="summary-data">Start time / End Time</td><td class="summary-data">Wed Jan 14 11:13:57 CST 2026 /  Wed Jan 14 11:23:14 CST 2026</td></tr><tr><td class="summary-data">Tests Passed</td><td class="summary-data">67434</td></tr><tr><td class="summary-data">Tests Failed</td><td class="summary-data">20</td></tr><tr><td class="summary-data">Modules Done</td><td class="summary-data">370</td></tr><tr><td class="summary-data">Modules Total</td><td class="summary-data">373</td></tr><tr><td class="summary-data">Fingerprint</td><td class="summary-data">Realtek/blackhawk_amati/blackhawk_amati:14/UKRC.260102.001/330:user/release-keys</td></tr><tr><td class="summary-data">Security Patch</td><td class="summary-data">2025-11-01</td></tr><tr><td class="summary-data">Release (SDK)</td><td class="summary-data">14 ()</td></tr><tr><td class="summary-data">ABIs</td><td class="summary-data">armeabi-v7a,armeabi</td></tr></table></div><div class='right-summary' style='display:flex; flex-direction:row; align-items:flex-start; gap:10px; visibility:visible; margin-top:1.5em;'><div class='chart-container'><div class='chart'><canvas id='moduleChart_VTS___vts_5' width='230' height='230' style='width:230px;height:230px;'></canvas></div><script src='https://cdn.jsdelivr.net/npm/chart.js'></script><script>var ctx=document.getElementById('moduleChart_VTS___vts_5').getContext('2d');new Chart(ctx,{type:'pie',data:{labels:['Incomplete modules (3)','Suspicious modules (4)'],datasets:[{data:[3,4],backgroundColor:['#4caf50','#f44336']}]} ,options:{responsive:false,maintainAspectRatio:false}});</script></div><div class='degrade-modules'><span class='suspicious-label'>Suspicious modules:</span><br>VtsAidlHalDrmTargetTest<br>VtsHalAudioV7_1TargetTest<br>VtsHalGraphicsComposer3_TargetTest<br>vts_linux_kselftest_arm_32</div><div class='degrade-modules'><span class='suspicious-label'>Incomplete modules:</span><br>VtsHalAudioV7_1TargetTest<br>VtsHalGraphicsComposer3_TargetTest<br>vts_ltp_test_arm</div></div></div>
<table class='testdetails'><tr><th colspan="3" class="module" style="text-align:left;">armeabi-v7a VtsAidlHalDrmTargetTest</th></tr><tr><th>Test</th><th>Result</th><th>Details</th></tr><tr><td class="testname">PerInstance/DrmHalTest#GetKeyRequestBadMime/3_widevine</td><td class="failed">fail</td><td class="failuredetails">vendor/widevine/libwvdrmengine/vts/vendor_module/vts_module.cpp:55: Failure</td></tr><tr><td class="testname">PerInstance/DrmHalTest#OfflineLicenseTest/3_widevine</td><td class="failed">fail</td><td class="failuredetails">vendor/widevine/libwvdrmengine/vts/vendor_module/vts_module.cpp:55: Failure</td></tr><tr><td class="testname">PerInstance/DrmHalTest#OfflineLicenseStateTest/3_widevine</td><td class="failed">fail</td><td class="failuredetails">vendor/widevine/libwvdrmengine/vts/vendor_module/vts_module.cpp:55: Failure</td></tr><tr><td class="testname">PerInstance/DrmHalTest#ClearSegmentTest/3_widevine</td><td class="failed">fail</td><td class="failuredetails">vendor/widevine/libwvdrmengine/vts/vendor_module/vts_module.cpp:55: Failure</td></tr><tr><td class="testname">PerInstance/DrmHalTest#EncryptedAesCtrSegmentTest/3_widevine</td><td class="failed">fail</td><td class="failuredetails">vendor/widevine/libwvdrmengine/vts/vendor_module/vts_module.cpp:55: Failure</td></tr><tr><td class="testname">PerInstance/DrmHalTest#ErrorFrameTooLarge/3_widevine</td><td class="failed">fail</td><td class="failuredetails">vendor/widevine/libwvdrmengine/vts/vendor_module/vts_module.cpp:55: Failure</td></tr><tr><td class="testname">PerInstance/DrmHalTest#EncryptedAesCtrSegmentTestNoKeys/3_widevine</td><td class="failed">fail</td><td class="failuredetails">vendor/widevine/libwvdrmengine/vts/vendor_module/vts_module.cpp:55: Failure</td></tr></table>
<table class='testdetails'><tr><th colspan="3" class="module" style="text-align:left;">armeabi-v7a VtsHalGraphicsComposer3_TargetTest</th></tr><tr><th>Test</th><th>Result</th><th>Details</th></tr><tr><td class="testname">PerInstance/GraphicsComposerAidlTest#GetDisplayCapabilities_BadDisplay/0_android_hardware_graphics_composer3_IComposer_default</td><td class="failed">fail</td><td class="failuredetails">No test results.</td></tr></table>
<table class='testdetails'><tr><th colspan="3" class="module" style="text-align:left;">armeabi-v7a vts_linux_kselftest_arm_32</th></tr><tr><th>Test</th><th>Result</th><th>Details</th></tr><tr><td class="testname">timers_inconsistency-check_arm_32#timers_inconsistency-check_arm_32</td><td class="failed">fail</td><td class="failuredetails">binary returned non-zero. Exit code: 255, stderr: , stdout: Consistent CLOCK_REALTIME                 [OK]</td></tr><tr><td class="testname">timers_nanosleep_arm_32#timers_nanosleep_arm_32</td><td class="failed">fail</td><td class="failuredetails">binary returned non-zero. Exit code: 1, stderr: adb: device '24ddd21711b1' not found</td></tr><tr><td class="testname">timers_nsleep-lat_arm_32#timers_nsleep-lat_arm_32</td><td class="failed">fail</td><td class="failuredetails">binary returned non-zero. Exit code: 1, stderr: adb: device '24ddd21711b1' not found</td></tr><tr><td class="testname">timers_posix_timers_arm_32#timers_posix_timers_arm_32</td><td class="failed">fail</td><td class="failuredetails">binary returned non-zero. Exit code: 1, stderr: adb: device '24ddd21711b1' not found</td></tr><tr><td class="testname">timers_raw_skew_arm_32#timers_raw_skew_arm_32</td><td class="failed">fail</td><td class="failuredetails">binary returned non-zero. Exit code: 1, stderr: adb: device '24ddd21711b1' not found</td></tr><tr><td class="testname">timers_set-tai_arm_32#timers_set-tai_arm_32</td><td class="failed">fail</td><td class="failuredetails">binary returned non-zero. Exit code: 1, stderr: adb: device '24ddd21711b1' not found</td></tr><tr><td class="testname">timers_set-timer-lat_arm_32#timers_set-timer-lat_arm_32</td><td class="failed">fail</td><td class="failuredetails">binary returned non-zero. Exit code: 1, stderr: adb: device '24ddd21711b1' not found</td></tr><tr><td class="testname">timers_threadtest_arm_32#timers_threadtest_arm_32</td><td class="failed">fail</td><td class="failuredetails">binary returned non-zero. Exit code: 1, stderr: adb: device '24ddd21711b1' not found</td></tr><tr><td class="testname">timers_valid-adjtimex_arm_32#timers_valid-adjtimex_arm_32</td><td class="failed">fail</td><td class="failuredetails">binary returned non-zero. Exit code: 1, stderr: adb: device '24ddd21711b1' not found</td></tr><tr><td class="testname">vm_mremap_dontunmap_arm_32#vm_mremap_dontunmap_arm_32</td><td class="failed">fail</td><td class="failuredetails">binary returned non-zero. Exit code: 1, stderr: adb: device '24ddd21711b1' not found</td></tr><tr><td class="testname">vm_userfaultfd_anon_arm_32#vm_userfaultfd_anon_arm_32</td><td class="failed">fail</td><td class="failuredetails">binary returned non-zero. Exit code: 1, stderr: adb: device '24ddd21711b1' not found</td></tr><tr><td class="testname">vm_userfaultfd_shmem_arm_32#vm_userfaultfd_shmem_arm_32</td><td class="failed">fail</td><td class="failuredetails">binary returned non-zero. Exit code: 1, stderr: adb: device '24ddd21711b1' not found</td></tr></table>
<table class='incompletemodules' style='width:auto;'><tr><th colspan='3' class='module' style='text-align:left;background:#a5c639 !important;color:black;font-weight:bold;'>Incomplete Modules</th></tr><tr><td colspan='3' class='module' style='background:#d4e9a9;color:black;'>armeabi-v7a VtsHalAudioV7_1TargetTest</td></tr><tr><td colspan='3' class='module' style='background:#d4e9a9;color:black;'>armeabi-v7a VtsHalGraphicsComposer3_TargetTest</td></tr><tr><td colspan='3' class='module' style='background:#d4e9a9;color:black;'>armeabi-v7a vts_ltp_test_arm</td></tr></table>
</div>
<div class='container'>
<div class='single-col'>
<h2>Realtek/blackhawk_amati/blackhawk_amati:14/UKRC.260102.001/330:user/release-keys</h2>
<div class='filepath'><a href='http://10.22.193.246/AATS_XTS_REPORTS/MAC9Q_ANR14/DB2708/20260109_330/tvts/2026.01.15_08.57.35/test_result_failures_suite.html'>http://10.22.193.246/AATS_XTS_REPORTS/MAC9Q_ANR14/DB2708/20260109_330/tvts/2026.01.15_08.57.35/test_result_failures_suite.html</a></div>
<br><div class='horizontal-divider'><span>TVTS / tvts-full-cert</span></div><div class='summary-wrapper'><div class='left-summary'><table class='summary'><tr><th class="summary-header">Summary</th><th class="summary-header"></th></tr><tr><td class="summary-data">Suite / Plan</td><td class="summary-data">TVTS / tvts-full-cert</td></tr><tr><td class="summary-data">Suite / Build</td><td class="summary-data">2.16_r2 / 14587020</td></tr><tr><td class="summary-data">Host Info</td><td class="summary-data">Result/@start  rtksa2  (Linux - 6.2.0-39-generic)</td></tr><tr><td class="summary-data">Start time / End Time</td><td class="summary-data">Thu Jan 15 08:57:35 CST 2026 /  Thu Jan 15 16:32:33 CST 2026</td></tr><tr><td class="summary-data">Tests Passed</td><td class="summary-data">848</td></tr><tr><td class="summary-data">Tests Failed</td><td class="summary-data">90</td></tr><tr><td class="summary-data">Modules Done</td><td class="summary-data">36</td></tr><tr><td class="summary-data">Modules Total</td><td class="summary-data">36</td></tr><tr><td class="summary-data">Fingerprint</td><td class="summary-data">Realtek/blackhawk_amati/blackhawk_amati:14/UKRC.260102.001/330:user/release-keys</td></tr><tr><td class="summary-data">Security Patch</td><td class="summary-data">2025-12-01</td></tr><tr><td class="summary-data">Release (SDK)</td><td class="summary-data">14 (34)</td></tr><tr><td class="summary-data">ABIs</td><td class="summary-data">armeabi-v7a,armeabi</td></tr></table></div><div class='right-summary' style='display:flex; flex-direction:row; align-items:flex-start; gap:10px; visibility:visible; margin-top:1.5em;'><div class='chart-container'><div class='chart'><canvas id='moduleChart_TVTS___tvts-full-cert_6' width='230' height='230' style='width:230px;height:230px;'></canvas></div><script src='https://cdn.jsdelivr.net/npm/chart.js'></script><script>var ctx=document.getElementById('moduleChart_TVTS___tvts-full-cert_6').getContext('2d');new Chart(ctx,{type:'pie',data:{labels:['Incomplete modules (0)','Suspicious modules (3)'],datasets:[{data:[0,3],backgroundColor:['#4caf50','#f44336']}]} ,options:{responsive:false,maintainAspectRatio:false}});</script></div><div class='degrade-modules'><span class='suspicious-label'>Suspicious modules:</span><br>TvtsPerfCujTestCases<br>TvtsSmokeTestCases<br>TvtsYouTubeTS</div><div class='degrade-modules'><span class='suspicious-label'>Incomplete modules:</span><br></div></div></div>
<table class='testdetails'><tr><th colspan="3" class="module" style="text-align:left;">armeabi-v7a TvtsPerfCujTestCases</th></tr><tr><th>Test</th><th>Result</th><th>Details</th></tr><tr><td class="testname">com.google.android.cuj.tvts.TvtsPerfCujRunner#testPerfCuj</td><td class="failed">fail</td><td class="failuredetails">java.lang.AssertionError: Perf CUJ test failed.</td></tr></table>
<table class='testdetails'><tr><th colspan="3" class="module" style="text-align:left;">armeabi-v7a TvtsSmokeTestCases</th></tr><tr><th>Test</th><th>Result</th><th>Details</th></tr><tr><td class="testname">com.google.android.smoketests.tvts.TvtsSmokeTest#testSmoke[smoke-json-file-exists]</td><td class="failed">fail</td><td class="failuredetails">java.lang.AssertionError: smoke-json-file-exists</td></tr></table>
<table class='testdetails'><tr><th colspan="3" class="module" style="text-align:left;">armeabi-v7a TvtsYouTubeTS</th></tr><tr><th>Test</th><th>Result</th><th>Details</th></tr><tr><td class="testname">com.google.android.apps.yts.tvts.YtsReport#yts[VP9WidevineSFRTestsVP9WidevineSFRPlaybackPerformancePlaybackPerfVP9.240p.30fps@1X-11.2.1.1]</td><td class="failed">fail</td><td class="failuredetails">java.lang.AssertionError: Failed required test</td></tr><tr><td class="testname">com.google.android.apps.yts.tvts.YtsReport#yts[VP9WidevineSFRTestsVP9WidevineSFRPlaybackPerformancePlaybackPerfVP9.720p.30fps@1.25X-11.2.10.1]</td><td class="failed">fail</td><td class="failuredetails">java.lang.AssertionError: Failed required test</td></tr><tr><td class="testname">com.google.android.apps.yts.tvts.YtsReport#yts[VP9WidevineSFRTestsVP9WidevineSFRPlaybackPerformancePlaybackPerfVP9.720p.30fps@1.5X-11.2.11.1]</td><td class="failed">fail</td><td class="failuredetails">java.lang.AssertionError: Failed required test</td></tr><tr><td class="testname">com.google.android.apps.yts.tvts.YtsReport#yts[VP9WidevineSFRTestsVP9WidevineSFRPlaybackPerformancePlaybackPerfVP9.720p.MQ.30fps@0.25X-11.2.14.1]</td><td class="failed">fail</td><td class="failuredetails">java.lang.AssertionError: Failed required test</td></tr><tr><td class="testname">com.google.android.apps.yts.tvts.YtsReport#yts[VP9WidevineSFRTestsVP9WidevineSFRPlaybackPerformancePlaybackPerfVP9.720p.MQ.30fps@0.5X-11.2.15.1]</td><td class="failed">fail</td><td class="failuredetails">java.lang.AssertionError: Failed required test</td></tr><tr><td class="testname">com.google.android.apps.yts.tvts.YtsReport#yts[VP9WidevineSFRTestsVP9WidevineSFRPlaybackPerformancePlaybackPerfVP9.720p.MQ.30fps@0.75X-11.2.16.1]</td><td class="failed">fail</td><td class="failuredetails">java.lang.AssertionError: Failed required test</td></tr><tr><td class="testname">com.google.android.apps.yts.tvts.YtsReport#yts[VP9WidevineSFRTestsVP9WidevineSFRPlaybackPerformancePlaybackPerfVP9.720p.MQ.30fps@1X-11.2.17.1]</td><td class="failed">fail</td><td class="failuredetails">java.lang.AssertionError: Failed required test</td></tr><tr><td class="testname">com.google.android.apps.yts.tvts.YtsReport#yts[VP9WidevineSFRTestsVP9WidevineSFRPlaybackPerformancePlaybackPerfVP9.720p.MQ.30fps@1.25X-11.2.18.1]</td><td class="failed">fail</td><td class="failuredetails">java.lang.AssertionError: Failed required test</td></tr><tr><td class="testname">com.google.android.apps.yts.tvts.YtsReport#yts[VP9WidevineSFRTestsVP9WidevineSFRPlaybackPerformancePlaybackPerfVP9.720p.MQ.30fps@1.5X-11.2.19.1]</td><td class="failed">fail</td><td class="failuredetails">java.lang.AssertionError: Failed required test</td></tr><tr><td class="testname">com.google.android.apps.yts.tvts.YtsReport#yts[VP9WidevineSFRTestsVP9WidevineSFRPlaybackPerformancePlaybackPerfVP9.360p.30fps@1X-11.2.2.1]</td><td class="failed">fail</td><td class="failuredetails">java.lang.AssertionError: Failed required test</td></tr><tr><td class="testname">com.google.android.apps.yts.tvts.YtsReport#yts[VP9WidevineSFRTestsVP9WidevineSFRPlaybackPerformancePlaybackPerfVP9.720p.HQ.30fps@0.25X-11.2.22.1]</td><td class="failed">fail</td><td class="failuredetails">java.lang.AssertionError: Failed required test</td></tr><tr><td class="testname">com.google.android.apps.yts.tvts.YtsReport#yts[VP9WidevineSFRTestsVP9WidevineSFRPlaybackPerformancePlaybackPerfVP9.720p.HQ.30fps@0.5X-11.2.23.1]</td><td class="failed">fail</td><td class="failuredetails">java.lang.AssertionError: Failed required test</td></tr><tr><td class="testname">com.google.android.apps.yts.tvts.YtsReport#yts[VP9WidevineSFRTestsVP9WidevineSFRPlaybackPerformancePlaybackPerfVP9.720p.HQ.30fps@0.75X-11.2.24.1]</td><td class="failed">fail</td><td class="failuredetails">java.lang.AssertionError: Failed required test</td></tr><tr><td class="testname">com.google.android.apps.yts.tvts.YtsReport#yts[VP9WidevineSFRTestsVP9WidevineSFRPlaybackPerformancePlaybackPerfVP9.720p.HQ.30fps@1X-11.2.25.1]</td><td class="failed">fail</td><td class="failuredetails">java.lang.AssertionError: Failed required test</td></tr><tr><td class="testname">com.google.android.apps.yts.tvts.YtsReport#yts[VP9WidevineSFRTestsVP9WidevineSFRPlaybackPerformancePlaybackPerfVP9.720p.HQ.30fps@1.25X-11.2.26.1]</td><td class="failed">fail</td><td class="failuredetails">java.lang.AssertionError: Failed required test</td></tr><tr><td class="testname">com.google.android.apps.yts.tvts.YtsReport#yts[VP9WidevineSFRTestsVP9WidevineSFRPlaybackPerformancePlaybackPerfVP9.720p.HQ.30fps@1.5X-11.2.27.1]</td><td class="failed">fail</td><td class="failuredetails">java.lang.AssertionError: Failed required test</td></tr><tr><td class="testname">com.google.android.apps.yts.tvts.YtsReport#yts[VP9WidevineSFRTestsVP9WidevineSFRPlaybackPerformancePlaybackPerfVP9.480p.30fps@1X-11.2.3.1]</td><td class="failed">fail</td><td class="failuredetails">java.lang.AssertionError: Failed required test</td></tr><tr><td class="testname">com.google.android.apps.yts.tvts.YtsReport#yts[VP9WidevineSFRTestsVP9WidevineSFRPlaybackPerformancePlaybackPerfVP9.480p.MQ.30fps@1X-11.2.4.1]</td><td class="failed">fail</td><td class="failuredetails">java.lang.AssertionError: Failed required test</td></tr><tr><td class="testname">com.google.android.apps.yts.tvts.YtsReport#yts[VP9WidevineSFRTestsVP9WidevineSFRPlaybackPerformancePlaybackPerfVP9.480p.HQ.30fps@1X-11.2.5.1]</td><td class="failed">fail</td><td class="failuredetails">java.lang.AssertionError: Failed required test</td></tr><tr><td class="testname">com.google.android.apps.yts.tvts.YtsReport#yts[VP9WidevineSFRTestsVP9WidevineSFRPlaybackPerformancePlaybackPerfVP9.720p.30fps@0.25X-11.2.6.1]</td><td class="failed">fail</td><td class="failuredetails">java.lang.AssertionError: Failed required test</td></tr><tr><td class="testname">com.google.android.apps.yts.tvts.YtsReport#yts[VP9WidevineSFRTestsVP9WidevineSFRPlaybackPerformancePlaybackPerfVP9.720p.30fps@0.5X-11.2.7.1]</td><td class="failed">fail</td><td class="failuredetails">java.lang.AssertionError: Failed required test</td></tr><tr><td class="testname">com.google.android.apps.yts.tvts.YtsReport#yts[VP9WidevineSFRTestsVP9WidevineSFRPlaybackPerformancePlaybackPerfVP9.720p.30fps@0.75X-11.2.8.1]</td><td class="failed">fail</td><td class="failuredetails">java.lang.AssertionError: Failed required test</td></tr><tr><td class="testname">com.google.android.apps.yts.tvts.YtsReport#yts[VP9WidevineSFRTestsVP9WidevineSFRPlaybackPerformancePlaybackPerfVP9.720p.30fps@1X-11.2.9.1]</td><td class="failed">fail</td><td class="failuredetails">java.lang.AssertionError: Failed required test</td></tr><tr><td class="testname">com.google.android.apps.yts.tvts.YtsReport#yts[EMEConformanceTestswidevinewidevineH264video-3.1.1.1]</td><td class="failed">fail</td><td class="failuredetails">java.lang.AssertionError: Failed required test</td></tr><tr><td class="testname">com.google.android.apps.yts.tvts.YtsReport#yts[EMEConformanceTestsWidevinesetServerCertificate-3.1.10.2]</td><td class="failed">fail</td><td class="failuredetails">java.lang.AssertionError: Failed required test</td></tr><tr><td class="testname">com.google.android.apps.yts.tvts.YtsReport#yts[EMEConformanceTestswidevinewidevineAACaudio-3.1.2.1]</td><td class="failed">fail</td><td class="failuredetails">java.lang.AssertionError: Failed required test</td></tr><tr><td class="testname">com.google.android.apps.yts.tvts.YtsReport#yts[EMEConformanceTestswidevinewidevineOpusaudio-3.1.3.1]</td><td class="failed">fail</td><td class="failuredetails">java.lang.AssertionError: Failed required test</td></tr><tr><td class="testname">com.google.android.apps.yts.tvts.YtsReport#yts[EMEConformanceTestswidevinewidevineVP9video-3.1.4.1]</td><td class="failed">fail</td><td class="failuredetails">java.lang.AssertionError: Failed required test</td></tr><tr><td class="testname">com.google.android.apps.yts.tvts.YtsReport#yts[EMEConformanceTestswidevinewidevineVP9Subsamplevideo-3.1.5.1]</td><td class="failed">fail</td><td class="failuredetails">java.lang.AssertionError: Failed required test</td></tr><tr><td class="testname">com.google.android.apps.yts.tvts.YtsReport#yts[EMEConformanceTestsWidevineWidevineH264MultiMediaKeySessions-3.1.6.1]</td><td class="failed">fail</td><td class="failuredetails">java.lang.AssertionError: Failed required test</td></tr><tr><td class="testname">com.google.android.apps.yts.tvts.YtsReport#yts[EMEConformanceTestsWidevineWidevineLicenseDelayH264Video-3.1.7.1]</td><td class="failed">fail</td><td class="failuredetails">java.lang.AssertionError: Failed required test</td></tr><tr><td class="testname">com.google.android.apps.yts.tvts.YtsReport#yts[EMEConformanceTestsWidevineWidevineLicenseDelayVP9Video-3.1.8.1]</td><td class="failed">fail</td><td class="failuredetails">java.lang.AssertionError: Failed required test</td></tr><tr><td class="testname">com.google.android.apps.yts.tvts.YtsReport#yts[EMEConformanceTestsEncryptionSchemeH264VideoCenc-3.5.1.1]</td><td class="failed">fail</td><td class="failuredetails">java.lang.AssertionError: Failed required test</td></tr><tr><td class="testname">com.google.android.apps.yts.tvts.YtsReport#yts[EMEConformanceTestsEncryptionSchemeAV1VideoUnsetScheme-3.5.10.1]</td><td class="failed">fail</td><td class="failuredetails">java.lang.AssertionError: Failed required test</td></tr><tr><td class="testname">com.google.android.apps.yts.tvts.YtsReport#yts[EMEConformanceTestsEncryptionSchemeAACAudioCenc-3.5.12.1]</td><td class="failed">fail</td><td class="failuredetails">java.lang.AssertionError: Failed required test</td></tr><tr><td class="testname">com.google.android.apps.yts.tvts.YtsReport#yts[EMEConformanceTestsEncryptionSchemeAACAudioUnsetScheme-3.5.13.1]</td><td class="failed">fail</td><td class="failuredetails">java.lang.AssertionError: Failed required test</td></tr><tr><td class="testname">com.google.android.apps.yts.tvts.YtsReport#yts[EMEConformanceTestsEncryptionSchemeAACAudioCbcs-3.5.14.1]</td><td class="failed">fail</td><td class="failuredetails">java.lang.AssertionError: Failed required test</td></tr><tr><td class="testname">com.google.android.apps.yts.tvts.YtsReport#yts[EMEConformanceTestsEncryptionSchemeOpusAudioCenc-3.5.16.1]</td><td class="failed">fail</td><td class="failuredetails">java.lang.AssertionError: Failed required test</td></tr><tr><td class="testname">com.google.android.apps.yts.tvts.YtsReport#yts[EMEConformanceTestsEncryptionSchemeOpusAudioUnsetScheme-3.5.17.1]</td><td class="failed">fail</td><td class="failuredetails">java.lang.AssertionError: Failed required test</td></tr><tr><td class="testname">com.google.android.apps.yts.tvts.YtsReport#yts[EMEConformanceTestsEncryptionSchemeAC3AudioCbcs-3.5.18.1]</td><td class="failed">fail</td><td class="failuredetails">java.lang.AssertionError: Failed required test</td></tr><tr><td class="testname">com.google.android.apps.yts.tvts.YtsReport#yts[EMEConformanceTestsEncryptionSchemeH264VideoUnsetScheme-3.5.2.1]</td><td class="failed">fail</td><td class="failuredetails">java.lang.AssertionError: Failed required test</td></tr><tr><td class="testname">com.google.android.apps.yts.tvts.YtsReport#yts[EMEConformanceTestsEncryptionSchemeH264VideoCencAACAudioCenc-3.5.20.1]</td><td class="failed">fail</td><td class="failuredetails">java.lang.AssertionError: Failed required test</td></tr><tr><td class="testname">com.google.android.apps.yts.tvts.YtsReport#yts[EMEConformanceTestsEncryptionSchemeVP9VideoCencOpusAudioCenc-3.5.21.1]</td><td class="failed">fail</td><td class="failuredetails">java.lang.AssertionError: Failed required test</td></tr><tr><td class="testname">com.google.android.apps.yts.tvts.YtsReport#yts[EMEConformanceTestsEncryptionSchemeVP9VideoCbcsAACAudioCbcs-3.5.22.1]</td><td class="failed">fail</td><td class="failuredetails">java.lang.AssertionError: Failed required test</td></tr><tr><td class="testname">com.google.android.apps.yts.tvts.YtsReport#yts[EMEConformanceTestsEncryptionSchemeAV1VideoCbcsAACAudioCbcs-3.5.23.1]</td><td class="failed">fail</td><td class="failuredetails">java.lang.AssertionError: Failed required test</td></tr><tr><td class="testname">com.google.android.apps.yts.tvts.YtsReport#yts[EMEConformanceTestsEncryptionSchemeAV1VideoCbcsAACAudioCenc-3.5.24.1]</td><td class="failed">fail</td><td class="failuredetails">java.lang.AssertionError: Failed required test</td></tr><tr><td class="testname">com.google.android.apps.yts.tvts.YtsReport#yts[EMEConformanceTestsEncryptionSchemeEAC3AudioCbcs-3.5.3.1]</td><td class="failed">fail</td><td class="failuredetails">java.lang.AssertionError: Failed required test</td></tr><tr><td class="testname">com.google.android.apps.yts.tvts.YtsReport#yts[EMEConformanceTestsEncryptionSchemeVP9VideoCenc-3.5.5.1]</td><td class="failed">fail</td><td class="failuredetails">java.lang.AssertionError: Failed required test</td></tr><tr><td class="testname">com.google.android.apps.yts.tvts.YtsReport#yts[EMEConformanceTestsEncryptionSchemeVP9VideoUnsetScheme-3.5.6.1]</td><td class="failed">fail</td><td class="failuredetails">java.lang.AssertionError: Failed required test</td></tr><tr><td class="testname">com.google.android.apps.yts.tvts.YtsReport#yts[EMEConformanceTestsEncryptionSchemeVP9VideoCbcs-3.5.7.1]</td><td class="failed">fail</td><td class="failuredetails">java.lang.AssertionError: Failed required test</td></tr><tr><td class="testname">com.google.android.apps.yts.tvts.YtsReport#yts[EMEConformanceTestsEncryptionSchemeAV1VideoCbcs-3.5.9.1]</td><td class="failed">fail</td><td class="failuredetails">java.lang.AssertionError: Failed required test</td></tr><tr><td class="testname">com.google.android.apps.yts.tvts.YtsReport#yts[EMEConformanceTestsWidevineAV1WidevineAV1.8bit.BT709.144p.30fps-3.6.1.1]</td><td class="failed">fail</td><td class="failuredetails">java.lang.AssertionError: Failed required test</td></tr><tr><td class="testname">com.google.android.apps.yts.tvts.YtsReport#yts[EMEConformanceTestsWidevineAV1WidevineAV1.8bit.BT709.1440p.60fps-3.6.10.1]</td><td class="failed">fail</td><td class="failuredetails">java.lang.AssertionError: Failed required test</td></tr><tr><td class="testname">com.google.android.apps.yts.tvts.YtsReport#yts[EMEConformanceTestsWidevineAV1WidevineAV1.8bit.BT709.2160p.30fps(required)-3.6.11.2]</td><td class="failed">fail</td><td class="failuredetails">java.lang.AssertionError: Failed required test</td></tr><tr><td class="testname">com.google.android.apps.yts.tvts.YtsReport#yts[EMEConformanceTestsWidevineAV1WidevineAV1.8bit.BT709.2160p.60fps(required)-3.6.12.2]</td><td class="failed">fail</td><td class="failuredetails">java.lang.AssertionError: Failed required test</td></tr><tr><td class="testname">com.google.android.apps.yts.tvts.YtsReport#yts[EMEConformanceTestsWidevineAV1WidevineAV1.8bit.BT709.240p.30fps-3.6.2.1]</td><td class="failed">fail</td><td class="failuredetails">java.lang.AssertionError: Failed required test</td></tr><tr><td class="testname">com.google.android.apps.yts.tvts.YtsReport#yts[EMEConformanceTestsWidevineAV1WidevineAV1.8bit.BT709.360p.30fps-3.6.3.1]</td><td class="failed">fail</td><td class="failuredetails">java.lang.AssertionError: Failed required test</td></tr><tr><td class="testname">com.google.android.apps.yts.tvts.YtsReport#yts[EMEConformanceTestsWidevineAV1WidevineAV1.8bit.BT709.480p.30fps-3.6.4.1]</td><td class="failed">fail</td><td class="failuredetails">java.lang.AssertionError: Failed required test</td></tr><tr><td class="testname">com.google.android.apps.yts.tvts.YtsReport#yts[EMEConformanceTestsWidevineAV1WidevineAV1.8bit.BT709.720p.30fps-3.6.5.1]</td><td class="failed">fail</td><td class="failuredetails">java.lang.AssertionError: Failed required test</td></tr><tr><td class="testname">com.google.android.apps.yts.tvts.YtsReport#yts[EMEConformanceTestsWidevineAV1WidevineAV1.8bit.BT709.720p.60fps-3.6.6.1]</td><td class="failed">fail</td><td class="failuredetails">java.lang.AssertionError: Failed required test</td></tr><tr><td class="testname">com.google.android.apps.yts.tvts.YtsReport#yts[EMEConformanceTestsWidevineAV1WidevineAV1.8bit.BT709.1080p.30fps-3.6.7.1]</td><td class="failed">fail</td><td class="failuredetails">java.lang.AssertionError: Failed required test</td></tr><tr><td class="testname">com.google.android.apps.yts.tvts.YtsReport#yts[EMEConformanceTestsWidevineAV1WidevineAV1.8bit.BT709.1080p.60fps-3.6.8.1]</td><td class="failed">fail</td><td class="failuredetails">java.lang.AssertionError: Failed required test</td></tr><tr><td class="testname">com.google.android.apps.yts.tvts.YtsReport#yts[EMEConformanceTestsWidevineAV1WidevineAV1.8bit.BT709.1440p.30fps-3.6.9.1]</td><td class="failed">fail</td><td class="failuredetails">java.lang.AssertionError: Failed required test</td></tr><tr><td class="testname">com.google.android.apps.yts.tvts.YtsReport#yts[EMEConformanceTestsWidevineAV1WidevineAV1.10bit.HLG.144p.30fps-3.7.1.1]</td><td class="failed">fail</td><td class="failuredetails">java.lang.AssertionError: Failed required test</td></tr><tr><td class="testname">com.google.android.apps.yts.tvts.YtsReport#yts[EMEConformanceTestsWidevineAV1WidevineAV1.10bit.HLG.1440p.60fps-3.7.10.1]</td><td class="failed">fail</td><td class="failuredetails">java.lang.AssertionError: Failed required test</td></tr><tr><td class="testname">com.google.android.apps.yts.tvts.YtsReport#yts[EMEConformanceTestsWidevineAV1WidevineAV1.10bit.HLG.2160p.24fps(required)-3.7.11.2]</td><td class="failed">fail</td><td class="failuredetails">java.lang.AssertionError: Failed required test</td></tr><tr><td class="testname">com.google.android.apps.yts.tvts.YtsReport#yts[EMEConformanceTestsWidevineAV1WidevineAV1.10bit.HLG.2160p.60fps(required)-3.7.12.2]</td><td class="failed">fail</td><td class="failuredetails">java.lang.AssertionError: Failed required test</td></tr><tr><td class="testname">com.google.android.apps.yts.tvts.YtsReport#yts[EMEConformanceTestsWidevineAV1WidevineAV1.10bit.HLG.240p.30fps-3.7.2.1]</td><td class="failed">fail</td><td class="failuredetails">java.lang.AssertionError: Failed required test</td></tr><tr><td class="testname">com.google.android.apps.yts.tvts.YtsReport#yts[EMEConformanceTestsWidevineAV1WidevineAV1.10bit.HLG.360p.30fps-3.7.3.1]</td><td class="failed">fail</td><td class="failuredetails">java.lang.AssertionError: Failed required test</td></tr><tr><td class="testname">com.google.android.apps.yts.tvts.YtsReport#yts[EMEConformanceTestsWidevineAV1WidevineAV1.10bit.HLG.480p.30fps-3.7.4.1]</td><td class="failed">fail</td><td class="failuredetails">java.lang.AssertionError: Failed required test</td></tr><tr><td class="testname">com.google.android.apps.yts.tvts.YtsReport#yts[EMEConformanceTestsWidevineAV1WidevineAV1.10bit.HLG.720p.24fps-3.7.5.1]</td><td class="failed">fail</td><td class="failuredetails">java.lang.AssertionError: Failed required test</td></tr><tr><td class="testname">com.google.android.apps.yts.tvts.YtsReport#yts[EMEConformanceTestsWidevineAV1WidevineAV1.10bit.HLG.720p.60fps-3.7.6.1]</td><td class="failed">fail</td><td class="failuredetails">java.lang.AssertionError: Failed required test</td></tr><tr><td class="testname">com.google.android.apps.yts.tvts.YtsReport#yts[EMEConformanceTestsWidevineAV1WidevineAV1.10bit.HLG.1080p.24fps-3.7.7.1]</td><td class="failed">fail</td><td class="failuredetails">java.lang.AssertionError: Failed required test</td></tr><tr><td class="testname">com.google.android.apps.yts.tvts.YtsReport#yts[EMEConformanceTestsWidevineAV1WidevineAV1.10bit.HLG.1080p.60fps-3.7.8.1]</td><td class="failed">fail</td><td class="failuredetails">java.lang.AssertionError: Failed required test</td></tr><tr><td class="testname">com.google.android.apps.yts.tvts.YtsReport#yts[EMEConformanceTestsWidevineAV1WidevineAV1.10bit.HLG.1440p.24fps-3.7.9.1]</td><td class="failed">fail</td><td class="failuredetails">java.lang.AssertionError: Failed required test</td></tr><tr><td class="testname">com.google.android.apps.yts.tvts.YtsReport#yts[EMEConformanceTestsWidevineAV1WidevineAV1.10bit.PQ.144p.30fps-3.8.1.1]</td><td class="failed">fail</td><td class="failuredetails">java.lang.AssertionError: Failed required test</td></tr><tr><td class="testname">com.google.android.apps.yts.tvts.YtsReport#yts[EMEConformanceTestsWidevineAV1WidevineAV1.10bit.PQ.1440p.60fps-3.8.10.1]</td><td class="failed">fail</td><td class="failuredetails">java.lang.AssertionError: Failed required test</td></tr><tr><td class="testname">com.google.android.apps.yts.tvts.YtsReport#yts[EMEConformanceTestsWidevineAV1WidevineAV1.10bit.PQ.2160p.24fps(required)-3.8.11.2]</td><td class="failed">fail</td><td class="failuredetails">java.lang.AssertionError: Failed required test</td></tr><tr><td class="testname">com.google.android.apps.yts.tvts.YtsReport#yts[EMEConformanceTestsWidevineAV1WidevineAV1.10bit.PQ.2160p.60fps(required)-3.8.12.2]</td><td class="failed">fail</td><td class="failuredetails">java.lang.AssertionError: Failed required test</td></tr><tr><td class="testname">com.google.android.apps.yts.tvts.YtsReport#yts[EMEConformanceTestsWidevineAV1WidevineAV1.10bit.PQ.240p.30fps-3.8.2.1]</td><td class="failed">fail</td><td class="failuredetails">java.lang.AssertionError: Failed required test</td></tr><tr><td class="testname">com.google.android.apps.yts.tvts.YtsReport#yts[EMEConformanceTestsWidevineAV1WidevineAV1.10bit.PQ.360p.30fps-3.8.3.1]</td><td class="failed">fail</td><td class="failuredetails">java.lang.AssertionError: Failed required test</td></tr><tr><td class="testname">com.google.android.apps.yts.tvts.YtsReport#yts[EMEConformanceTestsWidevineAV1WidevineAV1.10bit.PQ.480p.30fps-3.8.4.1]</td><td class="failed">fail</td><td class="failuredetails">java.lang.AssertionError: Failed required test</td></tr><tr><td class="testname">com.google.android.apps.yts.tvts.YtsReport#yts[EMEConformanceTestsWidevineAV1WidevineAV1.10bit.PQ.720p.24fps-3.8.5.1]</td><td class="failed">fail</td><td class="failuredetails">java.lang.AssertionError: Failed required test</td></tr><tr><td class="testname">com.google.android.apps.yts.tvts.YtsReport#yts[EMEConformanceTestsWidevineAV1WidevineAV1.10bit.PQ.720p.60fps-3.8.6.1]</td><td class="failed">fail</td><td class="failuredetails">java.lang.AssertionError: Failed required test</td></tr><tr><td class="testname">com.google.android.apps.yts.tvts.YtsReport#yts[EMEConformanceTestsWidevineAV1WidevineAV1.10bit.PQ.1080p.24fps-3.8.7.1]</td><td class="failed">fail</td><td class="failuredetails">java.lang.AssertionError: Failed required test</td></tr><tr><td class="testname">com.google.android.apps.yts.tvts.YtsReport#yts[EMEConformanceTestsWidevineAV1WidevineAV1.10bit.PQ.1080p.60fps-3.8.8.1]</td><td class="failed">fail</td><td class="failuredetails">java.lang.AssertionError: Failed required test</td></tr><tr><td class="testname">com.google.android.apps.yts.tvts.YtsReport#yts[EMEConformanceTestsWidevineAV1WidevineAV1.10bit.PQ.1440p.24fps-3.8.9.1]</td><td class="failed">fail</td><td class="failuredetails">java.lang.AssertionError: Failed required test</td></tr><tr><td class="testname">com.google.android.apps.yts.tvts.TvtsYouTubeTS#testYTS</td><td class="failed">fail</td><td class="failuredetails">java.lang.AssertionError: 87 YouTube tests failed. Details :</td></tr></table>
</div>
<div class='container'>
<div class='single-col'>
<h2>Realtek/blackhawk_amati/blackhawk_amati:14/UKRC.260102.001/330:user/release-keys</h2>
<div class='filepath'><a href='http://10.22.193.246/AATS_XTS_REPORTS/MAC9Q_ANR14/DB2708/20260109_330/sts/2026.01.09_16.27.43/test_result_failures_suite.html'>http://10.22.193.246/AATS_XTS_REPORTS/MAC9Q_ANR14/DB2708/20260109_330/sts/2026.01.09_16.27.43/test_result_failures_suite.html</a></div>
<br><div class='horizontal-divider'><span>STS / sts-dynamic-full</span></div><div class='summary-wrapper'><div class='left-summary'><table class='summary'><tr><th class="summary-header">Summary</th><th class="summary-header"></th></tr><tr><td class="summary-data">Suite / Plan</td><td class="summary-data">STS / sts-dynamic-full</td></tr><tr><td class="summary-data">Suite / Build</td><td class="summary-data">14_sts-r47 / 14662542</td></tr><tr><td class="summary-data">Host Info</td><td class="summary-data">Result/@start  rtksa2  (Linux - 6.2.0-39-generic)</td></tr><tr><td class="summary-data">Start time / End Time</td><td class="summary-data">Fri Jan 09 16:27:43 CST 2026 /  Fri Jan 09 16:38:58 CST 2026</td></tr><tr><td class="summary-data">Tests Passed</td><td class="summary-data">949</td></tr><tr><td class="summary-data">Tests Failed</td><td class="summary-data">1</td></tr><tr><td class="summary-data">Modules Done</td><td class="summary-data">24</td></tr><tr><td class="summary-data">Modules Total</td><td class="summary-data">24</td></tr><tr><td class="summary-data">Fingerprint</td><td class="summary-data">Realtek/blackhawk_amati/blackhawk_amati:14/UKRC.260102.001/330:user/release-keys</td></tr><tr><td class="summary-data">Security Patch</td><td class="summary-data">2025-12-01</td></tr><tr><td class="summary-data">Release (SDK)</td><td class="summary-data">14 (34)</td></tr><tr><td class="summary-data">ABIs</td><td class="summary-data">armeabi-v7a,armeabi</td></tr></table></div><div class='right-summary' style='display:flex; flex-direction:row; align-items:flex-start; gap:10px; visibility:visible; margin-top:1.5em;'><div class='chart-container'><div class='chart'><canvas id='moduleChart_STS___sts-dynamic-full_7' width='230' height='230' style='width:230px;height:230px;'></canvas></div><script src='https://cdn.jsdelivr.net/npm/chart.js'></script><script>var ctx=document.getElementById('moduleChart_STS___sts-dynamic-full_7').getContext('2d');new Chart(ctx,{type:'pie',data:{labels:['Incomplete modules (0)','Suspicious modules (1)'],datasets:[{data:[0,1],backgroundColor:['#4caf50','#f44336']}]} ,options:{responsive:false,maintainAspectRatio:false}});</script></div><div class='degrade-modules'><span class='suspicious-label'>Suspicious modules:</span><br>StsHostTestCases</div><div class='degrade-modules'><span class='suspicious-label'>Incomplete modules:</span><br></div></div></div>
<table class='testdetails'><tr><th colspan="3" class="module" style="text-align:left;">armeabi-v7a StsHostTestCases</th></tr><tr><th>Test</th><th>Result</th><th>Details</th></tr><tr><td class="testname">android.security.sts.KernelLtsTest#testRequiredKernelLts_WARN</td><td class="failed">fail</td><td class="failuredetails">java.lang.AssertionError: This device does not meet the current or upcoming LTS update requirements. This test is a warning that is autowaived in APA and no waiver request is necessary. Optionally, to override the warning, add this argument: --test-arg com.android.compatibility.common.tradefed.testtype.JarHostTest:set-option:android.security.sts.Ke</td></tr></table>
</div>
</body></html>