<!DOCTYPE html>
<html><head><meta charset='utf-8'><title>Table Diff</title><base target="_blank">
<style>
/*added for single column layout*/
.single-col {flex:0 0 72%; max-width:72%; padding:10px; box-sizing:border-box; overflow-y:auto; overflow-x:hidden; min-width:0; margin:0 auto;}
.single-col h2 {margin-left:auto; margin-right:auto; text-align:center;}
.filepath {margin-top:0.2em; margin-bottom:0.5em; text-align:center; font-size:0.96em; color:#555; word-break:break-all; overflow-wrap:anywhere;}
.single-col .summary, .single-col .testdetails, .single-col .incompletemodules {margin-left:auto; margin-right:auto; text-align:left;}

.single-col .summary th, .single-col .summary td {text-align:left;}
.failuredetails {white-space:normal; word-break:break-all;}

body {font-family:Arial, sans-serif; margin:0; padding:0;}
.container {display:flex; flex-wrap:wrap; width:100%; overflow-x:auto;}
 .col {flex:0 0 50%; max-width:50%; padding:10px; box-sizing:border-box; overflow-y:auto; overflow-x:hidden; min-width:0;}
.col + .col {border-left:1px dashed #aaa;}
/* vertical divider between columns */

table {border-collapse:collapse; margin:10px 0; width:100%;}
/* make cells wrap content */
.testdetails td {white-space:normal; word-break:break-all;}

th, td {border:1px solid #aaa; padding:4px 8px;}
h2 {margin-top:0.5em;}
.testdetails td.module   {background:none;}
.testdetails th.module   {background:none;}
.testdetails td.testname {background:#d4e9a9;}
.testdetails td.failed   {background:#fa5858; text-align:center; font-weight:bold;}
.testdetails td.failuredetails {background:#d4e9a9;}
.testdetails th          {background:#a5c639 !important;}
.testdetails th.module   {background:none !important;}
    .summary-header {background:#a5c639 !important; border: solid 1px #aaa; text-align:left;}
    .summary-data {background:#d4e9a9; word-break:break-all; white-space:normal;}
    .summary td {max-width:490px; word-break:break-all; white-space:normal; overflow-wrap:anywhere;}

    /* Horizontal divider with centered label */
    .horizontal-divider {border-top:1px dashed #aaa; margin:-0.25em 0 12px 0; position:relative; text-align:center; width:calc(200% + 20px); left:-50%; margin-left:-10px; margin-right:-10px;}
    .horizontal-divider span {background:#fff; padding:0 8px; position:relative; top:-0.6em; font-weight:bold; font-size:1.3em;}

        .col + .col .summary {margin-left:0;}
    .summary-wrapper {display:flex; align-items:flex-start; gap:10px; margin-top:-0.5em;}
    .col + .col .summary-wrapper {justify-content:flex-start;}
    .col + .col .left-summary {margin-left:0;}
    .col + .col .right-summary {visibility:hidden; width:0;}
    .summary-wrapper .right-summary {display:flex; flex-direction:column; gap:5px;}
    .cts-diff {background:orange; padding:4px; font-weight:bold; text-align:center; margin-top:12px;}
    .degrade-modules {color:#b22222;background:none;font-size:0.9em;}
    .chart {margin-top:-0.5em;}
    .suspicious-label {color:black;font-weight:bold;background:none;}
    /* Align file path with title in double‑column mode */
    .col .filepath {text-align:left; margin-left:0;}

</style></head><body>
<div class='container'>
<div class='col'>
<h2>Realtek/flame_amati_34/flame_amati_34:14/UKRC.251128.001/672:user/release-keys</h2>
<div class='filepath'><a href='http://10.22.193.246/AATS_XTS_REPORTS/2875P_ANR14/DB2302/20251205_672/cts/2025.12.17_11.35.14/test_result_failures_suite.html'>http://10.22.193.246/AATS_XTS_REPORTS/2875P_ANR14/DB2302/20251205_672/cts/2025.12.17_11.35.14/test_result_failures_suite.html</a></div>
<br><div class='horizontal-divider'><span>CTS / cts</span></div><div class='summary-wrapper'><div class='left-summary'><table class='summary'><tr><th class="summary-header">Summary</th><th class="summary-header"></th></tr><tr><td class="summary-data">Suite / Plan</td><td class="summary-data">CTS / cts</td></tr><tr><td class="summary-data">Suite / Build</td><td class="summary-data">14_r10 / 14270760</td></tr><tr><td class="summary-data">Host Info</td><td class="summary-data">Result/@start  rtksa2  (Linux - 6.2.0-39-generic)</td></tr><tr><td class="summary-data">Start time / End Time</td><td class="summary-data">Wed Dec 17 11:35:14 CST 2025 /  Wed Dec 17 11:42:42 CST 2025</td></tr><tr><td class="summary-data">Tests Passed</td><td class="summary-data">2220375</td></tr><tr><td class="summary-data">Tests Failed</td><td class="summary-data">6</td></tr><tr><td class="summary-data">Modules Done</td><td class="summary-data">848</td></tr><tr><td class="summary-data">Modules Total</td><td class="summary-data">848</td></tr><tr><td class="summary-data">Fingerprint</td><td class="summary-data">Realtek/flame_amati_34/flame_amati_34:14/UKRC.251128.001/672:user/release-keys</td></tr><tr><td class="summary-data">Security Patch</td><td class="summary-data">2025-12-01</td></tr><tr><td class="summary-data">Release (SDK)</td><td class="summary-data">14 (34)</td></tr><tr><td class="summary-data">ABIs</td><td class="summary-data">armeabi-v7a,armeabi</td></tr></table></div><div class='right-summary'><div class='cts-diff'>v672 Vs v698 Diff</div><div class='chart'><canvas id='moduleChart_CTS___cts_672_698_1' width='230' height='230' style='width:230px;height:230px;'></canvas></div><script src='https://cdn.jsdelivr.net/npm/chart.js'></script><script>var ctx=document.getElementById('moduleChart_CTS___cts_672_698_1').getContext('2d');new Chart(ctx,{type:'pie',data:{labels:['Same modules (2)','Suspicious modules (2)'],datasets:[{data:[2,2],backgroundColor:['#4caf50','#f44336']}]} ,options:{responsive:false,maintainAspectRatio:false}});</script><div class='degrade-modules'><span class='suspicious-label'>Suspicious modules:</span><br>CtsBluetoothTestCases<br>CtsPermissionTestCases</div></div></div>
<table class='testdetails'><tr><th colspan="3" class="module" style="text-align:left;">armeabi-v7a CtsBluetoothTestCases</th></tr><tr><th>Test</th><th>Result</th><th>Details</th></tr><tr><td class="testname">android.bluetooth.cts.BluetoothLeScanTest#testScanFromSourceWithoutFilters</td><td class="failed">fail</td><td class="failuredetails">java.lang.AssertionError: scan results should not be empty</td></tr><tr><td class="testname">android.bluetooth.cts.BluetoothLeScanTest#testBasicBleScan</td><td class="failed">fail</td><td class="failuredetails">java.lang.AssertionError: Scan results shouldn't be empty</td></tr><tr><td class="testname">android.bluetooth.cts.BluetoothLeScanTest#testScanFromSourceWithFilters</td><td class="failed">fail</td><td class="failuredetails">java.lang.AssertionError: scan results should not be empty</td></tr><tr><td class="testname">android.bluetooth.cts.BluetoothLeScanTest#testScanFilter</td><td class="failed">fail</td><td class="failuredetails">java.lang.AssertionError: Scan results shouldn't be empty</td></tr></table>
<table class='testdetails'><tr><th colspan="3" class="module" style="text-align:left;">armeabi-v7a CtsPermissionTestCases[instant]</th></tr><tr><th>Test</th><th>Result</th><th>Details</th></tr><tr><td class="testname">android.permission.cts.NoSystemFunctionPermissionTest#testVibrator</td><td class="failed">fail</td><td class="failuredetails">junit.framework.AssertionFailedError: Vibrator.cancel() did not throw SecurityException as expected.</td></tr></table>
<table class='testdetails'><tr><th colspan="3" class="module" style="text-align:left;">armeabi-v7a CtsWindowManagerDeviceTestCases</th></tr><tr><th>Test</th><th>Result</th><th>Details</th></tr><tr><td class="testname">android.server.wm.ActivityTransitionTests#testActivityTransitionOverride</td><td class="failed">fail</td><td class="failuredetails">java.lang.AssertionError: Actual transition duration should be in the range &lt;1800, 3000&gt; ms, actual=1533</td></tr></table>
</div>
<div class='col'>
<h2>Realtek/flame_amati_34/flame_amati_34:14/UKRC.251226.001/698:user/release-keys</h2>
<div class='filepath'><a href='http://10.22.193.246/AATS_XTS_REPORTS/2875P_ANR14/DB2302/20251231_698/cts/2026.01.05_14.14.05/test_result_failures_suite.html'>http://10.22.193.246/AATS_XTS_REPORTS/2875P_ANR14/DB2302/20251231_698/cts/2026.01.05_14.14.05/test_result_failures_suite.html</a></div>
<br><div class='horizontal-divider'><span>CTS / cts</span></div><div class='summary-wrapper'><div class='left-summary'><table class='summary'><tr><th class="summary-header">Summary</th><th class="summary-header"></th></tr><tr><td class="summary-data">Suite / Plan</td><td class="summary-data">CTS / cts</td></tr><tr><td class="summary-data">Suite / Build</td><td class="summary-data">14_r10 / 14270760</td></tr><tr><td class="summary-data">Host Info</td><td class="summary-data">Result/@start  rtksa2  (Linux - 6.2.0-39-generic)</td></tr><tr><td class="summary-data">Start time / End Time</td><td class="summary-data">Mon Jan 05 14:14:05 CST 2026 /  Mon Jan 05 14:21:30 CST 2026</td></tr><tr><td class="summary-data">Tests Passed</td><td class="summary-data">2220051</td></tr><tr><td class="summary-data">Tests Failed</td><td class="summary-data">3</td></tr><tr><td class="summary-data">Modules Done</td><td class="summary-data">848</td></tr><tr><td class="summary-data">Modules Total</td><td class="summary-data">848</td></tr><tr><td class="summary-data">Fingerprint</td><td class="summary-data">Realtek/flame_amati_34/flame_amati_34:14/UKRC.251226.001/698:user/release-keys</td></tr><tr><td class="summary-data">Security Patch</td><td class="summary-data">2025-12-01</td></tr><tr><td class="summary-data">Release (SDK)</td><td class="summary-data">14 (34)</td></tr><tr><td class="summary-data">ABIs</td><td class="summary-data">armeabi-v7a,armeabi</td></tr></table></div><div class='right-summary' style='visibility:hidden;'></div></div>
<table class='testdetails'><tr><th colspan="3" class="module" style="text-align:left;">armeabi-v7a CtsPermissionTestCases</th></tr><tr><th>Test</th><th>Result</th><th>Details</th></tr><tr><td class="testname">android.permission.cts.NoSystemFunctionPermissionTest#testVibrator</td><td class="failed">fail</td><td class="failuredetails">junit.framework.AssertionFailedError: Vibrator.cancel() did not throw SecurityException as expected.</td></tr></table>
<table class='testdetails'><tr><th colspan="3" class="module" style="text-align:left;">armeabi-v7a CtsPermissionTestCases[instant]</th></tr><tr><th>Test</th><th>Result</th><th>Details</th></tr><tr><td class="testname">android.permission.cts.NoSystemFunctionPermissionTest#testVibrator</td><td class="failed">fail</td><td class="failuredetails">junit.framework.AssertionFailedError: Vibrator.cancel() did not throw SecurityException as expected.</td></tr></table>
<table class='testdetails'><tr><th colspan="3" class="module" style="text-align:left;">armeabi-v7a CtsWindowManagerDeviceTestCases</th></tr><tr><th>Test</th><th>Result</th><th>Details</th></tr><tr><td class="testname">android.server.wm.ActivityTransitionTests#testActivityTransitionOverride</td><td class="failed">fail</td><td class="failuredetails">java.lang.AssertionError: Actual transition duration should be in the range &lt;1800, 3000&gt; ms, actual=1533</td></tr></table>
</div>
<div class='container'>
<div class='col'>
<h2>Realtek/flame_amati_34/flame_amati_34:14/UKRC.251128.001/672:user/release-keys</h2>
<div class='filepath'><a href='http://10.22.193.246/AATS_XTS_REPORTS/2875P_ANR14/DB2302/20251205_672/ctsongsi/2025.12.08_11.59.44/test_result_failures_suite.html'>http://10.22.193.246/AATS_XTS_REPORTS/2875P_ANR14/DB2302/20251205_672/ctsongsi/2025.12.08_11.59.44/test_result_failures_suite.html</a></div>
<br><div class='horizontal-divider'><span>CTS / cts-on-gsi</span></div><div class='summary-wrapper'><div class='left-summary'><table class='summary'><tr><th class="summary-header">Summary</th><th class="summary-header"></th></tr><tr><td class="summary-data">Suite / Plan</td><td class="summary-data">CTS / cts-on-gsi</td></tr><tr><td class="summary-data">Suite / Build</td><td class="summary-data">14_r10 / 14270760</td></tr><tr><td class="summary-data">Host Info</td><td class="summary-data">Result/@start  rtksa2  (Linux - 6.2.0-39-generic)</td></tr><tr><td class="summary-data">Start time / End Time</td><td class="summary-data">Mon Dec 08 11:59:44 CST 2025 /  Mon Dec 08 12:03:18 CST 2025</td></tr><tr><td class="summary-data">Tests Passed</td><td class="summary-data">183603</td></tr><tr><td class="summary-data">Tests Failed</td><td class="summary-data">1</td></tr><tr><td class="summary-data">Modules Done</td><td class="summary-data">417</td></tr><tr><td class="summary-data">Modules Total</td><td class="summary-data">417</td></tr><tr><td class="summary-data">Fingerprint</td><td class="summary-data">Realtek/flame_amati_34/flame_amati_34:14/UKRC.251128.001/672:user/release-keys</td></tr><tr><td class="summary-data">Security Patch</td><td class="summary-data">2025-11-01</td></tr><tr><td class="summary-data">Release (SDK)</td><td class="summary-data">14 (34)</td></tr><tr><td class="summary-data">ABIs</td><td class="summary-data">armeabi-v7a,armeabi</td></tr></table></div><div class='right-summary'><div class='cts-diff'>v672 Vs v698 Diff</div><div class='chart'><canvas id='moduleChart_CTS___cts-on-gsi_672_698_2' width='230' height='230' style='width:230px;height:230px;'></canvas></div><script src='https://cdn.jsdelivr.net/npm/chart.js'></script><script>var ctx=document.getElementById('moduleChart_CTS___cts-on-gsi_672_698_2').getContext('2d');new Chart(ctx,{type:'pie',data:{labels:['Same modules (1)','Suspicious modules (1)'],datasets:[{data:[1,1],backgroundColor:['#4caf50','#f44336']}]} ,options:{responsive:false,maintainAspectRatio:false}});</script><div class='degrade-modules'><span class='suspicious-label'>Suspicious modules:</span><br>CtsSecurityHostTestCases</div></div></div>
<table class='testdetails'><tr><th colspan="3" class="module" style="text-align:left;">armeabi-v7a CtsPermissionTestCases</th></tr><tr><th>Test</th><th>Result</th><th>Details</th></tr><tr><td class="testname">android.permission.cts.NoSystemFunctionPermissionTest#testVibrator</td><td class="failed">fail</td><td class="failuredetails">junit.framework.AssertionFailedError: Vibrator.cancel() did not throw SecurityException as expected.</td></tr></table>
</div>
<div class='col'>
<h2>Realtek/flame_amati_34/flame_amati_34:14/UKRC.251226.001/698:user/release-keys</h2>
<div class='filepath'><a href='http://10.22.193.246/AATS_XTS_REPORTS/2875P_ANR14/DB2302/20251231_698/ctsongsi/2026.01.05_11.32.06/test_result_failures_suite.html'>http://10.22.193.246/AATS_XTS_REPORTS/2875P_ANR14/DB2302/20251231_698/ctsongsi/2026.01.05_11.32.06/test_result_failures_suite.html</a></div>
<br><div class='horizontal-divider'><span>CTS / cts-on-gsi</span></div><div class='summary-wrapper'><div class='left-summary'><table class='summary'><tr><th class="summary-header">Summary</th><th class="summary-header"></th></tr><tr><td class="summary-data">Suite / Plan</td><td class="summary-data">CTS / cts-on-gsi</td></tr><tr><td class="summary-data">Suite / Build</td><td class="summary-data">14_r10 / 14270760</td></tr><tr><td class="summary-data">Host Info</td><td class="summary-data">Result/@start  rtksa2  (Linux - 6.2.0-39-generic)</td></tr><tr><td class="summary-data">Start time / End Time</td><td class="summary-data">Mon Jan 05 11:32:06 CST 2026 /  Mon Jan 05 11:34:43 CST 2026</td></tr><tr><td class="summary-data">Tests Passed</td><td class="summary-data">183483</td></tr><tr><td class="summary-data">Tests Failed</td><td class="summary-data">2</td></tr><tr><td class="summary-data">Modules Done</td><td class="summary-data">417</td></tr><tr><td class="summary-data">Modules Total</td><td class="summary-data">417</td></tr><tr><td class="summary-data">Fingerprint</td><td class="summary-data">Realtek/flame_amati_34/flame_amati_34:14/UKRC.251226.001/698:user/release-keys</td></tr><tr><td class="summary-data">Security Patch</td><td class="summary-data">2025-11-01</td></tr><tr><td class="summary-data">Release (SDK)</td><td class="summary-data">14 (34)</td></tr><tr><td class="summary-data">ABIs</td><td class="summary-data">armeabi-v7a,armeabi</td></tr></table></div><div class='right-summary' style='visibility:hidden;'></div></div>
<table class='testdetails'><tr><th colspan="3" class="module" style="text-align:left;">armeabi-v7a CtsPermissionTestCases</th></tr><tr><th>Test</th><th>Result</th><th>Details</th></tr><tr><td class="testname">android.permission.cts.NoSystemFunctionPermissionTest#testVibrator</td><td class="failed">fail</td><td class="failuredetails">junit.framework.AssertionFailedError: Vibrator.cancel() did not throw SecurityException as expected.</td></tr></table>
<table class='testdetails'><tr><th colspan="3" class="module" style="text-align:left;">armeabi-v7a CtsSecurityHostTestCases</th></tr><tr><th>Test</th><th>Result</th><th>Details</th></tr><tr><td class="testname">android.security.cts.SELinuxHostTest#testNoBugreportDenials</td><td class="failed">fail</td><td class="failuredetails">java.lang.AssertionError: Found illegal SELinux denial(s): avc:  denied  { read } for  name="u:object_r:default_prop:s0" dev="tmpfs" ino=157 scontext=u:r:hal_dumpstate_default:s0 tcontext=u:object_r:default_prop:s0 tclass=file permissive=0</td></tr></table>
</div>
<div class='container'>
<div class='col'>
<h2>Realtek/flame_amati_34/flame_amati_34:14/UKRC.251128.001/672:user/release-keys</h2>
<div class='filepath'><a href='http://10.22.193.246/AATS_XTS_REPORTS/2875P_ANR14/DB2302/20251205_672/gts/2025.12.10_10.19.13/test_result_failures_suite.html'>http://10.22.193.246/AATS_XTS_REPORTS/2875P_ANR14/DB2302/20251205_672/gts/2025.12.10_10.19.13/test_result_failures_suite.html</a></div>
<br><div class='horizontal-divider'><span>GTS / gts</span></div><div class='summary-wrapper'><div class='left-summary'><table class='summary'><tr><th class="summary-header">Summary</th><th class="summary-header"></th></tr><tr><td class="summary-data">Suite / Plan</td><td class="summary-data">GTS / gts</td></tr><tr><td class="summary-data">Suite / Build</td><td class="summary-data">13.1_r1 / 14373446</td></tr><tr><td class="summary-data">Host Info</td><td class="summary-data">Result/@start  rtksa2  (Linux - 6.2.0-39-generic)</td></tr><tr><td class="summary-data">Start time / End Time</td><td class="summary-data">Wed Dec 10 10:19:13 CST 2025 /  Wed Dec 10 12:02:59 CST 2025</td></tr><tr><td class="summary-data">Tests Passed</td><td class="summary-data">1539</td></tr><tr><td class="summary-data">Tests Failed</td><td class="summary-data">0</td></tr><tr><td class="summary-data">Modules Done</td><td class="summary-data">173</td></tr><tr><td class="summary-data">Modules Total</td><td class="summary-data">173</td></tr><tr><td class="summary-data">Fingerprint</td><td class="summary-data">Realtek/flame_amati_34/flame_amati_34:14/UKRC.251128.001/672:user/release-keys</td></tr><tr><td class="summary-data">Security Patch</td><td class="summary-data">2025-12-01</td></tr><tr><td class="summary-data">Release (SDK)</td><td class="summary-data">14 (34)</td></tr><tr><td class="summary-data">ABIs</td><td class="summary-data">armeabi-v7a,armeabi</td></tr></table></div><div class='right-summary'><div class='cts-diff'>v672 Vs v698 Diff</div><div class='chart'><canvas id='moduleChart_GTS___gts_672_698_3' width='230' height='230' style='width:230px;height:230px;'></canvas></div><script src='https://cdn.jsdelivr.net/npm/chart.js'></script><script>var ctx=document.getElementById('moduleChart_GTS___gts_672_698_3').getContext('2d');new Chart(ctx,{type:'pie',data:{labels:['Same modules (0)','Suspicious modules (0)'],datasets:[{data:[0,0],backgroundColor:['#4caf50','#f44336']}]} ,options:{responsive:false,maintainAspectRatio:false}});</script><div class='degrade-modules'><span class='suspicious-label'>Suspicious modules:</span><br></div></div></div>
</div>
<div class='col'>
<h2>Realtek/flame_amati_34/flame_amati_34:14/UKRC.251226.001/698:user/release-keys</h2>
<div class='filepath'><a href='http://10.22.193.246/AATS_XTS_REPORTS/2875P_ANR14/DB2302/20251231_698/gts/2026.01.01_11.04.26/test_result_failures_suite.html'>http://10.22.193.246/AATS_XTS_REPORTS/2875P_ANR14/DB2302/20251231_698/gts/2026.01.01_11.04.26/test_result_failures_suite.html</a></div>
<br><div class='horizontal-divider'><span>GTS / gts</span></div><div class='summary-wrapper'><div class='left-summary'><table class='summary'><tr><th class="summary-header">Summary</th><th class="summary-header"></th></tr><tr><td class="summary-data">Suite / Plan</td><td class="summary-data">GTS / gts</td></tr><tr><td class="summary-data">Suite / Build</td><td class="summary-data">13.1_r1 / 14373446</td></tr><tr><td class="summary-data">Host Info</td><td class="summary-data">Result/@start  rtksa2  (Linux - 6.2.0-39-generic)</td></tr><tr><td class="summary-data">Start time / End Time</td><td class="summary-data">Thu Jan 01 11:04:26 CST 2026 /  Thu Jan 01 11:06:52 CST 2026</td></tr><tr><td class="summary-data">Tests Passed</td><td class="summary-data">1483</td></tr><tr><td class="summary-data">Tests Failed</td><td class="summary-data">0</td></tr><tr><td class="summary-data">Modules Done</td><td class="summary-data">173</td></tr><tr><td class="summary-data">Modules Total</td><td class="summary-data">173</td></tr><tr><td class="summary-data">Fingerprint</td><td class="summary-data">Realtek/flame_amati_34/flame_amati_34:14/UKRC.251226.001/698:user/release-keys</td></tr><tr><td class="summary-data">Security Patch</td><td class="summary-data">2025-12-01</td></tr><tr><td class="summary-data">Release (SDK)</td><td class="summary-data">14 (34)</td></tr><tr><td class="summary-data">ABIs</td><td class="summary-data">armeabi-v7a,armeabi</td></tr></table></div><div class='right-summary' style='visibility:hidden;'></div></div>
</div>
<div class='container'>
<div class='col'>
<h2>Realtek/flame_amati_34/flame_amati_34:14/UKRC.251128.001/672:user/release-keys</h2>
<div class='filepath'><a href='http://10.22.193.246/AATS_XTS_REPORTS/2875P_ANR14/DB2302/20251205_672/vts/2025.12.10_15.07.58/test_result_failures_suite.html'>http://10.22.193.246/AATS_XTS_REPORTS/2875P_ANR14/DB2302/20251205_672/vts/2025.12.10_15.07.58/test_result_failures_suite.html</a></div>
<br><div class='horizontal-divider'><span>VTS / vts</span></div><div class='summary-wrapper'><div class='left-summary'><table class='summary'><tr><th class="summary-header">Summary</th><th class="summary-header"></th></tr><tr><td class="summary-data">Suite / Plan</td><td class="summary-data">VTS / vts</td></tr><tr><td class="summary-data">Suite / Build</td><td class="summary-data">14_r10 / 14221073</td></tr><tr><td class="summary-data">Host Info</td><td class="summary-data">Result/@start  rtksa2  (Linux - 6.2.0-39-generic)</td></tr><tr><td class="summary-data">Start time / End Time</td><td class="summary-data">Wed Dec 10 15:07:58 CST 2025 /  Wed Dec 10 15:10:25 CST 2025</td></tr><tr><td class="summary-data">Tests Passed</td><td class="summary-data">82463</td></tr><tr><td class="summary-data">Tests Failed</td><td class="summary-data">0</td></tr><tr><td class="summary-data">Modules Done</td><td class="summary-data">373</td></tr><tr><td class="summary-data">Modules Total</td><td class="summary-data">373</td></tr><tr><td class="summary-data">Fingerprint</td><td class="summary-data">Realtek/flame_amati_34/flame_amati_34:14/UKRC.251128.001/672:user/release-keys</td></tr><tr><td class="summary-data">Security Patch</td><td class="summary-data">2025-11-01</td></tr><tr><td class="summary-data">Release (SDK)</td><td class="summary-data">14 ()</td></tr><tr><td class="summary-data">ABIs</td><td class="summary-data">armeabi-v7a,armeabi</td></tr></table></div><div class='right-summary'><div class='cts-diff'>v672 Vs v698 Diff</div><div class='chart'><canvas id='moduleChart_VTS___vts_672_698_4' width='230' height='230' style='width:230px;height:230px;'></canvas></div><script src='https://cdn.jsdelivr.net/npm/chart.js'></script><script>var ctx=document.getElementById('moduleChart_VTS___vts_672_698_4').getContext('2d');new Chart(ctx,{type:'pie',data:{labels:['Same modules (0)','Suspicious modules (1)'],datasets:[{data:[0,1],backgroundColor:['#4caf50','#f44336']}]} ,options:{responsive:false,maintainAspectRatio:false}});</script><div class='degrade-modules'><span class='suspicious-label'>Suspicious modules:</span><br>VtsHalMediaC2V1_0TargetAudioDecTest</div></div></div>
</div>
<div class='col'>
<h2>Realtek/flame_amati_34/flame_amati_34:14/UKRC.251226.001/698:user/release-keys</h2>
<div class='filepath'><a href='http://10.22.193.246/AATS_XTS_REPORTS/2875P_ANR14/DB2302/20251231_698/vts/2026.01.05_10.24.28/test_result_failures_suite.html'>http://10.22.193.246/AATS_XTS_REPORTS/2875P_ANR14/DB2302/20251231_698/vts/2026.01.05_10.24.28/test_result_failures_suite.html</a></div>
<br><div class='horizontal-divider'><span>VTS / vts</span></div><div class='summary-wrapper'><div class='left-summary'><table class='summary'><tr><th class="summary-header">Summary</th><th class="summary-header"></th></tr><tr><td class="summary-data">Suite / Plan</td><td class="summary-data">VTS / vts</td></tr><tr><td class="summary-data">Suite / Build</td><td class="summary-data">14_r10 / 14221073</td></tr><tr><td class="summary-data">Host Info</td><td class="summary-data">Result/@start  rtksa2  (Linux - 6.2.0-39-generic)</td></tr><tr><td class="summary-data">Start time / End Time</td><td class="summary-data">Mon Jan 05 10:24:28 CST 2026 /  Mon Jan 05 10:28:50 CST 2026</td></tr><tr><td class="summary-data">Tests Passed</td><td class="summary-data">82672</td></tr><tr><td class="summary-data">Tests Failed</td><td class="summary-data">35</td></tr><tr><td class="summary-data">Modules Done</td><td class="summary-data">373</td></tr><tr><td class="summary-data">Modules Total</td><td class="summary-data">373</td></tr><tr><td class="summary-data">Fingerprint</td><td class="summary-data">Realtek/flame_amati_34/flame_amati_34:14/UKRC.251226.001/698:user/release-keys</td></tr><tr><td class="summary-data">Security Patch</td><td class="summary-data">2025-11-01</td></tr><tr><td class="summary-data">Release (SDK)</td><td class="summary-data">14 ()</td></tr><tr><td class="summary-data">ABIs</td><td class="summary-data">armeabi-v7a,armeabi</td></tr></table></div><div class='right-summary' style='visibility:hidden;'></div></div>
<table class='testdetails'><tr><th colspan="3" class="module" style="text-align:left;">armeabi-v7a VtsHalMediaC2V1_0TargetAudioDecTest</th></tr><tr><th>Test</th><th>Result</th><th>Details</th></tr><tr><td class="testname">PerInstance/Codec2AudioDecHidlTest#configComp/default_c2_realtek_audio_amrwb_decoder_9</td><td class="failed">fail</td><td class="failuredetails">frameworks/av/media/codec2/hal/hidl/1.0/vts/functional/audio/VtsHalMediaC2V1_0TargetAudioDecTest.cpp:283: Failure</td></tr><tr><td class="testname">PerInstance/Codec2AudioDecHidlTest#configComp/default_c2_realtek_audio_amrnb_decoder_10</td><td class="failed">fail</td><td class="failuredetails">frameworks/av/media/codec2/hal/hidl/1.0/vts/functional/audio/VtsHalMediaC2V1_0TargetAudioDecTest.cpp:280: Failure</td></tr><tr><td class="testname">PerInstance/Codec2AudioDecHidlTest#ThumbnailTest/default_c2_realtek_audio_amrwb_decoder_9</td><td class="failed">fail</td><td class="failuredetails">frameworks/av/media/codec2/hal/hidl/1.0/vts/functional/audio/VtsHalMediaC2V1_0TargetAudioDecTest.cpp:283: Failure</td></tr><tr><td class="testname">PerInstance/Codec2AudioDecHidlTest#ThumbnailTest/default_c2_realtek_audio_amrnb_decoder_10</td><td class="failed">fail</td><td class="failuredetails">frameworks/av/media/codec2/hal/hidl/1.0/vts/functional/audio/VtsHalMediaC2V1_0TargetAudioDecTest.cpp:280: Failure</td></tr><tr><td class="testname">PerInstance/Codec2AudioDecHidlTest#FlushTest/default_c2_realtek_audio_amrwb_decoder_9</td><td class="failed">fail</td><td class="failuredetails">frameworks/av/media/codec2/hal/hidl/1.0/vts/functional/audio/VtsHalMediaC2V1_0TargetAudioDecTest.cpp:283: Failure</td></tr><tr><td class="testname">PerInstance/Codec2AudioDecHidlTest#FlushTest/default_c2_realtek_audio_amrnb_decoder_10</td><td class="failed">fail</td><td class="failuredetails">frameworks/av/media/codec2/hal/hidl/1.0/vts/functional/audio/VtsHalMediaC2V1_0TargetAudioDecTest.cpp:280: Failure</td></tr><tr><td class="testname">PerInstance/Codec2AudioDecHidlTest#FlushTest/default_c2_realtek_flac_decoder_17</td><td class="failed">fail</td><td class="failuredetails">frameworks/av/media/codec2/hal/hidl/1.0/vts/functional/audio/VtsHalMediaC2V1_0TargetAudioDecTest.cpp:333: Failure</td></tr><tr><td class="testname">PerInstance/Codec2AudioDecHidlTest#FlushTest/default_c2_realtek_vorbis_decoder_20</td><td class="failed">fail</td><td class="failuredetails">frameworks/av/media/codec2/hal/hidl/1.0/vts/functional/audio/VtsHalMediaC2V1_0TargetAudioDecTest.cpp:333: Failure</td></tr><tr><td class="testname">PerInstance/Codec2AudioDecHidlTest#DecodeTestEmptyBuffersInserted/default_c2_realtek_audio_amrwb_decoder_9</td><td class="failed">fail</td><td class="failuredetails">frameworks/av/media/codec2/hal/hidl/1.0/vts/functional/audio/VtsHalMediaC2V1_0TargetAudioDecTest.cpp:283: Failure</td></tr><tr><td class="testname">PerInstance/Codec2AudioDecHidlTest#DecodeTestEmptyBuffersInserted/default_c2_realtek_audio_amrnb_decoder_10</td><td class="failed">fail</td><td class="failuredetails">frameworks/av/media/codec2/hal/hidl/1.0/vts/functional/audio/VtsHalMediaC2V1_0TargetAudioDecTest.cpp:280: Failure</td></tr><tr><td class="testname">PerInstance/Codec2AudioDecHidlTest#DecodeTestEmptyBuffersInserted/default_c2_realtek_flac_decoder_17</td><td class="failed">fail</td><td class="failuredetails">frameworks/av/media/codec2/hal/hidl/1.0/vts/functional/audio/VtsHalMediaC2V1_0TargetAudioDecTest.cpp:333: Failure</td></tr><tr><td class="testname">PerInstance/Codec2AudioDecHidlTest#DecodeTestEmptyBuffersInserted/default_c2_realtek_vorbis_decoder_20</td><td class="failed">fail</td><td class="failuredetails">frameworks/av/media/codec2/hal/hidl/1.0/vts/functional/audio/VtsHalMediaC2V1_0TargetAudioDecTest.cpp:333: Failure</td></tr><tr><td class="testname">StreamIndexAndEOS/Codec2AudioDecDecodeTest#DecodeTest/default_c2_realtek_opus_decoder_0_0_12</td><td class="failed">fail</td><td class="failuredetails">frameworks/av/media/codec2/hal/hidl/1.0/vts/functional/audio/VtsHalMediaC2V1_0TargetAudioDecTest.cpp:497: Failure</td></tr><tr><td class="testname">StreamIndexAndEOS/Codec2AudioDecDecodeTest#DecodeTest/default_c2_realtek_opus_decoder_0_1_13</td><td class="failed">fail</td><td class="failuredetails">frameworks/av/media/codec2/hal/hidl/1.0/vts/functional/audio/VtsHalMediaC2V1_0TargetAudioDecTest.cpp:402: Failure</td></tr><tr><td class="testname">StreamIndexAndEOS/Codec2AudioDecDecodeTest#DecodeTest/default_c2_realtek_audio_g711_mlaw_decoder_0_0_20</td><td class="failed">fail</td><td class="failuredetails">frameworks/av/media/codec2/hal/hidl/1.0/vts/functional/audio/VtsHalMediaC2V1_0TargetAudioDecTest.cpp:497: Failure</td></tr><tr><td class="testname">StreamIndexAndEOS/Codec2AudioDecDecodeTest#DecodeTest/default_c2_realtek_audio_g711_alaw_decoder_0_0_24</td><td class="failed">fail</td><td class="failuredetails">frameworks/av/media/codec2/hal/hidl/1.0/vts/functional/audio/VtsHalMediaC2V1_0TargetAudioDecTest.cpp:497: Failure</td></tr><tr><td class="testname">StreamIndexAndEOS/Codec2AudioDecDecodeTest#DecodeTest/default_c2_realtek_audio_amrwb_decoder_0_0_36</td><td class="failed">fail</td><td class="failuredetails">frameworks/av/media/codec2/hal/hidl/1.0/vts/functional/audio/VtsHalMediaC2V1_0TargetAudioDecTest.cpp:283: Failure</td></tr><tr><td class="testname">StreamIndexAndEOS/Codec2AudioDecDecodeTest#DecodeTest/default_c2_realtek_audio_amrwb_decoder_0_1_37</td><td class="failed">fail</td><td class="failuredetails">frameworks/av/media/codec2/hal/hidl/1.0/vts/functional/audio/VtsHalMediaC2V1_0TargetAudioDecTest.cpp:283: Failure</td></tr><tr><td class="testname">StreamIndexAndEOS/Codec2AudioDecDecodeTest#DecodeTest/default_c2_realtek_audio_amrnb_decoder_0_0_40</td><td class="failed">fail</td><td class="failuredetails">frameworks/av/media/codec2/hal/hidl/1.0/vts/functional/audio/VtsHalMediaC2V1_0TargetAudioDecTest.cpp:280: Failure</td></tr><tr><td class="testname">StreamIndexAndEOS/Codec2AudioDecDecodeTest#DecodeTest/default_c2_realtek_audio_amrnb_decoder_0_1_41</td><td class="failed">fail</td><td class="failuredetails">frameworks/av/media/codec2/hal/hidl/1.0/vts/functional/audio/VtsHalMediaC2V1_0TargetAudioDecTest.cpp:280: Failure</td></tr><tr><td class="testname">StreamIndexAndEOS/Codec2AudioDecDecodeTest#DecodeTest/default_c2_realtek_audio_mpeg_decoder_0_0_56</td><td class="failed">fail</td><td class="failuredetails">frameworks/av/media/codec2/hal/hidl/1.0/vts/functional/audio/VtsHalMediaC2V1_0TargetAudioDecTest.cpp:495: Failure</td></tr><tr><td class="testname">StreamIndexAndEOS/Codec2AudioDecDecodeTest#DecodeTest/default_c2_realtek_flac_decoder_0_0_68</td><td class="failed">fail</td><td class="failuredetails">frameworks/av/media/codec2/hal/hidl/1.0/vts/functional/audio/VtsHalMediaC2V1_0TargetAudioDecTest.cpp:333: Failure</td></tr><tr><td class="testname">StreamIndexAndEOS/Codec2AudioDecDecodeTest#DecodeTest/default_c2_realtek_flac_decoder_0_1_69</td><td class="failed">fail</td><td class="failuredetails">frameworks/av/media/codec2/hal/hidl/1.0/vts/functional/audio/VtsHalMediaC2V1_0TargetAudioDecTest.cpp:333: Failure</td></tr><tr><td class="testname">StreamIndexAndEOS/Codec2AudioDecDecodeTest#DecodeTest/default_c2_realtek_audio_aac_decoder_0_0_72</td><td class="failed">fail</td><td class="failuredetails">frameworks/av/media/codec2/hal/hidl/1.0/vts/functional/audio/VtsHalMediaC2V1_0TargetAudioDecTest.cpp:495: Failure</td></tr><tr><td class="testname">StreamIndexAndEOS/Codec2AudioDecDecodeTest#DecodeTest/default_c2_realtek_audio_aac_decoder_0_1_73</td><td class="failed">fail</td><td class="failuredetails">frameworks/av/media/codec2/hal/hidl/1.0/vts/functional/audio/VtsHalMediaC2V1_0TargetAudioDecTest.cpp:402: Failure</td></tr><tr><td class="testname">StreamIndexAndEOS/Codec2AudioDecDecodeTest#DecodeTest/default_c2_realtek_vorbis_decoder_0_0_80</td><td class="failed">fail</td><td class="failuredetails">frameworks/av/media/codec2/hal/hidl/1.0/vts/functional/audio/VtsHalMediaC2V1_0TargetAudioDecTest.cpp:333: Failure</td></tr><tr><td class="testname">StreamIndexAndEOS/Codec2AudioDecDecodeTest#DecodeTest/default_c2_realtek_vorbis_decoder_0_1_81</td><td class="failed">fail</td><td class="failuredetails">frameworks/av/media/codec2/hal/hidl/1.0/vts/functional/audio/VtsHalMediaC2V1_0TargetAudioDecTest.cpp:333: Failure</td></tr><tr><td class="testname">CsdInputs/Codec2AudioDecCsdInputTests#CSDFlushTest/default_c2_realtek_audio_amrwb_decoder_1_18</td><td class="failed">fail</td><td class="failuredetails">frameworks/av/media/codec2/hal/hidl/1.0/vts/functional/audio/VtsHalMediaC2V1_0TargetAudioDecTest.cpp:283: Failure</td></tr><tr><td class="testname">CsdInputs/Codec2AudioDecCsdInputTests#CSDFlushTest/default_c2_realtek_audio_amrwb_decoder_0_19</td><td class="failed">fail</td><td class="failuredetails">frameworks/av/media/codec2/hal/hidl/1.0/vts/functional/audio/VtsHalMediaC2V1_0TargetAudioDecTest.cpp:283: Failure</td></tr><tr><td class="testname">CsdInputs/Codec2AudioDecCsdInputTests#CSDFlushTest/default_c2_realtek_audio_amrnb_decoder_1_20</td><td class="failed">fail</td><td class="failuredetails">frameworks/av/media/codec2/hal/hidl/1.0/vts/functional/audio/VtsHalMediaC2V1_0TargetAudioDecTest.cpp:280: Failure</td></tr><tr><td class="testname">CsdInputs/Codec2AudioDecCsdInputTests#CSDFlushTest/default_c2_realtek_audio_amrnb_decoder_0_21</td><td class="failed">fail</td><td class="failuredetails">frameworks/av/media/codec2/hal/hidl/1.0/vts/functional/audio/VtsHalMediaC2V1_0TargetAudioDecTest.cpp:280: Failure</td></tr><tr><td class="testname">CsdInputs/Codec2AudioDecCsdInputTests#CSDFlushTest/default_c2_realtek_flac_decoder_1_34</td><td class="failed">fail</td><td class="failuredetails">frameworks/av/media/codec2/hal/hidl/1.0/vts/functional/audio/VtsHalMediaC2V1_0TargetAudioDecTest.cpp:333: Failure</td></tr><tr><td class="testname">CsdInputs/Codec2AudioDecCsdInputTests#CSDFlushTest/default_c2_realtek_flac_decoder_0_35</td><td class="failed">fail</td><td class="failuredetails">frameworks/av/media/codec2/hal/hidl/1.0/vts/functional/audio/VtsHalMediaC2V1_0TargetAudioDecTest.cpp:333: Failure</td></tr><tr><td class="testname">CsdInputs/Codec2AudioDecCsdInputTests#CSDFlushTest/default_c2_realtek_vorbis_decoder_1_40</td><td class="failed">fail</td><td class="failuredetails">frameworks/av/media/codec2/hal/hidl/1.0/vts/functional/audio/VtsHalMediaC2V1_0TargetAudioDecTest.cpp:333: Failure</td></tr><tr><td class="testname">CsdInputs/Codec2AudioDecCsdInputTests#CSDFlushTest/default_c2_realtek_vorbis_decoder_0_41</td><td class="failed">fail</td><td class="failuredetails">frameworks/av/media/codec2/hal/hidl/1.0/vts/functional/audio/VtsHalMediaC2V1_0TargetAudioDecTest.cpp:333: Failure</td></tr></table>
</div>
<div class='container'>
<div class='col'>
<h2>Realtek/flame_amati_34/flame_amati_34:14/UKRC.251128.001/672:user/release-keys</h2>
<div class='filepath'><a href='http://10.22.193.246/AATS_XTS_REPORTS/2875P_ANR14/DB2302/20251205_672/tv_ts/2025.12.11_16.13.13/test_result_failures_suite.html'>http://10.22.193.246/AATS_XTS_REPORTS/2875P_ANR14/DB2302/20251205_672/tv_ts/2025.12.11_16.13.13/test_result_failures_suite.html</a></div>
<br><div class='horizontal-divider'><span>TVTS / tvts-maint-cert</span></div><div class='summary-wrapper'><div class='left-summary'><table class='summary'><tr><th class="summary-header">Summary</th><th class="summary-header"></th></tr><tr><td class="summary-data">Suite / Plan</td><td class="summary-data">TVTS / tvts-maint-cert</td></tr><tr><td class="summary-data">Suite / Build</td><td class="summary-data">2.16_r1 / 14416868</td></tr><tr><td class="summary-data">Host Info</td><td class="summary-data">Result/@start  rtksa2  (Linux - 6.2.0-39-generic)</td></tr><tr><td class="summary-data">Start time / End Time</td><td class="summary-data">Thu Dec 11 16:13:13 CST 2025 /  Fri Dec 12 02:09:58 CST 2025</td></tr><tr><td class="summary-data">Tests Passed</td><td class="summary-data">844</td></tr><tr><td class="summary-data">Tests Failed</td><td class="summary-data">92</td></tr><tr><td class="summary-data">Modules Done</td><td class="summary-data">33</td></tr><tr><td class="summary-data">Modules Total</td><td class="summary-data">33</td></tr><tr><td class="summary-data">Fingerprint</td><td class="summary-data">Realtek/flame_amati_34/flame_amati_34:14/UKRC.251128.001/672:user/release-keys</td></tr><tr><td class="summary-data">Security Patch</td><td class="summary-data">2025-12-01</td></tr><tr><td class="summary-data">Release (SDK)</td><td class="summary-data">14 (34)</td></tr><tr><td class="summary-data">ABIs</td><td class="summary-data">armeabi-v7a,armeabi</td></tr></table></div><div class='right-summary'><div class='cts-diff'>v672 Vs v698 Diff</div><div class='chart'><canvas id='moduleChart_TVTS___tvts-maint-cert_672_698_5' width='230' height='230' style='width:230px;height:230px;'></canvas></div><script src='https://cdn.jsdelivr.net/npm/chart.js'></script><script>var ctx=document.getElementById('moduleChart_TVTS___tvts-maint-cert_672_698_5').getContext('2d');new Chart(ctx,{type:'pie',data:{labels:['Same modules (2)','Suspicious modules (1)'],datasets:[{data:[2,1],backgroundColor:['#4caf50','#f44336']}]} ,options:{responsive:false,maintainAspectRatio:false}});</script><div class='degrade-modules'><span class='suspicious-label'>Suspicious modules:</span><br>TvtsEnergyModesTestCases</div></div></div>
<table class='testdetails'><tr><th colspan="3" class="module" style="text-align:left;">armeabi-v7a TvtsEnergyModesTestCases</th></tr><tr><th>Test</th><th>Result</th><th>Details</th></tr><tr><td class="testname">com.google.android.energymodes.tvts.EnergymodesTest#testEnergyModeAPKFeatures</td><td class="failed">fail</td><td class="failuredetails">expected: com.android.lowpowerstandby.HARDWARE_HOTWORD_DETECTION</td></tr></table>
<table class='testdetails'><tr><th colspan="3" class="module" style="text-align:left;">armeabi-v7a TvtsSmokeTestCases</th></tr><tr><th>Test</th><th>Result</th><th>Details</th></tr><tr><td class="testname">com.google.android.smoketests.tvts.TvtsSmokeTest#testSmoke[smoke-json-file-exists]</td><td class="failed">fail</td><td class="failuredetails">java.lang.AssertionError: smoke-json-file-exists</td></tr></table>
<table class='testdetails'><tr><th colspan="3" class="module" style="text-align:left;">armeabi-v7a TvtsYouTubeTS</th></tr><tr><th>Test</th><th>Result</th><th>Details</th></tr><tr><td class="testname">com.google.android.apps.yts.tvts.YtsReport#yts[VP9WidevineSFRTestsVP9WidevineSFRPlaybackPerformancePlaybackPerfVP9.240p.30fps@1X-11.2.1.1]</td><td class="failed">fail</td><td class="failuredetails">java.lang.AssertionError: Failed required test</td></tr><tr><td class="testname">com.google.android.apps.yts.tvts.YtsReport#yts[VP9WidevineSFRTestsVP9WidevineSFRPlaybackPerformancePlaybackPerfVP9.720p.30fps@1.25X-11.2.10.1]</td><td class="failed">fail</td><td class="failuredetails">java.lang.AssertionError: Failed required test</td></tr><tr><td class="testname">com.google.android.apps.yts.tvts.YtsReport#yts[VP9WidevineSFRTestsVP9WidevineSFRPlaybackPerformancePlaybackPerfVP9.720p.30fps@1.5X-11.2.11.1]</td><td class="failed">fail</td><td class="failuredetails">java.lang.AssertionError: Failed required test</td></tr><tr><td class="testname">com.google.android.apps.yts.tvts.YtsReport#yts[VP9WidevineSFRTestsVP9WidevineSFRPlaybackPerformancePlaybackPerfVP9.720p.MQ.30fps@0.25X-11.2.14.1]</td><td class="failed">fail</td><td class="failuredetails">java.lang.AssertionError: Failed required test</td></tr><tr><td class="testname">com.google.android.apps.yts.tvts.YtsReport#yts[VP9WidevineSFRTestsVP9WidevineSFRPlaybackPerformancePlaybackPerfVP9.720p.MQ.30fps@0.5X-11.2.15.1]</td><td class="failed">fail</td><td class="failuredetails">java.lang.AssertionError: Failed required test</td></tr><tr><td class="testname">com.google.android.apps.yts.tvts.YtsReport#yts[VP9WidevineSFRTestsVP9WidevineSFRPlaybackPerformancePlaybackPerfVP9.720p.MQ.30fps@0.75X-11.2.16.1]</td><td class="failed">fail</td><td class="failuredetails">java.lang.AssertionError: Failed required test</td></tr><tr><td class="testname">com.google.android.apps.yts.tvts.YtsReport#yts[VP9WidevineSFRTestsVP9WidevineSFRPlaybackPerformancePlaybackPerfVP9.720p.MQ.30fps@1X-11.2.17.1]</td><td class="failed">fail</td><td class="failuredetails">java.lang.AssertionError: Failed required test</td></tr><tr><td class="testname">com.google.android.apps.yts.tvts.YtsReport#yts[VP9WidevineSFRTestsVP9WidevineSFRPlaybackPerformancePlaybackPerfVP9.720p.MQ.30fps@1.25X-11.2.18.1]</td><td class="failed">fail</td><td class="failuredetails">java.lang.AssertionError: Failed required test</td></tr><tr><td class="testname">com.google.android.apps.yts.tvts.YtsReport#yts[VP9WidevineSFRTestsVP9WidevineSFRPlaybackPerformancePlaybackPerfVP9.720p.MQ.30fps@1.5X-11.2.19.1]</td><td class="failed">fail</td><td class="failuredetails">java.lang.AssertionError: Failed required test</td></tr><tr><td class="testname">com.google.android.apps.yts.tvts.YtsReport#yts[VP9WidevineSFRTestsVP9WidevineSFRPlaybackPerformancePlaybackPerfVP9.360p.30fps@1X-11.2.2.1]</td><td class="failed">fail</td><td class="failuredetails">java.lang.AssertionError: Failed required test</td></tr><tr><td class="testname">com.google.android.apps.yts.tvts.YtsReport#yts[VP9WidevineSFRTestsVP9WidevineSFRPlaybackPerformancePlaybackPerfVP9.720p.HQ.30fps@0.25X-11.2.22.1]</td><td class="failed">fail</td><td class="failuredetails">java.lang.AssertionError: Failed required test</td></tr><tr><td class="testname">com.google.android.apps.yts.tvts.YtsReport#yts[VP9WidevineSFRTestsVP9WidevineSFRPlaybackPerformancePlaybackPerfVP9.720p.HQ.30fps@0.5X-11.2.23.1]</td><td class="failed">fail</td><td class="failuredetails">java.lang.AssertionError: Failed required test</td></tr><tr><td class="testname">com.google.android.apps.yts.tvts.YtsReport#yts[VP9WidevineSFRTestsVP9WidevineSFRPlaybackPerformancePlaybackPerfVP9.720p.HQ.30fps@0.75X-11.2.24.1]</td><td class="failed">fail</td><td class="failuredetails">java.lang.AssertionError: Failed required test</td></tr><tr><td class="testname">com.google.android.apps.yts.tvts.YtsReport#yts[VP9WidevineSFRTestsVP9WidevineSFRPlaybackPerformancePlaybackPerfVP9.720p.HQ.30fps@1X-11.2.25.1]</td><td class="failed">fail</td><td class="failuredetails">java.lang.AssertionError: Failed required test</td></tr><tr><td class="testname">com.google.android.apps.yts.tvts.YtsReport#yts[VP9WidevineSFRTestsVP9WidevineSFRPlaybackPerformancePlaybackPerfVP9.720p.HQ.30fps@1.25X-11.2.26.1]</td><td class="failed">fail</td><td class="failuredetails">java.lang.AssertionError: Failed required test</td></tr><tr><td class="testname">com.google.android.apps.yts.tvts.YtsReport#yts[VP9WidevineSFRTestsVP9WidevineSFRPlaybackPerformancePlaybackPerfVP9.720p.HQ.30fps@1.5X-11.2.27.1]</td><td class="failed">fail</td><td class="failuredetails">java.lang.AssertionError: Failed required test</td></tr><tr><td class="testname">com.google.android.apps.yts.tvts.YtsReport#yts[VP9WidevineSFRTestsVP9WidevineSFRPlaybackPerformancePlaybackPerfVP9.480p.30fps@1X-11.2.3.1]</td><td class="failed">fail</td><td class="failuredetails">java.lang.AssertionError: Failed required test</td></tr><tr><td class="testname">com.google.android.apps.yts.tvts.YtsReport#yts[VP9WidevineSFRTestsVP9WidevineSFRPlaybackPerformancePlaybackPerfVP9.480p.MQ.30fps@1X-11.2.4.1]</td><td class="failed">fail</td><td class="failuredetails">java.lang.AssertionError: Failed required test</td></tr><tr><td class="testname">com.google.android.apps.yts.tvts.YtsReport#yts[VP9WidevineSFRTestsVP9WidevineSFRPlaybackPerformancePlaybackPerfVP9.480p.HQ.30fps@1X-11.2.5.1]</td><td class="failed">fail</td><td class="failuredetails">java.lang.AssertionError: Failed required test</td></tr><tr><td class="testname">com.google.android.apps.yts.tvts.YtsReport#yts[VP9WidevineSFRTestsVP9WidevineSFRPlaybackPerformancePlaybackPerfVP9.720p.30fps@0.25X-11.2.6.1]</td><td class="failed">fail</td><td class="failuredetails">java.lang.AssertionError: Failed required test</td></tr><tr><td class="testname">com.google.android.apps.yts.tvts.YtsReport#yts[VP9WidevineSFRTestsVP9WidevineSFRPlaybackPerformancePlaybackPerfVP9.720p.30fps@0.5X-11.2.7.1]</td><td class="failed">fail</td><td class="failuredetails">java.lang.AssertionError: Failed required test</td></tr><tr><td class="testname">com.google.android.apps.yts.tvts.YtsReport#yts[VP9WidevineSFRTestsVP9WidevineSFRPlaybackPerformancePlaybackPerfVP9.720p.30fps@0.75X-11.2.8.1]</td><td class="failed">fail</td><td class="failuredetails">java.lang.AssertionError: Failed required test</td></tr><tr><td class="testname">com.google.android.apps.yts.tvts.YtsReport#yts[VP9WidevineSFRTestsVP9WidevineSFRPlaybackPerformancePlaybackPerfVP9.720p.30fps@1X-11.2.9.1]</td><td class="failed">fail</td><td class="failuredetails">java.lang.AssertionError: Failed required test</td></tr><tr><td class="testname">com.google.android.apps.yts.tvts.YtsReport#yts[EMEConformanceTestswidevinewidevineH264video-3.1.1.1]</td><td class="failed">fail</td><td class="failuredetails">java.lang.AssertionError: Failed required test</td></tr><tr><td class="testname">com.google.android.apps.yts.tvts.YtsReport#yts[EMEConformanceTestsWidevinesetServerCertificate-3.1.10.2]</td><td class="failed">fail</td><td class="failuredetails">java.lang.AssertionError: Failed required test</td></tr><tr><td class="testname">com.google.android.apps.yts.tvts.YtsReport#yts[EMEConformanceTestswidevinewidevineAACaudio-3.1.2.1]</td><td class="failed">fail</td><td class="failuredetails">java.lang.AssertionError: Failed required test</td></tr><tr><td class="testname">com.google.android.apps.yts.tvts.YtsReport#yts[EMEConformanceTestswidevinewidevineOpusaudio-3.1.3.1]</td><td class="failed">fail</td><td class="failuredetails">java.lang.AssertionError: Failed required test</td></tr><tr><td class="testname">com.google.android.apps.yts.tvts.YtsReport#yts[EMEConformanceTestswidevinewidevineVP9video-3.1.4.1]</td><td class="failed">fail</td><td class="failuredetails">java.lang.AssertionError: Failed required test</td></tr><tr><td class="testname">com.google.android.apps.yts.tvts.YtsReport#yts[EMEConformanceTestswidevinewidevineVP9Subsamplevideo-3.1.5.1]</td><td class="failed">fail</td><td class="failuredetails">java.lang.AssertionError: Failed required test</td></tr><tr><td class="testname">com.google.android.apps.yts.tvts.YtsReport#yts[EMEConformanceTestsWidevineWidevineH264MultiMediaKeySessions-3.1.6.1]</td><td class="failed">fail</td><td class="failuredetails">java.lang.AssertionError: Failed required test</td></tr><tr><td class="testname">com.google.android.apps.yts.tvts.YtsReport#yts[EMEConformanceTestsWidevineWidevineLicenseDelayH264Video-3.1.7.1]</td><td class="failed">fail</td><td class="failuredetails">java.lang.AssertionError: Failed required test</td></tr><tr><td class="testname">com.google.android.apps.yts.tvts.YtsReport#yts[EMEConformanceTestsWidevineWidevineLicenseDelayVP9Video-3.1.8.1]</td><td class="failed">fail</td><td class="failuredetails">java.lang.AssertionError: Failed required test</td></tr><tr><td class="testname">com.google.android.apps.yts.tvts.YtsReport#yts[EMEConformanceTestsEncryptionSchemeH264VideoCenc-3.5.1.1]</td><td class="failed">fail</td><td class="failuredetails">java.lang.AssertionError: Failed required test</td></tr><tr><td class="testname">com.google.android.apps.yts.tvts.YtsReport#yts[EMEConformanceTestsEncryptionSchemeAV1VideoUnsetScheme-3.5.10.1]</td><td class="failed">fail</td><td class="failuredetails">java.lang.AssertionError: Failed required test</td></tr><tr><td class="testname">com.google.android.apps.yts.tvts.YtsReport#yts[EMEConformanceTestsEncryptionSchemeAACAudioCenc-3.5.12.1]</td><td class="failed">fail</td><td class="failuredetails">java.lang.AssertionError: Failed required test</td></tr><tr><td class="testname">com.google.android.apps.yts.tvts.YtsReport#yts[EMEConformanceTestsEncryptionSchemeAACAudioUnsetScheme-3.5.13.1]</td><td class="failed">fail</td><td class="failuredetails">java.lang.AssertionError: Failed required test</td></tr><tr><td class="testname">com.google.android.apps.yts.tvts.YtsReport#yts[EMEConformanceTestsEncryptionSchemeAACAudioCbcs-3.5.14.1]</td><td class="failed">fail</td><td class="failuredetails">java.lang.AssertionError: Failed required test</td></tr><tr><td class="testname">com.google.android.apps.yts.tvts.YtsReport#yts[EMEConformanceTestsEncryptionSchemeOpusAudioCenc-3.5.16.1]</td><td class="failed">fail</td><td class="failuredetails">java.lang.AssertionError: Failed required test</td></tr><tr><td class="testname">com.google.android.apps.yts.tvts.YtsReport#yts[EMEConformanceTestsEncryptionSchemeOpusAudioUnsetScheme-3.5.17.1]</td><td class="failed">fail</td><td class="failuredetails">java.lang.AssertionError: Failed required test</td></tr><tr><td class="testname">com.google.android.apps.yts.tvts.YtsReport#yts[EMEConformanceTestsEncryptionSchemeAC3AudioCbcs-3.5.18.1]</td><td class="failed">fail</td><td class="failuredetails">java.lang.AssertionError: Failed required test</td></tr><tr><td class="testname">com.google.android.apps.yts.tvts.YtsReport#yts[EMEConformanceTestsEncryptionSchemeH264VideoUnsetScheme-3.5.2.1]</td><td class="failed">fail</td><td class="failuredetails">java.lang.AssertionError: Failed required test</td></tr><tr><td class="testname">com.google.android.apps.yts.tvts.YtsReport#yts[EMEConformanceTestsEncryptionSchemeH264VideoCencAACAudioCenc-3.5.20.1]</td><td class="failed">fail</td><td class="failuredetails">java.lang.AssertionError: Failed required test</td></tr><tr><td class="testname">com.google.android.apps.yts.tvts.YtsReport#yts[EMEConformanceTestsEncryptionSchemeVP9VideoCencOpusAudioCenc-3.5.21.1]</td><td class="failed">fail</td><td class="failuredetails">java.lang.AssertionError: Failed required test</td></tr><tr><td class="testname">com.google.android.apps.yts.tvts.YtsReport#yts[EMEConformanceTestsEncryptionSchemeVP9VideoCbcsAACAudioCbcs-3.5.22.1]</td><td class="failed">fail</td><td class="failuredetails">java.lang.AssertionError: Failed required test</td></tr><tr><td class="testname">com.google.android.apps.yts.tvts.YtsReport#yts[EMEConformanceTestsEncryptionSchemeAV1VideoCbcsAACAudioCbcs-3.5.23.1]</td><td class="failed">fail</td><td class="failuredetails">java.lang.AssertionError: Failed required test</td></tr><tr><td class="testname">com.google.android.apps.yts.tvts.YtsReport#yts[EMEConformanceTestsEncryptionSchemeAV1VideoCbcsAACAudioCenc-3.5.24.1]</td><td class="failed">fail</td><td class="failuredetails">java.lang.AssertionError: Failed required test</td></tr><tr><td class="testname">com.google.android.apps.yts.tvts.YtsReport#yts[EMEConformanceTestsEncryptionSchemeEAC3AudioCbcs-3.5.3.1]</td><td class="failed">fail</td><td class="failuredetails">java.lang.AssertionError: Failed required test</td></tr><tr><td class="testname">com.google.android.apps.yts.tvts.YtsReport#yts[EMEConformanceTestsEncryptionSchemeVP9VideoCenc-3.5.5.1]</td><td class="failed">fail</td><td class="failuredetails">java.lang.AssertionError: Failed required test</td></tr><tr><td class="testname">com.google.android.apps.yts.tvts.YtsReport#yts[EMEConformanceTestsEncryptionSchemeVP9VideoUnsetScheme-3.5.6.1]</td><td class="failed">fail</td><td class="failuredetails">java.lang.AssertionError: Failed required test</td></tr><tr><td class="testname">com.google.android.apps.yts.tvts.YtsReport#yts[EMEConformanceTestsEncryptionSchemeVP9VideoCbcs-3.5.7.1]</td><td class="failed">fail</td><td class="failuredetails">java.lang.AssertionError: Failed required test</td></tr><tr><td class="testname">com.google.android.apps.yts.tvts.YtsReport#yts[EMEConformanceTestsEncryptionSchemeAV1VideoCbcs-3.5.9.1]</td><td class="failed">fail</td><td class="failuredetails">java.lang.AssertionError: Failed required test</td></tr><tr><td class="testname">com.google.android.apps.yts.tvts.YtsReport#yts[EMEConformanceTestsWidevineAV1WidevineAV1.8bit.BT709.144p.30fps-3.6.1.1]</td><td class="failed">fail</td><td class="failuredetails">java.lang.AssertionError: Failed required test</td></tr><tr><td class="testname">com.google.android.apps.yts.tvts.YtsReport#yts[EMEConformanceTestsWidevineAV1WidevineAV1.8bit.BT709.1440p.60fps-3.6.10.1]</td><td class="failed">fail</td><td class="failuredetails">java.lang.AssertionError: Failed required test</td></tr><tr><td class="testname">com.google.android.apps.yts.tvts.YtsReport#yts[EMEConformanceTestsWidevineAV1WidevineAV1.8bit.BT709.2160p.30fps(required)-3.6.11.2]</td><td class="failed">fail</td><td class="failuredetails">java.lang.AssertionError: Failed required test</td></tr><tr><td class="testname">com.google.android.apps.yts.tvts.YtsReport#yts[EMEConformanceTestsWidevineAV1WidevineAV1.8bit.BT709.2160p.60fps(required)-3.6.12.2]</td><td class="failed">fail</td><td class="failuredetails">java.lang.AssertionError: Failed required test</td></tr><tr><td class="testname">com.google.android.apps.yts.tvts.YtsReport#yts[EMEConformanceTestsWidevineAV1WidevineAV1.8bit.BT709.240p.30fps-3.6.2.1]</td><td class="failed">fail</td><td class="failuredetails">java.lang.AssertionError: Failed required test</td></tr><tr><td class="testname">com.google.android.apps.yts.tvts.YtsReport#yts[EMEConformanceTestsWidevineAV1WidevineAV1.8bit.BT709.360p.30fps-3.6.3.1]</td><td class="failed">fail</td><td class="failuredetails">java.lang.AssertionError: Failed required test</td></tr><tr><td class="testname">com.google.android.apps.yts.tvts.YtsReport#yts[EMEConformanceTestsWidevineAV1WidevineAV1.8bit.BT709.480p.30fps-3.6.4.1]</td><td class="failed">fail</td><td class="failuredetails">java.lang.AssertionError: Failed required test</td></tr><tr><td class="testname">com.google.android.apps.yts.tvts.YtsReport#yts[EMEConformanceTestsWidevineAV1WidevineAV1.8bit.BT709.720p.30fps-3.6.5.1]</td><td class="failed">fail</td><td class="failuredetails">java.lang.AssertionError: Failed required test</td></tr><tr><td class="testname">com.google.android.apps.yts.tvts.YtsReport#yts[EMEConformanceTestsWidevineAV1WidevineAV1.8bit.BT709.720p.60fps-3.6.6.1]</td><td class="failed">fail</td><td class="failuredetails">java.lang.AssertionError: Failed required test</td></tr><tr><td class="testname">com.google.android.apps.yts.tvts.YtsReport#yts[EMEConformanceTestsWidevineAV1WidevineAV1.8bit.BT709.1080p.30fps-3.6.7.1]</td><td class="failed">fail</td><td class="failuredetails">java.lang.AssertionError: Failed required test</td></tr><tr><td class="testname">com.google.android.apps.yts.tvts.YtsReport#yts[EMEConformanceTestsWidevineAV1WidevineAV1.8bit.BT709.1080p.60fps-3.6.8.1]</td><td class="failed">fail</td><td class="failuredetails">java.lang.AssertionError: Failed required test</td></tr><tr><td class="testname">com.google.android.apps.yts.tvts.YtsReport#yts[EMEConformanceTestsWidevineAV1WidevineAV1.8bit.BT709.1440p.30fps-3.6.9.1]</td><td class="failed">fail</td><td class="failuredetails">java.lang.AssertionError: Failed required test</td></tr><tr><td class="testname">com.google.android.apps.yts.tvts.YtsReport#yts[EMEConformanceTestsWidevineAV1WidevineAV1.10bit.HLG.144p.30fps-3.7.1.1]</td><td class="failed">fail</td><td class="failuredetails">java.lang.AssertionError: Failed required test</td></tr><tr><td class="testname">com.google.android.apps.yts.tvts.YtsReport#yts[EMEConformanceTestsWidevineAV1WidevineAV1.10bit.HLG.1440p.60fps-3.7.10.1]</td><td class="failed">fail</td><td class="failuredetails">java.lang.AssertionError: Failed required test</td></tr><tr><td class="testname">com.google.android.apps.yts.tvts.YtsReport#yts[EMEConformanceTestsWidevineAV1WidevineAV1.10bit.HLG.2160p.24fps(required)-3.7.11.2]</td><td class="failed">fail</td><td class="failuredetails">java.lang.AssertionError: Failed required test</td></tr><tr><td class="testname">com.google.android.apps.yts.tvts.YtsReport#yts[EMEConformanceTestsWidevineAV1WidevineAV1.10bit.HLG.2160p.60fps(required)-3.7.12.2]</td><td class="failed">fail</td><td class="failuredetails">java.lang.AssertionError: Failed required test</td></tr><tr><td class="testname">com.google.android.apps.yts.tvts.YtsReport#yts[EMEConformanceTestsWidevineAV1WidevineAV1.10bit.HLG.240p.30fps-3.7.2.1]</td><td class="failed">fail</td><td class="failuredetails">java.lang.AssertionError: Failed required test</td></tr><tr><td class="testname">com.google.android.apps.yts.tvts.YtsReport#yts[EMEConformanceTestsWidevineAV1WidevineAV1.10bit.HLG.360p.30fps-3.7.3.1]</td><td class="failed">fail</td><td class="failuredetails">java.lang.AssertionError: Failed required test</td></tr><tr><td class="testname">com.google.android.apps.yts.tvts.YtsReport#yts[EMEConformanceTestsWidevineAV1WidevineAV1.10bit.HLG.480p.30fps-3.7.4.1]</td><td class="failed">fail</td><td class="failuredetails">java.lang.AssertionError: Failed required test</td></tr><tr><td class="testname">com.google.android.apps.yts.tvts.YtsReport#yts[EMEConformanceTestsWidevineAV1WidevineAV1.10bit.HLG.720p.24fps-3.7.5.1]</td><td class="failed">fail</td><td class="failuredetails">java.lang.AssertionError: Failed required test</td></tr><tr><td class="testname">com.google.android.apps.yts.tvts.YtsReport#yts[EMEConformanceTestsWidevineAV1WidevineAV1.10bit.HLG.720p.60fps-3.7.6.1]</td><td class="failed">fail</td><td class="failuredetails">java.lang.AssertionError: Failed required test</td></tr><tr><td class="testname">com.google.android.apps.yts.tvts.YtsReport#yts[EMEConformanceTestsWidevineAV1WidevineAV1.10bit.HLG.1080p.24fps-3.7.7.1]</td><td class="failed">fail</td><td class="failuredetails">java.lang.AssertionError: Failed required test</td></tr><tr><td class="testname">com.google.android.apps.yts.tvts.YtsReport#yts[EMEConformanceTestsWidevineAV1WidevineAV1.10bit.HLG.1080p.60fps-3.7.8.1]</td><td class="failed">fail</td><td class="failuredetails">java.lang.AssertionError: Failed required test</td></tr><tr><td class="testname">com.google.android.apps.yts.tvts.YtsReport#yts[EMEConformanceTestsWidevineAV1WidevineAV1.10bit.HLG.1440p.24fps-3.7.9.1]</td><td class="failed">fail</td><td class="failuredetails">java.lang.AssertionError: Failed required test</td></tr><tr><td class="testname">com.google.android.apps.yts.tvts.YtsReport#yts[EMEConformanceTestsWidevineAV1WidevineAV1.10bit.PQ.144p.30fps-3.8.1.1]</td><td class="failed">fail</td><td class="failuredetails">java.lang.AssertionError: Failed required test</td></tr><tr><td class="testname">com.google.android.apps.yts.tvts.YtsReport#yts[EMEConformanceTestsWidevineAV1WidevineAV1.10bit.PQ.1440p.60fps-3.8.10.1]</td><td class="failed">fail</td><td class="failuredetails">java.lang.AssertionError: Failed required test</td></tr><tr><td class="testname">com.google.android.apps.yts.tvts.YtsReport#yts[EMEConformanceTestsWidevineAV1WidevineAV1.10bit.PQ.2160p.24fps(required)-3.8.11.2]</td><td class="failed">fail</td><td class="failuredetails">java.lang.AssertionError: Failed required test</td></tr><tr><td class="testname">com.google.android.apps.yts.tvts.YtsReport#yts[EMEConformanceTestsWidevineAV1WidevineAV1.10bit.PQ.2160p.60fps(required)-3.8.12.2]</td><td class="failed">fail</td><td class="failuredetails">java.lang.AssertionError: Failed required test</td></tr><tr><td class="testname">com.google.android.apps.yts.tvts.YtsReport#yts[EMEConformanceTestsWidevineAV1WidevineAV1.10bit.PQ.240p.30fps-3.8.2.1]</td><td class="failed">fail</td><td class="failuredetails">java.lang.AssertionError: Failed required test</td></tr><tr><td class="testname">com.google.android.apps.yts.tvts.YtsReport#yts[EMEConformanceTestsWidevineAV1WidevineAV1.10bit.PQ.360p.30fps-3.8.3.1]</td><td class="failed">fail</td><td class="failuredetails">java.lang.AssertionError: Failed required test</td></tr><tr><td class="testname">com.google.android.apps.yts.tvts.YtsReport#yts[EMEConformanceTestsWidevineAV1WidevineAV1.10bit.PQ.480p.30fps-3.8.4.1]</td><td class="failed">fail</td><td class="failuredetails">java.lang.AssertionError: Failed required test</td></tr><tr><td class="testname">com.google.android.apps.yts.tvts.YtsReport#yts[EMEConformanceTestsWidevineAV1WidevineAV1.10bit.PQ.720p.24fps-3.8.5.1]</td><td class="failed">fail</td><td class="failuredetails">java.lang.AssertionError: Failed required test</td></tr><tr><td class="testname">com.google.android.apps.yts.tvts.YtsReport#yts[EMEConformanceTestsWidevineAV1WidevineAV1.10bit.PQ.720p.60fps-3.8.6.1]</td><td class="failed">fail</td><td class="failuredetails">java.lang.AssertionError: Failed required test</td></tr><tr><td class="testname">com.google.android.apps.yts.tvts.YtsReport#yts[EMEConformanceTestsWidevineAV1WidevineAV1.10bit.PQ.1080p.24fps-3.8.7.1]</td><td class="failed">fail</td><td class="failuredetails">java.lang.AssertionError: Failed required test</td></tr><tr><td class="testname">com.google.android.apps.yts.tvts.YtsReport#yts[EMEConformanceTestsWidevineAV1WidevineAV1.10bit.PQ.1080p.60fps-3.8.8.1]</td><td class="failed">fail</td><td class="failuredetails">java.lang.AssertionError: Failed required test</td></tr><tr><td class="testname">com.google.android.apps.yts.tvts.YtsReport#yts[EMEConformanceTestsWidevineAV1WidevineAV1.10bit.PQ.1440p.24fps-3.8.9.1]</td><td class="failed">fail</td><td class="failuredetails">java.lang.AssertionError: Failed required test</td></tr><tr><td class="testname">com.google.android.apps.yts.tvts.YtsReport#yts[H264SFRTestsH264SFRPlaybackPerformancePlaybackPerfH264.720p.30fps@1.5X-8.2.10.1]</td><td class="failed">fail</td><td class="failuredetails">java.lang.AssertionError: Failed required test</td></tr><tr><td class="testname">com.google.android.apps.yts.tvts.YtsReport#yts[H264SFRTestsH264SFRPlaybackPerformancePlaybackPerfH264.720p.30fps@1.25X-8.2.9.1]</td><td class="failed">fail</td><td class="failuredetails">java.lang.AssertionError: Failed required test</td></tr><tr><td class="testname">com.google.android.apps.yts.tvts.TvtsYouTubeTS#testYTS</td><td class="failed">fail</td><td class="failuredetails">java.lang.AssertionError: 89 YouTube tests failed. Details :</td></tr></table>
</div>
<div class='col'>
<h2>Realtek/flame_amati_34/flame_amati_34:14/UKRC.251226.001/698:user/release-keys</h2>
<div class='filepath'><a href='http://10.22.193.246/AATS_XTS_REPORTS/2875P_ANR14/DB2302/20251231_698/tv_ts/2026.01.07_17.34.39/test_result_failures_suite.html'>http://10.22.193.246/AATS_XTS_REPORTS/2875P_ANR14/DB2302/20251231_698/tv_ts/2026.01.07_17.34.39/test_result_failures_suite.html</a></div>
<br><div class='horizontal-divider'><span>TVTS / tvts-maint-cert</span></div><div class='summary-wrapper'><div class='left-summary'><table class='summary'><tr><th class="summary-header">Summary</th><th class="summary-header"></th></tr><tr><td class="summary-data">Suite / Plan</td><td class="summary-data">TVTS / tvts-maint-cert</td></tr><tr><td class="summary-data">Suite / Build</td><td class="summary-data">2.16_r1 / 14416868</td></tr><tr><td class="summary-data">Host Info</td><td class="summary-data">Result/@start  rtksa2  (Linux - 6.2.0-39-generic)</td></tr><tr><td class="summary-data">Start time / End Time</td><td class="summary-data">Wed Jan 07 17:34:39 CST 2026 /  Wed Jan 07 17:40:15 CST 2026</td></tr><tr><td class="summary-data">Tests Passed</td><td class="summary-data">934</td></tr><tr><td class="summary-data">Tests Failed</td><td class="summary-data">2</td></tr><tr><td class="summary-data">Modules Done</td><td class="summary-data">33</td></tr><tr><td class="summary-data">Modules Total</td><td class="summary-data">33</td></tr><tr><td class="summary-data">Fingerprint</td><td class="summary-data">Realtek/flame_amati_34/flame_amati_34:14/UKRC.251226.001/698:user/release-keys</td></tr><tr><td class="summary-data">Security Patch</td><td class="summary-data">2025-12-01</td></tr><tr><td class="summary-data">Release (SDK)</td><td class="summary-data">14 (34)</td></tr><tr><td class="summary-data">ABIs</td><td class="summary-data">armeabi-v7a,armeabi</td></tr></table></div><div class='right-summary' style='visibility:hidden;'></div></div>
<table class='testdetails'><tr><th colspan="3" class="module" style="text-align:left;">armeabi-v7a TvtsSmokeTestCases</th></tr><tr><th>Test</th><th>Result</th><th>Details</th></tr><tr><td class="testname">com.google.android.smoketests.tvts.TvtsSmokeTest#testSmoke[smoke-json-file-exists]</td><td class="failed">fail</td><td class="failuredetails">java.lang.AssertionError: smoke-json-file-exists</td></tr></table>
<table class='testdetails'><tr><th colspan="3" class="module" style="text-align:left;">armeabi-v7a TvtsYouTubeTS</th></tr><tr><th>Test</th><th>Result</th><th>Details</th></tr><tr><td class="testname">com.google.android.apps.yts.tvts.TvtsYouTubeTS#testYTS</td><td class="failed">fail</td><td class="failuredetails">java.lang.AssertionError: Test run incomplete. 9 YouTube tests were not run</td></tr></table>
</div>
<div class='container'>
<div class='col'>
<h2>Realtek/flame_amati_34/flame_amati_34:14/UKRC.251128.001/672:user/release-keys</h2>
<div class='filepath'><a href='http://10.22.193.246/AATS_XTS_REPORTS/2875P_ANR14/DB2302/20251205_672/sts/2025.12.05_14.53.57/test_result_failures_suite.html'>http://10.22.193.246/AATS_XTS_REPORTS/2875P_ANR14/DB2302/20251205_672/sts/2025.12.05_14.53.57/test_result_failures_suite.html</a></div>
<br><div class='horizontal-divider'><span>STS / sts-dynamic-full</span></div><div class='summary-wrapper'><div class='left-summary'><table class='summary'><tr><th class="summary-header">Summary</th><th class="summary-header"></th></tr><tr><td class="summary-data">Suite / Plan</td><td class="summary-data">STS / sts-dynamic-full</td></tr><tr><td class="summary-data">Suite / Build</td><td class="summary-data">14_sts-r45 / 14376180</td></tr><tr><td class="summary-data">Host Info</td><td class="summary-data">Result/@start  rtksa2  (Linux - 6.2.0-39-generic)</td></tr><tr><td class="summary-data">Start time / End Time</td><td class="summary-data">Fri Dec 05 14:53:57 CST 2025 /  Fri Dec 05 21:13:37 CST 2025</td></tr><tr><td class="summary-data">Tests Passed</td><td class="summary-data">947</td></tr><tr><td class="summary-data">Tests Failed</td><td class="summary-data">1</td></tr><tr><td class="summary-data">Modules Done</td><td class="summary-data">23</td></tr><tr><td class="summary-data">Modules Total</td><td class="summary-data">24</td></tr><tr><td class="summary-data">Fingerprint</td><td class="summary-data">Realtek/flame_amati_34/flame_amati_34:14/UKRC.251128.001/672:user/release-keys</td></tr><tr><td class="summary-data">Security Patch</td><td class="summary-data">2025-12-01</td></tr><tr><td class="summary-data">Release (SDK)</td><td class="summary-data">14 ()</td></tr><tr><td class="summary-data">ABIs</td><td class="summary-data">armeabi-v7a,armeabi</td></tr></table></div><div class='right-summary'><div class='cts-diff'>v672 Vs v698 Diff</div><div class='chart'><canvas id='moduleChart_STS___sts-dynamic-full_672_698_6' width='230' height='230' style='width:230px;height:230px;'></canvas></div><script src='https://cdn.jsdelivr.net/npm/chart.js'></script><script>var ctx=document.getElementById('moduleChart_STS___sts-dynamic-full_672_698_6').getContext('2d');new Chart(ctx,{type:'pie',data:{labels:['Same modules (1)','Suspicious modules (1)'],datasets:[{data:[1,1],backgroundColor:['#4caf50','#f44336']}]} ,options:{responsive:false,maintainAspectRatio:false}});</script><div class='degrade-modules'><span class='suspicious-label'>Suspicious modules:</span><br>CtsBackupHostTestCases</div></div></div>
<table class='testdetails'><tr><th colspan="3" class="module" style="text-align:left;">armeabi-v7a StsHostTestCases</th></tr><tr><th>Test</th><th>Result</th><th>Details</th></tr><tr><td class="testname">android.security.sts.KernelLtsTest#testRequiredKernelLts_WARN</td><td class="failed">fail</td><td class="failuredetails">java.lang.AssertionError: This device does not meet the current or upcoming LTS update requirements. This test is a warning that is autowaived in APA and no waiver request is necessary. Optionally, to override the warning, add this argument: --test-arg com.android.compatibility.common.tradefed.testtype.JarHostTest:set-option:android.security.sts.KernelLtsTest:acknowledge_kernel_update_requirement_warning_failure:true</td></tr></table>
<table class='incompletemodules' style='width:auto;'><tr><th colspan='3' class='module' style='text-align:left;background:#a5c639 !important;color:black;font-weight:bold;'>Incomplete Modules</th></tr><tr><td colspan='3' class='module' style='background:#d4e9a9;color:black;'>armeabi-v7a CtsBackupHostTestCases</td></tr></table>
</div>
<div class='col'>
<h2>Realtek/flame_amati_34/flame_amati_34:14/UKRC.251226.001/698:user/release-keys</h2>
<div class='filepath'><a href='http://10.22.193.246/AATS_XTS_REPORTS/2875P_ANR14/DB2302/20251231_698/sts/2026.01.01_00.05.06/test_result_failures_suite.html'>http://10.22.193.246/AATS_XTS_REPORTS/2875P_ANR14/DB2302/20251231_698/sts/2026.01.01_00.05.06/test_result_failures_suite.html</a></div>
<br><div class='horizontal-divider'><span>STS / sts-dynamic-full</span></div><div class='summary-wrapper'><div class='left-summary'><table class='summary'><tr><th class="summary-header">Summary</th><th class="summary-header"></th></tr><tr><td class="summary-data">Suite / Plan</td><td class="summary-data">STS / sts-dynamic-full</td></tr><tr><td class="summary-data">Suite / Build</td><td class="summary-data">14_sts-r46 / 14518220</td></tr><tr><td class="summary-data">Host Info</td><td class="summary-data">Result/@start  rtksa2  (Linux - 6.2.0-39-generic)</td></tr><tr><td class="summary-data">Start time / End Time</td><td class="summary-data">Thu Jan 01 00:05:06 CST 2026 /  Thu Jan 01 00:05:51 CST 2026</td></tr><tr><td class="summary-data">Tests Passed</td><td class="summary-data">947</td></tr><tr><td class="summary-data">Tests Failed</td><td class="summary-data">1</td></tr><tr><td class="summary-data">Modules Done</td><td class="summary-data">24</td></tr><tr><td class="summary-data">Modules Total</td><td class="summary-data">24</td></tr><tr><td class="summary-data">Fingerprint</td><td class="summary-data">Realtek/flame_amati_34/flame_amati_34:14/UKRC.251226.001/698:user/release-keys</td></tr><tr><td class="summary-data">Security Patch</td><td class="summary-data">2025-12-01</td></tr><tr><td class="summary-data">Release (SDK)</td><td class="summary-data">14 (34)</td></tr><tr><td class="summary-data">ABIs</td><td class="summary-data">armeabi-v7a,armeabi</td></tr></table></div><div class='right-summary' style='visibility:hidden;'></div></div>
<table class='testdetails'><tr><th colspan="3" class="module" style="text-align:left;">armeabi-v7a StsHostTestCases</th></tr><tr><th>Test</th><th>Result</th><th>Details</th></tr><tr><td class="testname">android.security.sts.KernelLtsTest#testRequiredKernelLts_WARN</td><td class="failed">fail</td><td class="failuredetails">java.lang.AssertionError: This device does not meet the current or upcoming LTS update requirements. This test is a warning that is autowaived in APA and no waiver request is necessary. Optionally, to override the warning, add this argument: --test-arg com.android.compatibility.common.tradefed.testtype.JarHostTest:set-option:android.security.sts.KernelLtsTest:acknowledge_kernel_update_requirement_warning_failure:true</td></tr></table>
</div>
</body></html>