<!DOCTYPE html>
<html><head><meta charset='utf-8'><title>Table Diff</title><base target="_blank">
<style>
/*added for single column layout*/
.single-col {flex:0 0 72%; max-width:72%; padding:10px; box-sizing:border-box; overflow-y:auto; overflow-x:hidden; min-width:0; margin:0 auto;}
.single-col h2 {margin-left:auto; margin-right:auto; text-align:center;}
.filepath {margin-top:0.2em; margin-bottom:0.5em; text-align:center; font-size:0.96em; color:#555; word-break:break-all; overflow-wrap:anywhere;}
.single-col .summary, .single-col .testdetails, .single-col .incompletemodules {margin-left:auto; margin-right:auto; text-align:left;}

.single-col .summary th, .single-col .summary td {text-align:left;}
.failuredetails {white-space:normal; word-break:break-all;}

body {font-family:Arial, sans-serif; margin:0; padding:0;}
.container {display:flex; flex-wrap:wrap; width:100%; overflow-x:auto;}
 .col {flex:0 0 50%; max-width:50%; padding:10px; box-sizing:border-box; overflow-y:auto; overflow-x:hidden; min-width:0;}
.col + .col {border-left:1px dashed #aaa;}
/* vertical divider between columns */

table {border-collapse:collapse; margin:10px 0; width:100%;}
/* make cells wrap content */
.testdetails td {white-space:normal; word-break:break-all;}

th, td {border:1px solid #aaa; padding:4px 8px;}
h2 {margin-top:0.5em;}
.testdetails td.module   {background:none;}
.testdetails th.module   {background:none;}
.testdetails td.testname {background:#d4e9a9;}
.testdetails td.failed   {background:#fa5858; text-align:center; font-weight:bold;}
.testdetails td.failuredetails {background:#d4e9a9;}
.testdetails th          {background:#a5c639 !important;}
.testdetails th.module   {background:none !important;}
    .summary-header {background:#a5c639 !important; border: solid 1px #aaa; text-align:left;}
    .summary-data {background:#d4e9a9; word-break:break-all; white-space:normal;}
    .summary td {max-width:490px; word-break:break-all; white-space:normal; overflow-wrap:anywhere;}

    /* Horizontal divider with centered label */
    .horizontal-divider {border-top:1px dashed #aaa; margin:-0.25em 0 12px 0; position:relative; text-align:center; width:calc(200% + 20px); left:-50%; margin-left:-10px; margin-right:-10px;}
    .horizontal-divider span {background:#fff; padding:0 8px; position:relative; top:-0.6em; font-weight:bold; font-size:1.3em;}

        .col + .col .summary {margin-left:0;}
    .summary-wrapper {display:flex; align-items:flex-start; gap:10px; margin-top:-0.5em;}
    .col + .col .summary-wrapper {justify-content:flex-start;}
    .col + .col .left-summary {margin-left:0;}
    .col + .col .right-summary {visibility:visible; width:auto;}
    .summary-wrapper .right-summary {display:flex; flex-direction:column; gap:5px;}
    .col .left-summary {margin-left:0; margin-right:0;}
    .col .right-summary {margin-left:0;}
    .summary-wrapper .left-summary, .summary-wrapper .right-summary {margin:0; padding:0;}
    .col:first-child .summary-wrapper .left-summary {transform: translateX(58px);}
    .col + .col .summary-wrapper .right-summary {transform: translateX(-56px) !important;}
    /*.col:first-child .summary-wrapper .right-summary {margin-left:-10px !important;}*/
    .cts-diff {background:orange; padding:4px; font-weight:bold; text-align:center; margin-top:12px; width:250px;}
    .degrade-modules {color:#b22222;background:none;font-size:0.9em;}
    .col .incompletemodules {margin-left:auto; margin-right:auto; width:fit-content;}
    .chart {margin-top:-0.5em;}
    .col .chart {margin-top:-0.3em;}
    /*.single-col .chart {margin-top:0.2em;}*/
    .suspicious-label {color:black;font-weight:bold;background:none;}
    /*.single-col .degrade-modules {margin-top:0.5em;}*/
    .col .degrade-modules {margin-top:0.5em;}
    /* Align file path with title in double‑column mode */
    .col .filepath {text-align:left; margin-left:0;}

</style></head><body>
<div class='container'>
<div class='col'>
<h2>Realtek/flame_amati_34/flame_amati_34:14/UKRC.251128.001/672:user/release-keys</h2>
<div class='filepath'><a href='http://10.22.193.246/AATS_XTS_REPORTS/2875P_ANR14/DB2302/20251205_672/tv_ts/2025.12.11_16.13.13/test_result_failures_suite.html'>http://10.22.193.246/AATS_XTS_REPORTS/2875P_ANR14/DB2302/20251205_672/tv_ts/2025.12.11_16.13.13/test_result_failures_suite.html</a></div>
<br><div class='horizontal-divider'><span>TVTS / tvts-maint-cert</span></div><div class='summary-wrapper'><div class='left-summary'><table class='summary'><tr><th class="summary-header">Summary</th><th class="summary-header"></th></tr><tr><td class="summary-data">Suite / Plan</td><td class="summary-data">TVTS / tvts-maint-cert</td></tr><tr><td class="summary-data">Suite / Build</td><td class="summary-data">2.16_r1 / 14416868</td></tr><tr><td class="summary-data">Host Info</td><td class="summary-data">Result/@start  rtksa2  (Linux - 6.2.0-39-generic)</td></tr><tr><td class="summary-data">Start time / End Time</td><td class="summary-data">Thu Dec 11 16:13:13 CST 2025 /  Fri Dec 12 02:09:58 CST 2025</td></tr><tr><td class="summary-data">Tests Passed</td><td class="summary-data">844</td></tr><tr><td class="summary-data">Tests Failed</td><td class="summary-data">92</td></tr><tr><td class="summary-data">Modules Done</td><td class="summary-data">33</td></tr><tr><td class="summary-data">Modules Total</td><td class="summary-data">33</td></tr><tr><td class="summary-data">Fingerprint</td><td class="summary-data">Realtek/flame_amati_34/flame_amati_34:14/UKRC.251128.001/672:user/release-keys</td></tr><tr><td class="summary-data">Security Patch</td><td class="summary-data">2025-12-01</td></tr><tr><td class="summary-data">Release (SDK)</td><td class="summary-data">14 (34)</td></tr><tr><td class="summary-data">ABIs</td><td class="summary-data">armeabi-v7a,armeabi</td></tr></table></div><div class='right-summary' style='margin-left:auto;'><div class='cts-diff'>v672 Vs v667 Diff</div><div class='chart'><canvas id='moduleChart_TVTS___tvts-maint-cert_672_667_5' width='250' height='250' style='width:250px;height:250px;'></canvas></div><script src='https://cdn.jsdelivr.net/npm/chart.js'></script><script>var ctx=document.getElementById('moduleChart_TVTS___tvts-maint-cert_672_667_5').getContext('2d');new Chart(ctx,{type:'pie',data:{labels:['Same modules (3)','Suspicious modules (3)'],datasets:[{data:[3,3],backgroundColor:['#4caf50','#f44336']}]} ,options:{responsive:false,maintainAspectRatio:false}});</script></div></div>
<table class='testdetails'><tr><th colspan="3" class="module" style="text-align:left;">armeabi-v7a TvtsEnergyModesTestCases</th></tr><tr><th>Test</th><th>Result</th><th>Details</th></tr><tr><td class="testname">com.google.android.energymodes.tvts.EnergymodesTest#testEnergyModeAPKFeatures</td><td class="failed">fail</td><td class="failuredetails">expected: com.android.lowpowerstandby.HARDWARE_HOTWORD_DETECTION</td></tr></table>
<table class='testdetails'><tr><th colspan="3" class="module" style="text-align:left;">armeabi-v7a TvtsSmokeTestCases</th></tr><tr><th>Test</th><th>Result</th><th>Details</th></tr><tr><td class="testname">com.google.android.smoketests.tvts.TvtsSmokeTest#testSmoke[smoke-json-file-exists]</td><td class="failed">fail</td><td class="failuredetails">java.lang.AssertionError: smoke-json-file-exists</td></tr></table>
<table class='testdetails'><tr><th colspan="3" class="module" style="text-align:left;">armeabi-v7a TvtsYouTubeTS</th></tr><tr><th>Test</th><th>Result</th><th>Details</th></tr><tr><td class="testname">com.google.android.apps.yts.tvts.YtsReport#yts[VP9WidevineSFRTestsVP9WidevineSFRPlaybackPerformancePlaybackPerfVP9.240p.30fps@1X-11.2.1.1]</td><td class="failed">fail</td><td class="failuredetails">java.lang.AssertionError: Failed required test</td></tr><tr><td class="testname">com.google.android.apps.yts.tvts.YtsReport#yts[VP9WidevineSFRTestsVP9WidevineSFRPlaybackPerformancePlaybackPerfVP9.720p.30fps@1.25X-11.2.10.1]</td><td class="failed">fail</td><td class="failuredetails">java.lang.AssertionError: Failed required test</td></tr><tr><td class="testname">com.google.android.apps.yts.tvts.YtsReport#yts[VP9WidevineSFRTestsVP9WidevineSFRPlaybackPerformancePlaybackPerfVP9.720p.30fps@1.5X-11.2.11.1]</td><td class="failed">fail</td><td class="failuredetails">java.lang.AssertionError: Failed required test</td></tr><tr><td class="testname">com.google.android.apps.yts.tvts.YtsReport#yts[VP9WidevineSFRTestsVP9WidevineSFRPlaybackPerformancePlaybackPerfVP9.720p.MQ.30fps@0.25X-11.2.14.1]</td><td class="failed">fail</td><td class="failuredetails">java.lang.AssertionError: Failed required test</td></tr><tr><td class="testname">com.google.android.apps.yts.tvts.YtsReport#yts[VP9WidevineSFRTestsVP9WidevineSFRPlaybackPerformancePlaybackPerfVP9.720p.MQ.30fps@0.5X-11.2.15.1]</td><td class="failed">fail</td><td class="failuredetails">java.lang.AssertionError: Failed required test</td></tr><tr><td class="testname">com.google.android.apps.yts.tvts.YtsReport#yts[VP9WidevineSFRTestsVP9WidevineSFRPlaybackPerformancePlaybackPerfVP9.720p.MQ.30fps@0.75X-11.2.16.1]</td><td class="failed">fail</td><td class="failuredetails">java.lang.AssertionError: Failed required test</td></tr><tr><td class="testname">com.google.android.apps.yts.tvts.YtsReport#yts[VP9WidevineSFRTestsVP9WidevineSFRPlaybackPerformancePlaybackPerfVP9.720p.MQ.30fps@1X-11.2.17.1]</td><td class="failed">fail</td><td class="failuredetails">java.lang.AssertionError: Failed required test</td></tr><tr><td class="testname">com.google.android.apps.yts.tvts.YtsReport#yts[VP9WidevineSFRTestsVP9WidevineSFRPlaybackPerformancePlaybackPerfVP9.720p.MQ.30fps@1.25X-11.2.18.1]</td><td class="failed">fail</td><td class="failuredetails">java.lang.AssertionError: Failed required test</td></tr><tr><td class="testname">com.google.android.apps.yts.tvts.YtsReport#yts[VP9WidevineSFRTestsVP9WidevineSFRPlaybackPerformancePlaybackPerfVP9.720p.MQ.30fps@1.5X-11.2.19.1]</td><td class="failed">fail</td><td class="failuredetails">java.lang.AssertionError: Failed required test</td></tr><tr><td class="testname">com.google.android.apps.yts.tvts.YtsReport#yts[VP9WidevineSFRTestsVP9WidevineSFRPlaybackPerformancePlaybackPerfVP9.360p.30fps@1X-11.2.2.1]</td><td class="failed">fail</td><td class="failuredetails">java.lang.AssertionError: Failed required test</td></tr><tr><td class="testname">com.google.android.apps.yts.tvts.YtsReport#yts[VP9WidevineSFRTestsVP9WidevineSFRPlaybackPerformancePlaybackPerfVP9.720p.HQ.30fps@0.25X-11.2.22.1]</td><td class="failed">fail</td><td class="failuredetails">java.lang.AssertionError: Failed required test</td></tr><tr><td class="testname">com.google.android.apps.yts.tvts.YtsReport#yts[VP9WidevineSFRTestsVP9WidevineSFRPlaybackPerformancePlaybackPerfVP9.720p.HQ.30fps@0.5X-11.2.23.1]</td><td class="failed">fail</td><td class="failuredetails">java.lang.AssertionError: Failed required test</td></tr><tr><td class="testname">com.google.android.apps.yts.tvts.YtsReport#yts[VP9WidevineSFRTestsVP9WidevineSFRPlaybackPerformancePlaybackPerfVP9.720p.HQ.30fps@0.75X-11.2.24.1]</td><td class="failed">fail</td><td class="failuredetails">java.lang.AssertionError: Failed required test</td></tr><tr><td class="testname">com.google.android.apps.yts.tvts.YtsReport#yts[VP9WidevineSFRTestsVP9WidevineSFRPlaybackPerformancePlaybackPerfVP9.720p.HQ.30fps@1X-11.2.25.1]</td><td class="failed">fail</td><td class="failuredetails">java.lang.AssertionError: Failed required test</td></tr><tr><td class="testname">com.google.android.apps.yts.tvts.YtsReport#yts[VP9WidevineSFRTestsVP9WidevineSFRPlaybackPerformancePlaybackPerfVP9.720p.HQ.30fps@1.25X-11.2.26.1]</td><td class="failed">fail</td><td class="failuredetails">java.lang.AssertionError: Failed required test</td></tr><tr><td class="testname">com.google.android.apps.yts.tvts.YtsReport#yts[VP9WidevineSFRTestsVP9WidevineSFRPlaybackPerformancePlaybackPerfVP9.720p.HQ.30fps@1.5X-11.2.27.1]</td><td class="failed">fail</td><td class="failuredetails">java.lang.AssertionError: Failed required test</td></tr><tr><td class="testname">com.google.android.apps.yts.tvts.YtsReport#yts[VP9WidevineSFRTestsVP9WidevineSFRPlaybackPerformancePlaybackPerfVP9.480p.30fps@1X-11.2.3.1]</td><td class="failed">fail</td><td class="failuredetails">java.lang.AssertionError: Failed required test</td></tr><tr><td class="testname">com.google.android.apps.yts.tvts.YtsReport#yts[VP9WidevineSFRTestsVP9WidevineSFRPlaybackPerformancePlaybackPerfVP9.480p.MQ.30fps@1X-11.2.4.1]</td><td class="failed">fail</td><td class="failuredetails">java.lang.AssertionError: Failed required test</td></tr><tr><td class="testname">com.google.android.apps.yts.tvts.YtsReport#yts[VP9WidevineSFRTestsVP9WidevineSFRPlaybackPerformancePlaybackPerfVP9.480p.HQ.30fps@1X-11.2.5.1]</td><td class="failed">fail</td><td class="failuredetails">java.lang.AssertionError: Failed required test</td></tr><tr><td class="testname">com.google.android.apps.yts.tvts.YtsReport#yts[VP9WidevineSFRTestsVP9WidevineSFRPlaybackPerformancePlaybackPerfVP9.720p.30fps@0.25X-11.2.6.1]</td><td class="failed">fail</td><td class="failuredetails">java.lang.AssertionError: Failed required test</td></tr><tr><td class="testname">com.google.android.apps.yts.tvts.YtsReport#yts[VP9WidevineSFRTestsVP9WidevineSFRPlaybackPerformancePlaybackPerfVP9.720p.30fps@0.5X-11.2.7.1]</td><td class="failed">fail</td><td class="failuredetails">java.lang.AssertionError: Failed required test</td></tr><tr><td class="testname">com.google.android.apps.yts.tvts.YtsReport#yts[VP9WidevineSFRTestsVP9WidevineSFRPlaybackPerformancePlaybackPerfVP9.720p.30fps@0.75X-11.2.8.1]</td><td class="failed">fail</td><td class="failuredetails">java.lang.AssertionError: Failed required test</td></tr><tr><td class="testname">com.google.android.apps.yts.tvts.YtsReport#yts[VP9WidevineSFRTestsVP9WidevineSFRPlaybackPerformancePlaybackPerfVP9.720p.30fps@1X-11.2.9.1]</td><td class="failed">fail</td><td class="failuredetails">java.lang.AssertionError: Failed required test</td></tr><tr><td class="testname">com.google.android.apps.yts.tvts.YtsReport#yts[EMEConformanceTestswidevinewidevineH264video-3.1.1.1]</td><td class="failed">fail</td><td class="failuredetails">java.lang.AssertionError: Failed required test</td></tr><tr><td class="testname">com.google.android.apps.yts.tvts.YtsReport#yts[EMEConformanceTestsWidevinesetServerCertificate-3.1.10.2]</td><td class="failed">fail</td><td class="failuredetails">java.lang.AssertionError: Failed required test</td></tr><tr><td class="testname">com.google.android.apps.yts.tvts.YtsReport#yts[EMEConformanceTestswidevinewidevineAACaudio-3.1.2.1]</td><td class="failed">fail</td><td class="failuredetails">java.lang.AssertionError: Failed required test</td></tr><tr><td class="testname">com.google.android.apps.yts.tvts.YtsReport#yts[EMEConformanceTestswidevinewidevineOpusaudio-3.1.3.1]</td><td class="failed">fail</td><td class="failuredetails">java.lang.AssertionError: Failed required test</td></tr><tr><td class="testname">com.google.android.apps.yts.tvts.YtsReport#yts[EMEConformanceTestswidevinewidevineVP9video-3.1.4.1]</td><td class="failed">fail</td><td class="failuredetails">java.lang.AssertionError: Failed required test</td></tr><tr><td class="testname">com.google.android.apps.yts.tvts.YtsReport#yts[EMEConformanceTestswidevinewidevineVP9Subsamplevideo-3.1.5.1]</td><td class="failed">fail</td><td class="failuredetails">java.lang.AssertionError: Failed required test</td></tr><tr><td class="testname">com.google.android.apps.yts.tvts.YtsReport#yts[EMEConformanceTestsWidevineWidevineH264MultiMediaKeySessions-3.1.6.1]</td><td class="failed">fail</td><td class="failuredetails">java.lang.AssertionError: Failed required test</td></tr><tr><td class="testname">com.google.android.apps.yts.tvts.YtsReport#yts[EMEConformanceTestsWidevineWidevineLicenseDelayH264Video-3.1.7.1]</td><td class="failed">fail</td><td class="failuredetails">java.lang.AssertionError: Failed required test</td></tr><tr><td class="testname">com.google.android.apps.yts.tvts.YtsReport#yts[EMEConformanceTestsWidevineWidevineLicenseDelayVP9Video-3.1.8.1]</td><td class="failed">fail</td><td class="failuredetails">java.lang.AssertionError: Failed required test</td></tr><tr><td class="testname">com.google.android.apps.yts.tvts.YtsReport#yts[EMEConformanceTestsEncryptionSchemeH264VideoCenc-3.5.1.1]</td><td class="failed">fail</td><td class="failuredetails">java.lang.AssertionError: Failed required test</td></tr><tr><td class="testname">com.google.android.apps.yts.tvts.YtsReport#yts[EMEConformanceTestsEncryptionSchemeAV1VideoUnsetScheme-3.5.10.1]</td><td class="failed">fail</td><td class="failuredetails">java.lang.AssertionError: Failed required test</td></tr><tr><td class="testname">com.google.android.apps.yts.tvts.YtsReport#yts[EMEConformanceTestsEncryptionSchemeAACAudioCenc-3.5.12.1]</td><td class="failed">fail</td><td class="failuredetails">java.lang.AssertionError: Failed required test</td></tr><tr><td class="testname">com.google.android.apps.yts.tvts.YtsReport#yts[EMEConformanceTestsEncryptionSchemeAACAudioUnsetScheme-3.5.13.1]</td><td class="failed">fail</td><td class="failuredetails">java.lang.AssertionError: Failed required test</td></tr><tr><td class="testname">com.google.android.apps.yts.tvts.YtsReport#yts[EMEConformanceTestsEncryptionSchemeAACAudioCbcs-3.5.14.1]</td><td class="failed">fail</td><td class="failuredetails">java.lang.AssertionError: Failed required test</td></tr><tr><td class="testname">com.google.android.apps.yts.tvts.YtsReport#yts[EMEConformanceTestsEncryptionSchemeOpusAudioCenc-3.5.16.1]</td><td class="failed">fail</td><td class="failuredetails">java.lang.AssertionError: Failed required test</td></tr><tr><td class="testname">com.google.android.apps.yts.tvts.YtsReport#yts[EMEConformanceTestsEncryptionSchemeOpusAudioUnsetScheme-3.5.17.1]</td><td class="failed">fail</td><td class="failuredetails">java.lang.AssertionError: Failed required test</td></tr><tr><td class="testname">com.google.android.apps.yts.tvts.YtsReport#yts[EMEConformanceTestsEncryptionSchemeAC3AudioCbcs-3.5.18.1]</td><td class="failed">fail</td><td class="failuredetails">java.lang.AssertionError: Failed required test</td></tr><tr><td class="testname">com.google.android.apps.yts.tvts.YtsReport#yts[EMEConformanceTestsEncryptionSchemeH264VideoUnsetScheme-3.5.2.1]</td><td class="failed">fail</td><td class="failuredetails">java.lang.AssertionError: Failed required test</td></tr><tr><td class="testname">com.google.android.apps.yts.tvts.YtsReport#yts[EMEConformanceTestsEncryptionSchemeH264VideoCencAACAudioCenc-3.5.20.1]</td><td class="failed">fail</td><td class="failuredetails">java.lang.AssertionError: Failed required test</td></tr><tr><td class="testname">com.google.android.apps.yts.tvts.YtsReport#yts[EMEConformanceTestsEncryptionSchemeVP9VideoCencOpusAudioCenc-3.5.21.1]</td><td class="failed">fail</td><td class="failuredetails">java.lang.AssertionError: Failed required test</td></tr><tr><td class="testname">com.google.android.apps.yts.tvts.YtsReport#yts[EMEConformanceTestsEncryptionSchemeVP9VideoCbcsAACAudioCbcs-3.5.22.1]</td><td class="failed">fail</td><td class="failuredetails">java.lang.AssertionError: Failed required test</td></tr><tr><td class="testname">com.google.android.apps.yts.tvts.YtsReport#yts[EMEConformanceTestsEncryptionSchemeAV1VideoCbcsAACAudioCbcs-3.5.23.1]</td><td class="failed">fail</td><td class="failuredetails">java.lang.AssertionError: Failed required test</td></tr><tr><td class="testname">com.google.android.apps.yts.tvts.YtsReport#yts[EMEConformanceTestsEncryptionSchemeAV1VideoCbcsAACAudioCenc-3.5.24.1]</td><td class="failed">fail</td><td class="failuredetails">java.lang.AssertionError: Failed required test</td></tr><tr><td class="testname">com.google.android.apps.yts.tvts.YtsReport#yts[EMEConformanceTestsEncryptionSchemeEAC3AudioCbcs-3.5.3.1]</td><td class="failed">fail</td><td class="failuredetails">java.lang.AssertionError: Failed required test</td></tr><tr><td class="testname">com.google.android.apps.yts.tvts.YtsReport#yts[EMEConformanceTestsEncryptionSchemeVP9VideoCenc-3.5.5.1]</td><td class="failed">fail</td><td class="failuredetails">java.lang.AssertionError: Failed required test</td></tr><tr><td class="testname">com.google.android.apps.yts.tvts.YtsReport#yts[EMEConformanceTestsEncryptionSchemeVP9VideoUnsetScheme-3.5.6.1]</td><td class="failed">fail</td><td class="failuredetails">java.lang.AssertionError: Failed required test</td></tr><tr><td class="testname">com.google.android.apps.yts.tvts.YtsReport#yts[EMEConformanceTestsEncryptionSchemeVP9VideoCbcs-3.5.7.1]</td><td class="failed">fail</td><td class="failuredetails">java.lang.AssertionError: Failed required test</td></tr><tr><td class="testname">com.google.android.apps.yts.tvts.YtsReport#yts[EMEConformanceTestsEncryptionSchemeAV1VideoCbcs-3.5.9.1]</td><td class="failed">fail</td><td class="failuredetails">java.lang.AssertionError: Failed required test</td></tr><tr><td class="testname">com.google.android.apps.yts.tvts.YtsReport#yts[EMEConformanceTestsWidevineAV1WidevineAV1.8bit.BT709.144p.30fps-3.6.1.1]</td><td class="failed">fail</td><td class="failuredetails">java.lang.AssertionError: Failed required test</td></tr><tr><td class="testname">com.google.android.apps.yts.tvts.YtsReport#yts[EMEConformanceTestsWidevineAV1WidevineAV1.8bit.BT709.1440p.60fps-3.6.10.1]</td><td class="failed">fail</td><td class="failuredetails">java.lang.AssertionError: Failed required test</td></tr><tr><td class="testname">com.google.android.apps.yts.tvts.YtsReport#yts[EMEConformanceTestsWidevineAV1WidevineAV1.8bit.BT709.2160p.30fps(required)-3.6.11.2]</td><td class="failed">fail</td><td class="failuredetails">java.lang.AssertionError: Failed required test</td></tr><tr><td class="testname">com.google.android.apps.yts.tvts.YtsReport#yts[EMEConformanceTestsWidevineAV1WidevineAV1.8bit.BT709.2160p.60fps(required)-3.6.12.2]</td><td class="failed">fail</td><td class="failuredetails">java.lang.AssertionError: Failed required test</td></tr><tr><td class="testname">com.google.android.apps.yts.tvts.YtsReport#yts[EMEConformanceTestsWidevineAV1WidevineAV1.8bit.BT709.240p.30fps-3.6.2.1]</td><td class="failed">fail</td><td class="failuredetails">java.lang.AssertionError: Failed required test</td></tr><tr><td class="testname">com.google.android.apps.yts.tvts.YtsReport#yts[EMEConformanceTestsWidevineAV1WidevineAV1.8bit.BT709.360p.30fps-3.6.3.1]</td><td class="failed">fail</td><td class="failuredetails">java.lang.AssertionError: Failed required test</td></tr><tr><td class="testname">com.google.android.apps.yts.tvts.YtsReport#yts[EMEConformanceTestsWidevineAV1WidevineAV1.8bit.BT709.480p.30fps-3.6.4.1]</td><td class="failed">fail</td><td class="failuredetails">java.lang.AssertionError: Failed required test</td></tr><tr><td class="testname">com.google.android.apps.yts.tvts.YtsReport#yts[EMEConformanceTestsWidevineAV1WidevineAV1.8bit.BT709.720p.30fps-3.6.5.1]</td><td class="failed">fail</td><td class="failuredetails">java.lang.AssertionError: Failed required test</td></tr><tr><td class="testname">com.google.android.apps.yts.tvts.YtsReport#yts[EMEConformanceTestsWidevineAV1WidevineAV1.8bit.BT709.720p.60fps-3.6.6.1]</td><td class="failed">fail</td><td class="failuredetails">java.lang.AssertionError: Failed required test</td></tr><tr><td class="testname">com.google.android.apps.yts.tvts.YtsReport#yts[EMEConformanceTestsWidevineAV1WidevineAV1.8bit.BT709.1080p.30fps-3.6.7.1]</td><td class="failed">fail</td><td class="failuredetails">java.lang.AssertionError: Failed required test</td></tr><tr><td class="testname">com.google.android.apps.yts.tvts.YtsReport#yts[EMEConformanceTestsWidevineAV1WidevineAV1.8bit.BT709.1080p.60fps-3.6.8.1]</td><td class="failed">fail</td><td class="failuredetails">java.lang.AssertionError: Failed required test</td></tr><tr><td class="testname">com.google.android.apps.yts.tvts.YtsReport#yts[EMEConformanceTestsWidevineAV1WidevineAV1.8bit.BT709.1440p.30fps-3.6.9.1]</td><td class="failed">fail</td><td class="failuredetails">java.lang.AssertionError: Failed required test</td></tr><tr><td class="testname">com.google.android.apps.yts.tvts.YtsReport#yts[EMEConformanceTestsWidevineAV1WidevineAV1.10bit.HLG.144p.30fps-3.7.1.1]</td><td class="failed">fail</td><td class="failuredetails">java.lang.AssertionError: Failed required test</td></tr><tr><td class="testname">com.google.android.apps.yts.tvts.YtsReport#yts[EMEConformanceTestsWidevineAV1WidevineAV1.10bit.HLG.1440p.60fps-3.7.10.1]</td><td class="failed">fail</td><td class="failuredetails">java.lang.AssertionError: Failed required test</td></tr><tr><td class="testname">com.google.android.apps.yts.tvts.YtsReport#yts[EMEConformanceTestsWidevineAV1WidevineAV1.10bit.HLG.2160p.24fps(required)-3.7.11.2]</td><td class="failed">fail</td><td class="failuredetails">java.lang.AssertionError: Failed required test</td></tr><tr><td class="testname">com.google.android.apps.yts.tvts.YtsReport#yts[EMEConformanceTestsWidevineAV1WidevineAV1.10bit.HLG.2160p.60fps(required)-3.7.12.2]</td><td class="failed">fail</td><td class="failuredetails">java.lang.AssertionError: Failed required test</td></tr><tr><td class="testname">com.google.android.apps.yts.tvts.YtsReport#yts[EMEConformanceTestsWidevineAV1WidevineAV1.10bit.HLG.240p.30fps-3.7.2.1]</td><td class="failed">fail</td><td class="failuredetails">java.lang.AssertionError: Failed required test</td></tr><tr><td class="testname">com.google.android.apps.yts.tvts.YtsReport#yts[EMEConformanceTestsWidevineAV1WidevineAV1.10bit.HLG.360p.30fps-3.7.3.1]</td><td class="failed">fail</td><td class="failuredetails">java.lang.AssertionError: Failed required test</td></tr><tr><td class="testname">com.google.android.apps.yts.tvts.YtsReport#yts[EMEConformanceTestsWidevineAV1WidevineAV1.10bit.HLG.480p.30fps-3.7.4.1]</td><td class="failed">fail</td><td class="failuredetails">java.lang.AssertionError: Failed required test</td></tr><tr><td class="testname">com.google.android.apps.yts.tvts.YtsReport#yts[EMEConformanceTestsWidevineAV1WidevineAV1.10bit.HLG.720p.24fps-3.7.5.1]</td><td class="failed">fail</td><td class="failuredetails">java.lang.AssertionError: Failed required test</td></tr><tr><td class="testname">com.google.android.apps.yts.tvts.YtsReport#yts[EMEConformanceTestsWidevineAV1WidevineAV1.10bit.HLG.720p.60fps-3.7.6.1]</td><td class="failed">fail</td><td class="failuredetails">java.lang.AssertionError: Failed required test</td></tr><tr><td class="testname">com.google.android.apps.yts.tvts.YtsReport#yts[EMEConformanceTestsWidevineAV1WidevineAV1.10bit.HLG.1080p.24fps-3.7.7.1]</td><td class="failed">fail</td><td class="failuredetails">java.lang.AssertionError: Failed required test</td></tr><tr><td class="testname">com.google.android.apps.yts.tvts.YtsReport#yts[EMEConformanceTestsWidevineAV1WidevineAV1.10bit.HLG.1080p.60fps-3.7.8.1]</td><td class="failed">fail</td><td class="failuredetails">java.lang.AssertionError: Failed required test</td></tr><tr><td class="testname">com.google.android.apps.yts.tvts.YtsReport#yts[EMEConformanceTestsWidevineAV1WidevineAV1.10bit.HLG.1440p.24fps-3.7.9.1]</td><td class="failed">fail</td><td class="failuredetails">java.lang.AssertionError: Failed required test</td></tr><tr><td class="testname">com.google.android.apps.yts.tvts.YtsReport#yts[EMEConformanceTestsWidevineAV1WidevineAV1.10bit.PQ.144p.30fps-3.8.1.1]</td><td class="failed">fail</td><td class="failuredetails">java.lang.AssertionError: Failed required test</td></tr><tr><td class="testname">com.google.android.apps.yts.tvts.YtsReport#yts[EMEConformanceTestsWidevineAV1WidevineAV1.10bit.PQ.1440p.60fps-3.8.10.1]</td><td class="failed">fail</td><td class="failuredetails">java.lang.AssertionError: Failed required test</td></tr><tr><td class="testname">com.google.android.apps.yts.tvts.YtsReport#yts[EMEConformanceTestsWidevineAV1WidevineAV1.10bit.PQ.2160p.24fps(required)-3.8.11.2]</td><td class="failed">fail</td><td class="failuredetails">java.lang.AssertionError: Failed required test</td></tr><tr><td class="testname">com.google.android.apps.yts.tvts.YtsReport#yts[EMEConformanceTestsWidevineAV1WidevineAV1.10bit.PQ.2160p.60fps(required)-3.8.12.2]</td><td class="failed">fail</td><td class="failuredetails">java.lang.AssertionError: Failed required test</td></tr><tr><td class="testname">com.google.android.apps.yts.tvts.YtsReport#yts[EMEConformanceTestsWidevineAV1WidevineAV1.10bit.PQ.240p.30fps-3.8.2.1]</td><td class="failed">fail</td><td class="failuredetails">java.lang.AssertionError: Failed required test</td></tr><tr><td class="testname">com.google.android.apps.yts.tvts.YtsReport#yts[EMEConformanceTestsWidevineAV1WidevineAV1.10bit.PQ.360p.30fps-3.8.3.1]</td><td class="failed">fail</td><td class="failuredetails">java.lang.AssertionError: Failed required test</td></tr><tr><td class="testname">com.google.android.apps.yts.tvts.YtsReport#yts[EMEConformanceTestsWidevineAV1WidevineAV1.10bit.PQ.480p.30fps-3.8.4.1]</td><td class="failed">fail</td><td class="failuredetails">java.lang.AssertionError: Failed required test</td></tr><tr><td class="testname">com.google.android.apps.yts.tvts.YtsReport#yts[EMEConformanceTestsWidevineAV1WidevineAV1.10bit.PQ.720p.24fps-3.8.5.1]</td><td class="failed">fail</td><td class="failuredetails">java.lang.AssertionError: Failed required test</td></tr><tr><td class="testname">com.google.android.apps.yts.tvts.YtsReport#yts[EMEConformanceTestsWidevineAV1WidevineAV1.10bit.PQ.720p.60fps-3.8.6.1]</td><td class="failed">fail</td><td class="failuredetails">java.lang.AssertionError: Failed required test</td></tr><tr><td class="testname">com.google.android.apps.yts.tvts.YtsReport#yts[EMEConformanceTestsWidevineAV1WidevineAV1.10bit.PQ.1080p.24fps-3.8.7.1]</td><td class="failed">fail</td><td class="failuredetails">java.lang.AssertionError: Failed required test</td></tr><tr><td class="testname">com.google.android.apps.yts.tvts.YtsReport#yts[EMEConformanceTestsWidevineAV1WidevineAV1.10bit.PQ.1080p.60fps-3.8.8.1]</td><td class="failed">fail</td><td class="failuredetails">java.lang.AssertionError: Failed required test</td></tr><tr><td class="testname">com.google.android.apps.yts.tvts.YtsReport#yts[EMEConformanceTestsWidevineAV1WidevineAV1.10bit.PQ.1440p.24fps-3.8.9.1]</td><td class="failed">fail</td><td class="failuredetails">java.lang.AssertionError: Failed required test</td></tr><tr><td class="testname">com.google.android.apps.yts.tvts.YtsReport#yts[H264SFRTestsH264SFRPlaybackPerformancePlaybackPerfH264.720p.30fps@1.5X-8.2.10.1]</td><td class="failed">fail</td><td class="failuredetails">java.lang.AssertionError: Failed required test</td></tr><tr><td class="testname">com.google.android.apps.yts.tvts.YtsReport#yts[H264SFRTestsH264SFRPlaybackPerformancePlaybackPerfH264.720p.30fps@1.25X-8.2.9.1]</td><td class="failed">fail</td><td class="failuredetails">java.lang.AssertionError: Failed required test</td></tr><tr><td class="testname">com.google.android.apps.yts.tvts.TvtsYouTubeTS#testYTS</td><td class="failed">fail</td><td class="failuredetails">java.lang.AssertionError: 89 YouTube tests failed. Details :</td></tr></table>
</div>
<div class='col'>
<h2>Realtek/flame_amati_34/flame_amati_34:14/UKRC.251124.001/667:user/release-keys</h2>
<div class='filepath'><a href='http://10.22.193.246/AATS_XTS_REPORTS/2875P_ANR14/DB2302/20251130_667/tv_ts/2025.12.05_12.19.30/test_result_failures_suite.html'>http://10.22.193.246/AATS_XTS_REPORTS/2875P_ANR14/DB2302/20251130_667/tv_ts/2025.12.05_12.19.30/test_result_failures_suite.html</a></div>
<br><div class='horizontal-divider'><span>TVTS / tvts-maint-cert</span></div><div class='summary-wrapper'><div class='left-summary'><div class='cts-diff'>v672 Vs v667 Diff</div><div class='degrade-modules' style='margin-top:0.5em;'><span class='suspicious-label'>Same modules:</span><br>TvtsEnergyModesTestCases<br>TvtsSmokeTestCases<br>TvtsYouTubeTS</div><div class='degrade-modules'><span class='suspicious-label'>Suspicious modules:</span><br>TvtsEnergyModesTestCases<br>TvtsSmokeTestCases<br>TvtsYouTubeTS</div></div><div class='right-summary' style='margin-left:auto;'><table class='summary'><tr><th class="summary-header">Summary</th><th class="summary-header"></th></tr><tr><td class="summary-data">Suite / Plan</td><td class="summary-data">TVTS / tvts-maint-cert</td></tr><tr><td class="summary-data">Suite / Build</td><td class="summary-data">2.15_r1 / 14007899</td></tr><tr><td class="summary-data">Host Info</td><td class="summary-data">Result/@start  rtksa2  (Linux - 6.2.0-39-generic)</td></tr><tr><td class="summary-data">Start time / End Time</td><td class="summary-data">Fri Dec 05 12:19:30 CST 2025 /  Fri Dec 05 13:01:22 CST 2025</td></tr><tr><td class="summary-data">Tests Passed</td><td class="summary-data">939</td></tr><tr><td class="summary-data">Tests Failed</td><td class="summary-data">6</td></tr><tr><td class="summary-data">Modules Done</td><td class="summary-data">36</td></tr><tr><td class="summary-data">Modules Total</td><td class="summary-data">36</td></tr><tr><td class="summary-data">Fingerprint</td><td class="summary-data">Realtek/flame_amati_34/flame_amati_34:14/UKRC.251124.001/667:user/release-keys</td></tr><tr><td class="summary-data">Security Patch</td><td class="summary-data">2025-12-01</td></tr><tr><td class="summary-data">Release (SDK)</td><td class="summary-data">14 (34)</td></tr><tr><td class="summary-data">ABIs</td><td class="summary-data">armeabi-v7a,armeabi</td></tr></table></div></div>
<table class='testdetails'><tr><th colspan="3" class="module" style="text-align:left;">armeabi-v7a TvtsEnergyModesTestCases</th></tr><tr><th>Test</th><th>Result</th><th>Details</th></tr><tr><td class="testname">com.google.android.energymodes.tvts.EnergymodesTest#testEnergyModeAPKFeatures</td><td class="failed">fail</td><td class="failuredetails">expected: com.android.lowpowerstandby.HARDWARE_HOTWORD_DETECTION</td></tr></table>
<table class='testdetails'><tr><th colspan="3" class="module" style="text-align:left;">armeabi-v7a TvtsJankHostTestCases</th></tr><tr><th>Test</th><th>Result</th><th>Details</th></tr><tr><td class="testname">com.google.android.jank.tvts.TvtsJankHostTest#testVerticalScrollLowResolution</td><td class="failed">fail</td><td class="failuredetails">java.lang.AssertionError:</td></tr></table>
<table class='testdetails'><tr><th colspan="3" class="module" style="text-align:left;">armeabi-v7a TvtsSmokeTestCases</th></tr><tr><th>Test</th><th>Result</th><th>Details</th></tr><tr><td class="testname">com.google.android.smoketests.tvts.TvtsSmokeTest#testSmoke[smoke-json-file-exists]</td><td class="failed">fail</td><td class="failuredetails">java.lang.AssertionError: smoke-json-file-exists</td></tr></table>
<table class='testdetails'><tr><th colspan="3" class="module" style="text-align:left;">armeabi-v7a TvtsYouTubeTS</th></tr><tr><th>Test</th><th>Result</th><th>Details</th></tr><tr><td class="testname">com.google.android.apps.yts.tvts.YtsReport#yts[FormatSupportTestsMediaAC35.1-20.6.5.1]</td><td class="failed">fail</td><td class="failuredetails">java.lang.AssertionError: Failed required test</td></tr><tr><td class="testname">com.google.android.apps.yts.tvts.YtsReport#yts[EMEConformanceTestsEncryptionSchemeAC3AudioCbcs-3.5.18.1]</td><td class="failed">fail</td><td class="failuredetails">java.lang.AssertionError: Failed required test</td></tr><tr><td class="testname">com.google.android.apps.yts.tvts.TvtsYouTubeTS#testYTS</td><td class="failed">fail</td><td class="failuredetails">java.lang.AssertionError: 2 YouTube tests failed. Details :</td></tr></table>
</div>
</div></body></html>